Request:
----------
{
	"context": {
		"transaction_id": "b5b364a6-7bf7-4a02-90fe-000a92cc2aa0",
		"country": "IND",
		"bpp_id": "uat.grab.in",
		"city": "std:080",
		"message_id": "98d09c2c-802e-4858-bf75-986698a03ef3",
		"core_version": "1.0.0",
		"ttl": "PT30S",
		"bap_id": "stagingapigateway.bizom.in/ondc",
		"domain": "nic2004:60232",
		"bpp_uri": "https://uat.grab.in/beckn/bpp/",
		"action": "status",
		"bap_uri": "https://stagingapigateway.bizom.in/ondc",
		"timestamp": "2022-08-30T10:05:00.177Z"
	},
	"message": {
		"order_id": "ooAK1qcPN8w28+JFWUijSvCLjvZExlSJob1LwmtEYRQ="
	}
}


Response:
----------
{
	"context": {
		"transaction_id": "b5b364a6-7bf7-4a02-90fe-000a92cc2aa0",
		"bpp_id": "uat.grab.in",
		"country": "IND",
		"city": "std:080",
		"message_id": "8fc5008a-dc6c-43e0-98d5-2133b307c4c0",
		"ttl": "PT30S",
		"core_version": "1.0.0",
		"bap_id": "stagingapigateway.bizom.in/ondc",
		"domain": "nic2004:60232",
		"bpp_uri": "https://uat.grab.in/beckn/bpp/",
		"action": "on_status",
		"bap_uri": "https://stagingapigateway.bizom.in/ondc",
		"timestamp": "2022-08-30T10:19:27.000Z"
	},
	"message": {
		"order": {
			"fulfillments": [
				{
					"start": {
						"instructions": {
							"short_desc": "Pickup is ready to be shipped",
							"long_desc": "Pickup is ready to be shipped"
						},
						"person": {
							"name": "Ram"
						},
						"contact": {
							"phone": "8888888888",
							"email": "dumy@gmail.com"
						},
						"location": {
							"address": {
								"door": "509",
								"city": "Bengaluru",
								"street": "6th Cross Road",
								"area_code": "560038",
								"name": "NSTL Chilis",
								"locality": "kormangala",
								"state": "Karnataka"
							},
							"gps": "12.9369208,77.6249452"
						}
					},
					"end": {
						"person": {
							"name": "Samarth"
						},
						"contact": {
							"phone": "9234567898",
							"email": "samarth@gmail.com"
						},
						"location": {
							"address": {
								"door": "city",
								"city": " Bhavnagar",
								"street": " Bhavnagar",
								"area_code": "560038",
								"state": " Gujarat",
								"building": " city"
							},
							"gps": "12.981401,77.640981"
						},
						"instructions": {
							"images": [
								""
							]
						}
					},
					"id": "b5b364a6-7bf7-4a02-90fe-000a92cc2aa0",
					"type": "Prepaid",
					"tracking": true,
					"tags": {
						"@ondc/org/order_ready_to_ship": "Yes"
					},
					"state": {
						"descriptor": {
							"code": "Order delivered"
						}
					},
					"agent": {
						"name": "Kajal Test",
						"gender": "Male",
						"phone": "9373586373"
					}
				}
			],
			"provider": {
				"id": "grab-logistics"
			},
			"payment": {
				"@ondc/org/collection_amount": "0"
			},
			"@ondc/org/linked_order": {
				"provider": {
					"address": {
						"door": "509",
						"city": "Bengaluru",
						"street": "6th Cross Road",
						"area_code": "560038",
						"name": "NSTL Chilis",
						"locality": "kormangala",
						"state": "Karnataka"
					},
					"descriptor": {
						"images": [
							"https://617778.smushcdn.com/2413992/wp-content/uploads/2021/07/Bizom_logo_Blue-1060879244-1635316195620.png?lossy=1strip=1webp=1"
						],
						"name": "GCPL"
					}
				},
				"items": [
					{
						"quantity": {
							"measure": {
								"unit": "Kilogram",
								"value": 0.34425
							},
							"count": 1
						},
						"category_id": "Grocery",
						"price": {
							"currency": "INR",
							"value": 204
						},
						"descriptor": {
							"name": "LuvIt ChocoPops Pack of 1 - 7.65gx45"
						}
					}
				],
				"order": {
					"weight": {
						"unit": "Kilogram",
						"value": "0.34424999356269836"
					},
					"id": "5f556ee8-4460-47da-92ea-f4b219188db3"
				}
			},
			"id": "ooAK1qcPN8w28+JFWUijSvCLjvZExlSJob1LwmtEYRQ=",
			"items": [
				{
					"category_id": "Same Day Delivery",
					"id": "same-day-delivery"
				}
			],
			"billing": {
				"tax_number": "29AAACU1901DUMMY"
			},
			"state": "Delivered"
		}
	}
}