Request:
----------
{
	"context": {
		"transaction_id": "b5b364a6-7bf7-4a02-90fe-000a92cc2aa0",
		"country": "IND",
		"bpp_id": "uat.grab.in",
		"city": "std:080",
		"message_id": "9d31c329-3f90-46f4-a5d1-b84b700ae107",
		"core_version": "1.0.0",
		"ttl": "PT30S",
		"bap_id": "stagingapigateway.bizom.in/ondc",
		"domain": "nic2004:60232",
		"bpp_uri": "https://uat.grab.in/beckn/bpp/",
		"action": "track",
		"bap_uri": "https://stagingapigateway.bizom.in/ondc",
		"timestamp": "2022-08-30T10:03:04.894Z"
	},
	"message": {
		"order_id": "ooAK1qcPN8w28+JFWUijSvCLjvZExlSJob1LwmtEYRQ="
	}
}


Response:
----------
{
	"context": {
		"transaction_id": "b5b364a6-7bf7-4a02-90fe-000a92cc2aa0",
		"country": "IND",
		"bpp_id": "uat.grab.in",
		"city": "std:080",
		"message_id": "9d31c329-3f90-46f4-a5d1-b84b700ae107",
		"core_version": "1.0.0",
		"ttl": "PT30S",
		"bap_id": "stagingapigateway.bizom.in/ondc",
		"domain": "nic2004:60232",
		"bpp_uri": "https://uat.grab.in/beckn/bpp/",
		"action": "on_track",
		"bap_uri": "https://stagingapigateway.bizom.in/ondc",
		"timestamp": "2022-08-30T10:03:05.000Z"
	},
	"message": {
		"tracking": {
			"url": "https://t.grab.in/?6Rnriz",
			"status": "Active"
		}
	}
}