Request:
----------
{
   "context":{
      "transaction_id":"daf49706-518a-4820-bce8-b139a9d8d92c",
      "bpp_id":"uat.grab.in",
      "country":"IND",
      "city":"std:080",
      "message_id":"165928b3-da8e-43d5-a5a7-2fc9bc7126dd",
      "ttl":"PT30S",
      "core_version":"1.0.0",
      "bap_id":"stagingapigateway.bizom.in/ondc",
      "domain":"nic2004:60232",
      "bpp_uri":"https://uat.grab.in/beckn/bpp/",
      "action":"init",
      "bap_uri":"https://stagingapigateway.bizom.in/ondc",
      "timestamp":"2022-09-14T10:08:19.427Z"
   },
   "message":{
      "order":{
         "fulfillments":[
            {
               "start":{
                  "contact":{
                     "phone":"8888888888",
                     "email":"dumy@gmail.com"
                  },
                  "location":{
                     "address":{
                        "door":"509",
                        "city":"Bengaluru",
                        "street":"6th Cross Road",
                        "area_code":"560038",
                        "name":"NSTL Chilis",
                        "locality":"kormangala",
                        "state":"Karnataka"
                     },
                     "gps":"12.9369208,77.6249452"
                  }
               },
               "end":{
                  "contact":{
                     "phone":"9898141644",
                     "email":"samarth@gmail.com"
                  },
                  "location":{
                     "address":{
                        "country":"IN",
                        "door":"",
                        "city":"Bangalore",
                        "area_code":"560037",
                        "locality":"",
                        "name":"74/A Bangalroe",
                        "state":"KARNATAKA"
                     },
                     "gps":"12.9698066,77.7499632"
                  }
               },
               "id":"daf49706-518a-4820-bce8-b139a9d8d92c",
               "type":"Prepaid",
               "tracking":true
            }
         ],
         "provider":{
            "id":"grab-logistics"
         },
         "payment":{
            "type":"ON-ORDER"
         },
         "items":[
            {
               "category_id":"Same Day Delivery",
               "id":"same-day-delivery"
            }
         ],
         "billing":{
            "address":{
               "country":"IN",
               "door":"74/A Bangalroe",
               "city":"Bangalore",
               "area_code":"560037",
               "locality":"74/A Bangalroe",
               "name":"74/A Bangalroe",
               "state":"KARNATAKA"
            },
            "updated_at":"2022-09-14T15:38:17",
            "phone":"9898141644",
            "name":"SamrthPatel",
            "created_at":"2022-09-14T15:38:17",
            "email":"samarth@gmail.com"
         }
      }
   }
}


Response:
----------
{
   "context":{
      "transaction_id":"daf49706-518a-4820-bce8-b139a9d8d92c",
      "bpp_id":"uat.grab.in",
      "country":"IND",
      "city":"std:080",
      "message_id":"165928b3-da8e-43d5-a5a7-2fc9bc7126dd",
      "ttl":"PT30S",
      "core_version":"1.0.0",
      "bap_id":"stagingapigateway.bizom.in/ondc",
      "domain":"nic2004:60232",
      "bpp_uri":"https://uat.grab.in/beckn/bpp/",
      "action":"on_init",
      "bap_uri":"https://stagingapigateway.bizom.in/ondc",
      "timestamp":"2022-09-14T10:08:20.000Z"
   },
   "message":{
      "order":{
         "fulfillments":[
            {
               "start":{
                  "contact":{
                     "phone":"8888888888",
                     "email":"dumy@gmail.com"
                  },
                  "location":{
                     "address":{
                        "door":"509",
                        "city":"Bengaluru",
                        "street":"6th Cross Road",
                        "area_code":"560038",
                        "name":"NSTL Chilis",
                        "locality":"kormangala",
                        "state":"Karnataka"
                     },
                     "gps":"12.9369208,77.6249452"
                  }
               },
               "end":{
                  "contact":{
                     "phone":"9898141644",
                     "email":"samarth@gmail.com"
                  },
                  "location":{
                     "address":{
                        "country":"IN",
                        "door":"",
                        "city":"Bangalore",
                        "area_code":"560037",
                        "locality":"",
                        "name":"74/A Bangalroe",
                        "state":"KARNATAKA"
                     },
                     "gps":"12.9698066,77.7499632"
                  }
               },
               "id":"daf49706-518a-4820-bce8-b139a9d8d92c",
               "type":"Prepaid",
               "tracking":true
            }
         ],
         "provider":{
            "id":"grab-logistics"
         },
         "payment":{
            "type":"ON-ORDER"
         },
         "items":[
            {
               "category_id":"Same Day Delivery",
               "id":"same-day-delivery"
            }
         ],
         "billing":{
            "address":{
               "country":"IN",
               "door":"74/A Bangalroe",
               "city":"Bangalore",
               "area_code":"560037",
               "locality":"74/A Bangalroe",
               "name":"74/A Bangalroe",
               "state":"KARNATAKA"
            },
            "updated_at":"2022-09-14T15:38:17",
            "phone":"9898141644",
            "name":"SamrthPatel",
            "created_at":"2022-09-14T15:38:17",
            "email":"samarth@gmail.com"
         },
         "quote":{
            "price":{
               "currency":"INR",
               "value":"80.0"
            },
            "breakup":[
               {
                  "@ondc/org/item_id":"same-day-delivery",
                  "@ondc/org/title_type":"Delivery Charge",
                  "price":{
                     "currency":"INR",
                     "value":"60.0"
                  }
               },
               {
                  "title":"RTO charges",
                  "@ondc/org/title_type":"RTO Charge",
                  "price":{
                     "currency":"INR",
                     "value":"20.0"
                  }
               }
            ]
         }
      }
   }
}