Request:
----------
{
   "context":{
      "transaction_id":"daf49706-518a-4820-bce8-b139a9d8d92c",
      "country":"IND",
      "city":"std:080",
      "message_id":"49abf584-d5ea-495f-b9be-11e003f9f8a6",
      "core_version":"1.0.0",
      "ttl":"PT30S",
      "bap_id":"stagingapigateway.bizom.in/ondc",
      "domain":"nic2004:60232",
      "action":"search",
      "bap_uri":"https://stagingapigateway.bizom.in/ondc",
      "timestamp":"2022-09-14T10:07:46.181Z"
   },
   "message":{
      "intent":{
         "payment":{
            "@ondc/org/collection_amount":"0"
         },
         "fulfillment":{
            "start":{
               "location":{
                  "gps":"12.9369208,77.6249452",
                  "address":{
                     "area_code":"560038"
                  }
               }
            },
            "end":{
               "location":{
                  "address":{
                     "area_code":"560038"
                  },
                  "gps":"12.9698066,77.7499632"
               }
            },
            "type":"Prepaid"
         },
         "category":{
            "id":"Same Day Delivery"
         },
         "@ondc/org/payload_details":{
            "weight":{
               "value":0.34425,
               "unit":"Kilogram"
            },
            "category":"Packaged Foods",
            "value":{
               "value":"204.97",
               "currency":"INR"
            }
         }
      }
   }
}


Response:
----------
{
   "context":{
      "transaction_id":"daf49706-518a-4820-bce8-b139a9d8d92c",
      "country":"IND",
      "city":"std:080",
      "message_id":"49abf584-d5ea-495f-b9be-11e003f9f8a6",
      "core_version":"1.0.0",
      "ttl":"PT30S",
      "bap_id":"stagingapigateway.bizom.in/ondc",
      "domain":"nic2004:60232",
      "action":"on_search",
      "bap_uri":"https://stagingapigateway.bizom.in/ondc",
      "timestamp":"2022-09-14T10:07:47.000Z",
      "bpp_id":"uat.grab.in",
      "bpp_uri":"https://uat.grab.in/beckn/bpp/"
   },
   "message":{
      "catalog":{
         "bpp/descriptor":{
            "name":"Grab Logistics"
         },
         "bpp/providers":[
            {
               "id":"grab-logistics",
               "descriptor":{
                  "name":"Grab Logistics",
                  "short_desc":"Grab Logistics",
                  "long_desc":"Grab Logistics"
               },
               "items":[
                  {
                     "id":"same-day-delivery",
                     "category_id":"Same Day Delivery",
                     "descriptor":{
                        "name":"Same Day Delivery",
                        "short_desc":"Same Day Delivery",
                        "long_desc":"Same Day Delivery"
                     },
                     "price":{
                        "currency":"INR",
                        "value":"80.0"
                     }
                  }
               ],
               "categories":[
                  {
                     "id":"Same Day Delivery",
                     "time":{
                        "duration":"PT45M"
                     }
                  }
               ]
            }
         ]
      }
   }
}