Request:
----------
{
   "context":{
      "transaction_id":"daf49706-518a-4820-bce8-b139a9d8d92c",
      "country":"IND",
      "bpp_id":"uat.grab.in",
      "city":"std:080",
      "message_id":"753efb82-3379-4b95-93f1-874e0dcd3560",
      "core_version":"1.0.0",
      "ttl":"PT30S",
      "bap_id":"stagingapigateway.bizom.in/ondc",
      "domain":"nic2004:60232",
      "bpp_uri":"https://uat.grab.in/beckn/bpp/",
      "action":"status",
      "bap_uri":"https://stagingapigateway.bizom.in/ondc",
      "timestamp":"2022-09-14T10:17:48.328Z"
   },
   "message":{
      "order_id":"Q/i7NjHGWFotXvJZ+0P5pxChBiItYGPfLnc/q+fuLZ8="
   }
}


Response:
----------
{
   "context":{
      "transaction_id":"daf49706-518a-4820-bce8-b139a9d8d92c",
      "bpp_id":"uat.grab.in",
      "country":"IND",
      "city":"std:080",
      "message_id":"9feaff6d-5949-4359-a468-1bae7950151e",
      "ttl":"PT30S",
      "core_version":"1.0.0",
      "bap_id":"stagingapigateway.bizom.in/ondc",
      "domain":"nic2004:60232",
      "bpp_uri":"https://uat.grab.in/beckn/bpp/",
      "action":"on_status",
      "bap_uri":"https://stagingapigateway.bizom.in/ondc",
      "timestamp":"2022-09-14T10:46:58.000Z"
   },
   "message":{
      "order":{
         "fulfillments":[
            {
               "start":{
                  "instructions":{
                     "short_desc":"Pickup is ready to be shipped",
                     "long_desc":"Pickup is ready to be shipped"
                  },
                  "person":{
                     "name":"Ram"
                  },
                  "contact":{
                     "phone":"8888888888",
                     "email":"dumy@gmail.com"
                  },
                  "location":{
                     "address":{
                        "door":"509",
                        "city":"Bengaluru",
                        "street":"6th Cross Road",
                        "area_code":"560038",
                        "name":"NSTL Chilis",
                        "locality":"kormangala",
                        "state":"Karnataka"
                     },
                     "gps":"12.9369208,77.6249452"
                  }
               },
               "end":{
                  "person":{
                     "name":"Samarth"
                  },
                  "contact":{
                     "phone":"9898141644",
                     "email":"samarth@gmail.com"
                  },
                  "location":{
                     "address":{
                        "door":"",
                        "area_code":"560037"
                     },
                     "gps":"12.969807,77.749963"
                  },
                  "instructions":{
                     "images":[
                        ""
                     ]
                  }
               },
               "id":"daf49706-518a-4820-bce8-b139a9d8d92c",
               "type":"Prepaid",
               "tracking":true,
               "state":{
                  "descriptor":{
                     "code":"Order delivered"
                  }
               },
               "agent":{
                  "name":"Sunil Y",
                  "gender":"Male",
                  "phone":"8286682623"
               }
            }
         ],
         "provider":{
            "id":"grab-logistics"
         },
         "payment":{
            "@ondc/org/collection_amount":"0"
         },
         "@ondc/org/linked_order":{
            "provider":{
               "address":{
                  "door":"509",
                  "city":"Bengaluru",
                  "street":"6th Cross Road",
                  "area_code":"560038",
                  "name":"NSTL Chilis",
                  "locality":"kormangala",
                  "state":"Karnataka"
               },
               "descriptor":{
                  "images":[
                     "https://617778.smushcdn.com/2413992/wp-content/uploads/2021/07/Bizom_logo_Blue-1060879244-1635316195620.png?lossy=1strip=1webp=1"
                  ],
                  "name":"GCPL"
               }
            },
            "items":[
               {
                  "quantity":{
                     "measure":{
                        "unit":"Kilogram",
                        "value":0.34425
                     },
                     "count":1
                  },
                  "category_id":"Packaged Foods",
                  "price":{
                     "currency":"INR",
                     "value":"204.97"
                  },
                  "descriptor":{
                     "name":"LuvIt ChocoPops Pack of 1 - 7.65gx45"
                  },
                  "fulfillment_id":"daf49706-518a-4820-bce8-b139a9d8d92c"
               }
            ],
            "order":{
               "weight":{
                  "unit":"Kilogram",
                  "value":0.34425
               },
               "id":"3376163c-109a-49ea-81f6-629c51dce429"
            }
         },
         "id":"Q/i7NjHGWFotXvJZ+0P5pxChBiItYGPfLnc/q+fuLZ8=",
         "items":[
            {
               "category_id":"Same Day Delivery",
               "id":"same-day-delivery"
            }
         ],
         "billing":{
            "tax_number":"29AAACU1901DUMMY"
         },
         "state":"Delivered"
      }
   }
}