Request:
----------
{
   "context":{
      "transaction_id":"daf49706-518a-4820-bce8-b139a9d8d92c",
      "country":"IND",
      "bpp_id":"uat.grab.in",
      "city":"std:080",
      "message_id":"753efb82-3379-4b95-93f1-874e0dcd3560",
      "core_version":"1.0.0",
      "ttl":"PT30S",
      "bap_id":"stagingapigateway.bizom.in/ondc",
      "domain":"nic2004:60232",
      "bpp_uri":"https://uat.grab.in/beckn/bpp/",
      "action":"track",
      "bap_uri":"https://stagingapigateway.bizom.in/ondc",
      "timestamp":"2022-09-14T10:17:48.328Z"
   },
   "message":{
      "order_id":"Q/i7NjHGWFotXvJZ+0P5pxChBiItYGPfLnc/q+fuLZ8="
   }
}


Response:
----------
{
   "context":{
      "transaction_id":"daf49706-518a-4820-bce8-b139a9d8d92c",
      "country":"IND",
      "bpp_id":"uat.grab.in",
      "city":"std:080",
      "message_id":"753efb82-3379-4b95-93f1-874e0dcd3560",
      "core_version":"1.0.0",
      "ttl":"PT30S",
      "bap_id":"stagingapigateway.bizom.in/ondc",
      "domain":"nic2004:60232",
      "bpp_uri":"https://uat.grab.in/beckn/bpp/",
      "action":"on_track",
      "bap_uri":"https://stagingapigateway.bizom.in/ondc",
      "timestamp":"2022-09-14T10:17:48.000Z"
   },
   "message":{
      "tracking":{
         "url":"https://t.grab.in/?SvW3i0",
         "status":"Active"
      }
   }
}