Request:
----------
{
   "context":{
      "transaction_id":"daf49706-518a-4820-bce8-b139a9d8d92c",
      "bpp_id":"uat.grab.in",
      "country":"IND",
      "city":"std:080",
      "message_id":"b9de156d-590c-49f2-953e-bc13b9f9e0c0",
      "ttl":"PT30S",
      "core_version":"1.0.0",
      "bap_id":"stagingapigateway.bizom.in/ondc",
      "domain":"nic2004:60232",
      "bpp_uri":"https://uat.grab.in/beckn/bpp/",
      "action":"update",
      "bap_uri":"https://stagingapigateway.bizom.in/ondc",
      "timestamp":"2022-09-14T10:08:21.215Z"
   },
   "message":{
      "order":{
         "fulfillments":[
            {
               "type":"Prepaid",
               "id":"daf49706-518a-4820-bce8-b139a9d8d92c",
               "tags":{
                  "@ondc/org/order_ready_to_ship":"yes"
               }
            }
         ],
         "id":"Q/i7NjHGWFotXvJZ+0P5pxChBiItYGPfLnc/q+fuLZ8=",
         "state":"Active"
      }
   }
}


Response:
----------
{
   "context":{
      "transaction_id":"daf49706-518a-4820-bce8-b139a9d8d92c",
      "bpp_id":"uat.grab.in",
      "country":"IND",
      "city":"std:080",
      "message_id":"b9de156d-590c-49f2-953e-bc13b9f9e0c0",
      "ttl":"PT30S",
      "core_version":"1.0.0",
      "bap_id":"stagingapigateway.bizom.in/ondc",
      "domain":"nic2004:60232",
      "bpp_uri":"https://uat.grab.in/beckn/bpp/",
      "action":"on_update",
      "bap_uri":"https://stagingapigateway.bizom.in/ondc",
      "timestamp":"2022-09-14T10:08:21.000Z"
   },
   "message":{
      "order":{
         "fulfillments":[
            {
               "type":"Prepaid",
               "id":"daf49706-518a-4820-bce8-b139a9d8d92c",
               "tags":{
                  "@ondc/org/order_ready_to_ship":"yes"
               },
               "start":{
                  "time":{
                     "range":{
                        "start":"2022-09-14T10:18:21.000Z",
                        "end":"2022-09-14T10:53:21.000Z"
                     }
                  }
               }
            }
         ],
         "id":"Q/i7NjHGWFotXvJZ+0P5pxChBiItYGPfLnc/q+fuLZ8=",
         "state":"Created"
      }
   }
}