Request :

{
  "context": {
    "domain": "nic2004:60232",
    "country": "IND",
    "city": "std:080",
    "action": "cancel",
    "bap_id": "b-ondc-seller-bpp.nlincs.in",
    "bap_uri": "https://b-ondc-seller-bpp.nlincs.in/lbap",
    "transaction_id": "17604_222035400010_20354_00000000-618f-ae19-0000-00005075e30c",
    "message_id": "uPadCSRAhZ7WvGG0FPeTZXX9R3KwfbRN",
    "timestamp": "2022-08-24T09:40:27.463Z",
    "core_version": "1.0.0",
    "bpp_id": "dev-ondc.shiprocket.in",
    "bpp_uri": "https://dev-ondc.shiprocket.in/"
  },
  "message": {
    "order_id": "17604_222035400010_20354",
    "cancellation_reason_id": "005"
  }
}


Response :

{
  "context": {
    "domain": "nic2004:60232",
    "country": "IND",
    "city": "std:080",
    "action": "on_cancel",
    "core_version": "1.0.0",
    "bap_id": "b-ondc-seller-bpp.nlincs.in",
    "bap_uri": "https://b-ondc-seller-bpp.nlincs.in/lbap",
    "bpp_id": "dev-ondc.shiprocket.in",
    "bpp_uri": "https://dev-ondc.shiprocket.in/",
    "transaction_id": "17604_222035400010_20354_00000000-618f-ae19-0000-00005075e30c",
    "message_id": "uPadCSRAhZ7WvGG0FPeTZXX9R3KwfbRN",
    "timestamp": "2022-08-24T09:40:32.300Z"
  },
  "message": {
    "order": {
      "id": "17604_222035400010_20354",
      "state": "Cancelled",
      "fulfillments": [
        {
          "id": "Fulfillment1-Cancelled",
          "type": "CoD",
          "tracking": false,
          "start": {
            "time": {
              "range": {
                "start": "2022-08-27T09:40:32.300Z",
                "end": "2022-08-28T09:40:32.300Z"
              }
            }
          },
          "tags": {
            "cancellation_reason_id": "005"
          }
        }
      ]
    }
  }
}