Request : {
  "context": {
    "domain": "nic2004:60232",
    "country": "IND",
    "city": "std:080",
    "action": "confirm",
    "bap_id": "b-ondc-seller-bpp.nlincs.in",
    "bap_uri": "https://b-ondc-seller-bpp.nlincs.in/lbap",
    "transaction_id": "17604_222035400010_20354_00000000-618f-ae19-0000-00005075e30c",
    "message_id": "95YCzNs48o4tkEoVLWUJNLs7h117y5H1",
    "timestamp": "2022-08-24T09:28:43.969Z",
    "core_version": "1.0.0",
    "bpp_id": "dev-ondc.shiprocket.in",
    "bpp_uri": "https://dev-ondc.shiprocket.in/"
  },
  "message": {
    "order": {
      "id": "17604_222035400010_20354",
      "provider": {
        "id": "133",
        "locations": [
          {
            "id": "SR-Location"
          }
        ]
      },
      "items": [
        {
          "id": "133",
          "descriptor": {
            "long_desc": "Standard Delivery",
            "name": "Standard Delivery",
            "short_desc": "Standard Delivery"
          },
          "category_id": "Standard Delivery"
        }
      ],
      "@ondc/org/linked_order": {
        "items": [
          {
            "category_id": "Packaged Commodities",
            "descriptor": {
              "name": "Udhaiyam Moong Dhal 1Kg"
            },
            "quantity": {
              "count": "1.0",
              "measure": {
                "unit": "Kilogram",
                "value": 1
              }
            },
            "price": {
              "currency": "INR",
              "value": "142.86"
            }
          }
        ],
        "order": {
          "weight": {
            "unit": "Kilogram",
            "value": 1
          },
          "id": "1d1b2ce2-3c3b-49ca-a333-ff7dee9890a5"
        }
      },
      "billing": {
        "name": "Balaji Bengaluru Departmental store",
        "phone": "6380531214",
        "email": "testing@nstore.in",
        "tax_number": "",
        "address": {
          "name": "Balaji Bengaluru Departmental store",
          "building": "2GH4",
          "locality": "1st main road",
          "street": "Shivapura, peenya",
          "city": "Bengaluru",
          "state": "Karnataka",
          "area_code": "560058",
          "country": "India"
        }
      },
      "quote": {
        "price": {
          "currency": "INR",
          "value": "188.0"
        },
        "breakup": [
          {
            "@ondc/org/item_id": "133",
            "@ondc/org/title_type": "Delivery Charge",
            "price": {
              "currency": "INR",
              "value": "118"
            }
          },
          {
            "@ondc/org/title_type": "RTO Charge",
            "title": "RTO Charges",
            "price": {
              "currency": "INR",
              "value": "70"
            }
          }
        ]
      },
      "fulfillments": [
        {
          "id": "1",
          "type": "CoD",
          "@ondc/org/awb_no": "222035400010",
          "tracking": true,
          "contact": {
            "email": "ssudd@nstore.in"
          },
          "start": {
            "location": {
              "id": "20354",
              "gps": "13.0275981,77.5068662",
              "address": {
                "name": "Balaji Bengaluru Departmental store",
                "building": "2GH4",
                "locality": "1st main road",
                "street": "Shivapura, peenya",
                "city": "Bengaluru",
                "state": "Karnataka",
                "area_code": "560058",
                "country": "India"
              }
            },
            "contact": {
              "phone": "6380531214",
              "email": "testing@nstore.in"
            }
          },
          "end": {
            "person": {
              "name": "Arunraj"
            },
            "location": {
              "gps": "13.0335138,77.5691759",
              "address": {
                "name": "Arunraj",
                "building": "Kaya herbals Arunraj",
                "locality": "",
                "street": "",
                "city": "Bengaluru",
                "state": "Karnataka",
                "area_code": "560058",
                "country": "India"
              }
            },
            "contact": {
              "phone": "9840857465",
              "email": "arunraj@nstore.in"
            }
          }
        }
      ],
      "payment": {
        "@ondc/org/collection_amount": "150.0"
      }
    }
  }
}


Response :
{
  "context": {
    "domain": "nic2004:60232",
    "country": "IND",
    "city": "std:080",
    "action": "on_confirm",
    "core_version": "1.0.0",
    "bap_id": "b-ondc-seller-bpp.nlincs.in",
    "bap_uri": "https://b-ondc-seller-bpp.nlincs.in/lbap",
    "bpp_id": "dev-ondc.shiprocket.in",
    "bpp_uri": "https://dev-ondc.shiprocket.in/",
    "transaction_id": "17604_222035400010_20354_00000000-618f-ae19-0000-00005075e30c",
    "message_id": "95YCzNs48o4tkEoVLWUJNLs7h117y5H1",
    "timestamp": "2022-08-24T09:28:46.167Z"
  },
  "message": {
    "order": {
      "id": "17604_222035400010_20354",
      "state": "Created",
      "provider": {
        "id": "133",
        "locations": [
          {
            "id": "SR-Location"
          }
        ]
      },
      "items": [
        {
          "id": "133",
          "category_id": "Standard Delivery"
        }
      ],
      "fulfillments": [
        {
          "id": "1",
          "type": "CoD",
          "tracking": false
        }
      ],
      "quote": {
        "price": {
          "currency": "INR",
          "value": "188.0"
        },
        "breakup": [
          {
            "@ondc/org/item_id": "133",
            "@ondc/org/title_type": "Delivery Charge",
            "price": {
              "currency": "INR",
              "value": "118"
            }
          },
          {
            "@ondc/org/title_type": "RTO Charge",
            "title": "RTO Charges",
            "price": {
              "currency": "INR",
              "value": "70"
            }
          }
        ]
      }
    }
  }
}
