Request : 
{
  "context": {
    "domain": "nic2004:60232",
    "country": "IND",
    "city": "std:080",
    "action": "search",
    "bap_id": "b-ondc-seller-bpp.nlincs.in",
    "bap_uri": "https://b-ondc-seller-bpp.nlincs.in/lbap",
    "transaction_id": "17604_222035400010_20354_00000000-618f-ae19-0000-00005075e30c",
    "message_id": "95YCzNs48o4tkEoVLWUJNLs7h117y5H1",
    "timestamp": "2022-08-24T09:28:34.159Z",
    "core_version": "1.0.0"
  },
  "message": {
    "intent": {
      "category": {
        "id": "Standard Delivery"
      },
      "fulfillment": {
        "type": "CoD",
        "tracking": true,
        "start": {
          "location": {
            "gps": "13.0275981,77.5068662",
            "address": {
              "area_code": "560058"
            }
          }
        },
        "end": {
          "location": {
            "gps": "13.0335138,77.5691759",
            "address": {
              "area_code": "560058"
            }
          }
        }
      },
      "payment": {
        "@ondc/org/collection_amount": "150.0"
      },
      "@ondc/org/payload_details": {
        "weight": {
          "unit": "Kilogram",
          "value": 1
        },
        "category": "Misc",
        "value": {
          "currency": "INR",
          "value": "150.00"
        }
      }
    }
  }
}

Response: (Shiprocket - dev-ondc.shiprocket.in)

{
  "context": {
    "domain": "nic2004:60232",
    "country": "IND",
    "city": "std:080",
    "action": "on_search",
    "core_version": "1.0.0",
    "bap_id": "b-ondc-seller-bpp.nlincs.in",
    "bap_uri": "https://b-ondc-seller-bpp.nlincs.in/lbap",
    "bpp_id": "dev-ondc.shiprocket.in",
    "bpp_uri": "https://dev-ondc.shiprocket.in/",
    "transaction_id": "17604_222035400010_20354_00000000-618f-ae19-0000-00005075e30c",
    "message_id": "95YCzNs48o4tkEoVLWUJNLs7h117y5H1",
    "timestamp": "2022-08-24T09:28:35.103Z"
  },
  "message": {
    "catalog": {
      "bpp/descriptor": {
        "name": "Shiprocket Inc"
      },
      "bpp/providers": [
        {
          "id": "103",
          "descriptor": {
            "name": "Xpressbees Essential Surface",
            "short_desc": "Xpressbees Essential Surface",
            "long_desc": "Xpressbees Essential Surface"
          },
          "rating": "4.7",
          "categories": [
            {
              "id": "Standard Delivery",
              "time": {
                "duration": "PT44H"
              }
            }
          ],
          "locations": [
            {
              "id": "SR-Location",
              "gps": "28.497590, 77.157570",
              "address": {
                "street": "Plot No. B, Khasra-360, Sultanpur, MG Road",
                "city": "New Delhi",
                "state": "DL",
                "area_code": "110030"
              }
            }
          ],
          "items": [
            {
              "id": "103",
              "descriptor": {
                "name": "Standard Delivery",
                "short_desc": "Standard Delivery",
                "long_desc": "Standard Delivery"
              },
              "price": {
                "currency": "INR",
                "value": "104"
              },
              "category_id": "Standard Delivery"
            }
          ]
        },
        {
          "id": "50",
          "descriptor": {
            "name": "Wow Express 0.5Kg",
            "short_desc": "Wow Express 0.5Kg",
            "long_desc": "Wow Express 0.5Kg"
          },
          "rating": "3.9",
          "categories": [
            {
              "id": "Standard Delivery",
              "time": {
                "duration": "PT119H"
              }
            }
          ],
          "locations": [
            {
              "id": "SR-Location",
              "gps": "28.497590, 77.157570",
              "address": {
                "street": "Plot No. B, Khasra-360, Sultanpur, MG Road",
                "city": "New Delhi",
                "state": "DL",
                "area_code": "110030"
              }
            }
          ],
          "items": [
            {
              "id": "50",
              "descriptor": {
                "name": "Standard Delivery",
                "short_desc": "Standard Delivery",
                "long_desc": "Standard Delivery"
              },
              "price": {
                "currency": "INR",
                "value": "108"
              },
              "category_id": "Standard Delivery"
            }
          ]
        },
        {
          "id": "30",
          "descriptor": {
            "name": "Wow Express 1Kg",
            "short_desc": "Wow Express 1Kg",
            "long_desc": "Wow Express 1Kg"
          },
          "rating": "4",
          "categories": [
            {
              "id": "Standard Delivery",
              "time": {
                "duration": "PT54H"
              }
            }
          ],
          "locations": [
            {
              "id": "SR-Location",
              "gps": "28.497590, 77.157570",
              "address": {
                "street": "Plot No. B, Khasra-360, Sultanpur, MG Road",
                "city": "New Delhi",
                "state": "DL",
                "area_code": "110030"
              }
            }
          ],
          "items": [
            {
              "id": "30",
              "descriptor": {
                "name": "Standard Delivery",
                "short_desc": "Standard Delivery",
                "long_desc": "Standard Delivery"
              },
              "price": {
                "currency": "INR",
                "value": "108"
              },
              "category_id": "Standard Delivery"
            }
          ]
        },
        {
          "id": "128",
          "descriptor": {
            "name": "Ecom Express Surface 1kg",
            "short_desc": "Ecom Express Surface 1kg",
            "long_desc": "Ecom Express Surface 1kg"
          },
          "rating": "4",
          "categories": [
            {
              "id": "Standard Delivery",
              "time": {
                "duration": "PT54H"
              }
            }
          ],
          "locations": [
            {
              "id": "SR-Location",
              "gps": "28.497590, 77.157570",
              "address": {
                "street": "Plot No. B, Khasra-360, Sultanpur, MG Road",
                "city": "New Delhi",
                "state": "DL",
                "area_code": "110030"
              }
            }
          ],
          "items": [
            {
              "id": "128",
              "descriptor": {
                "name": "Standard Delivery",
                "short_desc": "Standard Delivery",
                "long_desc": "Standard Delivery"
              },
              "price": {
                "currency": "INR",
                "value": "118"
              },
              "category_id": "Standard Delivery"
            }
          ]
        },
        {
          "id": "133",
          "descriptor": {
            "name": "Udaan Surface",
            "short_desc": "Udaan Surface",
            "long_desc": "Udaan Surface"
          },
          "rating": "4",
          "categories": [
            {
              "id": "Standard Delivery",
              "time": {
                "duration": "PT54H"
              }
            }
          ],
          "locations": [
            {
              "id": "SR-Location",
              "gps": "28.497590, 77.157570",
              "address": {
                "street": "Plot No. B, Khasra-360, Sultanpur, MG Road",
                "city": "New Delhi",
                "state": "DL",
                "area_code": "110030"
              }
            }
          ],
          "items": [
            {
              "id": "133",
              "descriptor": {
                "name": "Standard Delivery",
                "short_desc": "Standard Delivery",
                "long_desc": "Standard Delivery"
              },
              "price": {
                "currency": "INR",
                "value": "118"
              },
              "category_id": "Standard Delivery"
            }
          ]
        },
        {
          "id": "164",
          "descriptor": {
            "name": "Loadshare Surface",
            "short_desc": "Loadshare Surface",
            "long_desc": "Loadshare Surface"
          },
          "rating": "4",
          "categories": [
            {
              "id": "Standard Delivery",
              "time": {
                "duration": "PT54H"
              }
            }
          ],
          "locations": [
            {
              "id": "SR-Location",
              "gps": "28.497590, 77.157570",
              "address": {
                "street": "Plot No. B, Khasra-360, Sultanpur, MG Road",
                "city": "New Delhi",
                "state": "DL",
                "area_code": "110030"
              }
            }
          ],
          "items": [
            {
              "id": "164",
              "descriptor": {
                "name": "Standard Delivery",
                "short_desc": "Standard Delivery",
                "long_desc": "Standard Delivery"
              },
              "price": {
                "currency": "INR",
                "value": "118"
              },
              "category_id": "Standard Delivery"
            }
          ]
        },
        {
          "id": "163",
          "descriptor": {
            "name": "Borzo",
            "short_desc": "Borzo",
            "long_desc": "Borzo"
          },
          "rating": "4",
          "categories": [
            {
              "id": "Standard Delivery",
              "time": {
                "duration": "PT24H"
              }
            }
          ],
          "locations": [
            {
              "id": "SR-Location",
              "gps": "28.497590, 77.157570",
              "address": {
                "street": "Plot No. B, Khasra-360, Sultanpur, MG Road",
                "city": "New Delhi",
                "state": "DL",
                "area_code": "110030"
              }
            }
          ],
          "items": [
            {
              "id": "163",
              "descriptor": {
                "name": "Standard Delivery",
                "short_desc": "Standard Delivery",
                "long_desc": "Standard Delivery"
              },
              "price": {
                "currency": "INR",
                "value": "118"
              },
              "category_id": "Standard Delivery"
            }
          ]
        },
        {
          "id": "24",
          "descriptor": {
            "name": "Xpressbees 2kg surface",
            "short_desc": "Xpressbees 2kg surface",
            "long_desc": "Xpressbees 2kg surface"
          },
          "rating": "4",
          "categories": [
            {
              "id": "Standard Delivery",
              "time": {
                "duration": "PT54H"
              }
            }
          ],
          "locations": [
            {
              "id": "SR-Location",
              "gps": "28.497590, 77.157570",
              "address": {
                "street": "Plot No. B, Khasra-360, Sultanpur, MG Road",
                "city": "New Delhi",
                "state": "DL",
                "area_code": "110030"
              }
            }
          ],
          "items": [
            {
              "id": "24",
              "descriptor": {
                "name": "Standard Delivery",
                "short_desc": "Standard Delivery",
                "long_desc": "Standard Delivery"
              },
              "price": {
                "currency": "INR",
                "value": "194"
              },
              "category_id": "Standard Delivery"
            }
          ]
        },
        {
          "id": "139",
          "descriptor": {
            "name": "Pidge",
            "short_desc": "Pidge",
            "long_desc": "Pidge"
          },
          "rating": "4",
          "categories": [
            {
              "id": "Standard Delivery",
              "time": {
                "duration": "PT24H"
              }
            }
          ],
          "locations": [
            {
              "id": "SR-Location",
              "gps": "28.497590, 77.157570",
              "address": {
                "street": "Plot No. B, Khasra-360, Sultanpur, MG Road",
                "city": "New Delhi",
                "state": "DL",
                "area_code": "110030"
              }
            }
          ],
          "items": [
            {
              "id": "139",
              "descriptor": {
                "name": "Standard Delivery",
                "short_desc": "Standard Delivery",
                "long_desc": "Standard Delivery"
              },
              "price": {
                "currency": "INR",
                "value": "242"
              },
              "category_id": "Standard Delivery"
            }
          ]
        },
        {
          "id": "131",
          "descriptor": {
            "name": "Pidge NDD",
            "short_desc": "Pidge NDD",
            "long_desc": "Pidge NDD"
          },
          "rating": "4",
          "categories": [
            {
              "id": "Standard Delivery",
              "time": {
                "duration": "PT48H"
              }
            }
          ],
          "locations": [
            {
              "id": "SR-Location",
              "gps": "28.497590, 77.157570",
              "address": {
                "street": "Plot No. B, Khasra-360, Sultanpur, MG Road",
                "city": "New Delhi",
                "state": "DL",
                "area_code": "110030"
              }
            }
          ],
          "items": [
            {
              "id": "131",
              "descriptor": {
                "name": "Standard Delivery",
                "short_desc": "Standard Delivery",
                "long_desc": "Standard Delivery"
              },
              "price": {
                "currency": "INR",
                "value": "242"
              },
              "category_id": "Standard Delivery"
            }
          ]
        },
        {
          "id": "148",
          "descriptor": {
            "name": "Milesawayy",
            "short_desc": "Milesawayy",
            "long_desc": "Milesawayy"
          },
          "rating": "4",
          "categories": [
            {
              "id": "Standard Delivery",
              "time": {
                "duration": "PT24H"
              }
            }
          ],
          "locations": [
            {
              "id": "SR-Location",
              "gps": "28.497590, 77.157570",
              "address": {
                "street": "Plot No. B, Khasra-360, Sultanpur, MG Road",
                "city": "New Delhi",
                "state": "DL",
                "area_code": "110030"
              }
            }
          ],
          "items": [
            {
              "id": "148",
              "descriptor": {
                "name": "Standard Delivery",
                "short_desc": "Standard Delivery",
                "long_desc": "Standard Delivery"
              },
              "price": {
                "currency": "INR",
                "value": "242"
              },
              "category_id": "Standard Delivery"
            }
          ]
        },
        {
          "id": "167",
          "descriptor": {
            "name": "Milesawayy NDD",
            "short_desc": "Milesawayy NDD",
            "long_desc": "Milesawayy NDD"
          },
          "rating": "4",
          "categories": [
            {
              "id": "Standard Delivery",
              "time": {
                "duration": "PT48H"
              }
            }
          ],
          "locations": [
            {
              "id": "SR-Location",
              "gps": "28.497590, 77.157570",
              "address": {
                "street": "Plot No. B, Khasra-360, Sultanpur, MG Road",
                "city": "New Delhi",
                "state": "DL",
                "area_code": "110030"
              }
            }
          ],
          "items": [
            {
              "id": "167",
              "descriptor": {
                "name": "Standard Delivery",
                "short_desc": "Standard Delivery",
                "long_desc": "Standard Delivery"
              },
              "price": {
                "currency": "INR",
                "value": "242"
              },
              "category_id": "Standard Delivery"
            }
          ]
        },
        {
          "id": "43",
          "descriptor": {
            "name": "Delhivery Surface",
            "short_desc": "Delhivery Surface",
            "long_desc": "Delhivery Surface"
          },
          "rating": "3",
          "categories": [
            {
              "id": "Standard Delivery",
              "time": {
                "duration": "PT70H"
              }
            }
          ],
          "locations": [
            {
              "id": "SR-Location",
              "gps": "28.497590, 77.157570",
              "address": {
                "street": "Plot No. B, Khasra-360, Sultanpur, MG Road",
                "city": "New Delhi",
                "state": "DL",
                "area_code": "110030"
              }
            }
          ],
          "items": [
            {
              "id": "43",
              "descriptor": {
                "name": "Standard Delivery",
                "short_desc": "Standard Delivery",
                "long_desc": "Standard Delivery"
              },
              "price": {
                "currency": "INR",
                "value": "121.4"
              },
              "category_id": "Standard Delivery"
            }
          ]
        }
      ]
    }
  }
}