Request : 

{
  "context": {
    "domain": "nic2004:60232",
    "country": "IND",
    "city": "std:080",
    "action": "status",
    "bap_id": "b-ondc-seller-bpp.nlincs.in",
    "bap_uri": "https://b-ondc-seller-bpp.nlincs.in/lbap",
    "transaction_id": "17604_222035400010_20354_00000000-618f-ae19-0000-00005075e30c",
    "message_id": "g0Lof7gi9QRWqyoCoQXRZC9GkcoPHnRO",
    "timestamp": "2022-08-24T09:37:51.146Z",
    "core_version": "1.0.0",
    "bpp_id": "dev-ondc.shiprocket.in",
    "bpp_uri": "https://dev-ondc.shiprocket.in/"
  },
  "message": {
    "order_id": "17604_222035400010_20354"
  }
}


Response :

{
  "context": {
    "domain": "nic2004:60232",
    "country": "IND",
    "city": "std:080",
    "action": "on_status",
    "core_version": "1.0.0",
    "bap_id": "b-ondc-seller-bpp.nlincs.in",
    "bap_uri": "https://b-ondc-seller-bpp.nlincs.in/lbap",
    "bpp_id": "dev-ondc.shiprocket.in",
    "bpp_uri": "https://dev-ondc.shiprocket.in/",
    "transaction_id": "17604_222035400010_20354_00000000-618f-ae19-0000-00005075e30c",
    "message_id": "g0Lof7gi9QRWqyoCoQXRZC9GkcoPHnRO",
    "timestamp": "2022-08-24T09:37:52.063Z"
  },
  "message": {
    "order": {
      "id": "17604_222035400010_20354",
      "state": "Created",
      "provider": {
        "id": "133",
        "locations": [
          {
            "id": "SR-Location"
          }
        ]
      },
      "items": [
        {
          "id": "133",
          "category_id": "Standard Delivery"
        }
      ],
      "fulfillments": [
        {
          "type": "CoD",
          "@ondc/org/awb_no": "SGEBRS60KX5YZ6001S",
          "@ondc/org/ebnexpirydate": "",
          "state": {
            "descriptor": {
              "code": "At pickup location"
            }
          },
          "tracking": false,
          "start": {
            "time": {
              "range": {
                "start": "2022-08-24T09:37:52.063Z",
                "end": "2022-08-24T09:37:52.063Z"
              }
            }
          },
          "end": {
            "time": {
              "range": {
                "start": "2022-08-25T09:37:52.063Z",
                "end": "2022-08-25T09:37:52.063Z"
              }
            },
            "instructions": {
              "images": [
                "URL of POD"
              ]
            }
          }
        }
      ]
    }
  }
}