Request :

{
  "context": {
    "domain": "nic2004:60232",
    "country": "IND",
    "city": "std:080",
    "action": "track",
    "bap_id": "b-ondc-seller-bpp.nlincs.in",
    "bap_uri": "https://b-ondc-seller-bpp.nlincs.in/lbap",
    "transaction_id": "17604_222035400010_20354_00000000-618f-ae19-0000-00005075e30c",
    "message_id": "g0Lof7gi9QRWqyoCoQXRZC9GkcoPHnRO",
    "timestamp": "2022-08-24T09:37:52.369Z",
    "core_version": "1.0.0",
    "bpp_id": "dev-ondc.shiprocket.in",
    "bpp_uri": "https://dev-ondc.shiprocket.in/"
  },
  "message": {
    "order_id": "17604_222035400010_20354",
    "callback_url": "https://b-ondc-seller-bpp.nlincs.in/lbap/on_track"
  }
}



Response :

{
  "context": {
    "domain": "nic2004:60232",
    "country": "IND",
    "city": "std:080",
    "action": "on_track",
    "core_version": "1.0.0",
    "bap_id": "b-ondc-seller-bpp.nlincs.in",
    "bap_uri": "https://b-ondc-seller-bpp.nlincs.in/lbap",
    "bpp_id": "dev-ondc.shiprocket.in",
    "bpp_uri": "https://dev-ondc.shiprocket.in/",
    "transaction_id": "17604_222035400010_20354_00000000-618f-ae19-0000-00005075e30c",
    "message_id": "g0Lof7gi9QRWqyoCoQXRZC9GkcoPHnRO",
    "timestamp": "2022-08-24T09:37:53.327Z"
  },
  "message": {
    "tracking": {
      "status": "inactive"
    }
  }
}