Request :

{
  "context": {
    "domain": "nic2004:60232",
    "country": "IND",
    "city": "std:080",
    "action": "update",
    "bap_id": "b-ondc-seller-bpp.nlincs.in",
    "bap_uri": "https://b-ondc-seller-bpp.nlincs.in/lbap",
    "transaction_id": "17604_222035400010_20354_00000000-618f-ae19-0000-00005075e30c",
    "message_id": "OB4pL8adr4RIwuhcsFNiwzoxBGRkuXN7",
    "timestamp": "2022-08-24T09:28:46.556Z",
    "core_version": "1.0.0",
    "bpp_id": "dev-ondc.shiprocket.in",
    "bpp_uri": "https://dev-ondc.shiprocket.in/"
  },
  "message": {
    "update_target": "fulfillment",
    "order": {
      "id": "17604_222035400010_20354",
      "state": "Created",
      "fulfillments": [
        {
          "id": "1",
          "type": "CoD",
          "tags": {
            "@ondc/org/order_ready_to_ship": "yes"
          }
        }
      ]
    }
  }
}



Response :

{
  "context": {
    "domain": "nic2004:60232",
    "country": "IND",
    "city": "std:080",
    "action": "on_update",
    "core_version": "1.0.0",
    "bap_id": "b-ondc-seller-bpp.nlincs.in",
    "bap_uri": "https://b-ondc-seller-bpp.nlincs.in/lbap",
    "bpp_id": "dev-ondc.shiprocket.in",
    "bpp_uri": "https://dev-ondc.shiprocket.in/",
    "transaction_id": "17604_222035400010_20354_00000000-618f-ae19-0000-00005075e30c",
    "message_id": "OB4pL8adr4RIwuhcsFNiwzoxBGRkuXN7",
    "timestamp": "2022-08-24T09:29:08.474Z"
  },
  "message": {
    "order": {
      "id": "17604_222035400010_20354",
      "state": "Created",
      "fulfillments": [
        {
          "id": "1",
          "type": "CoD",
          "tracking": false
        }
      ]
    }
  }
}