Request:
----------
{
   "context":{
      "domain":"nic2004:60232",
      "country":"IND",
      "city":"std:080",
      "action":"confirm",
      "bap_id":"b-ondc-seller-bpp.nlincs.in",
      "bap_uri":"https:\/\/b-ondc-seller-bpp.nlincs.in\/lbap",
      "transaction_id":"17477_222024400051_20244_00000000-3683-d416-ffff-ffff9abaa189",
      "message_id":"Z3JbBUUywRCAt9FfNcnEuGG6WLtgNVQy",
      "timestamp":"2022-08-16T10:27:13.556Z",
      "core_version":"1.0.0",
      "bpp_id":"uat.grab.in",
      "bpp_uri":"https:\/\/uat.grab.in\/beckn\/bpp\/"
   },
   "message":{
      "order":{
         "id":"17477_222024400051_20244",
         "provider":{
            "id":"grab-logistics",
            "locations":[
               {
                  "id":""
               }
            ]
         },
         "items":[
            {
               "id":"standard-delivery",
               "descriptor":{
                  "long_desc":"Standard Delivery",
                  "name":"Standard Delivery",
                  "short_desc":"Standard Delivery"
               },
               "category_id":"Standard Delivery"
            }
         ],
         "@ondc\/org\/linked_order":{
            "items":[
               {
                  "category_id":"Packaged Commodities",
                  "descriptor":{
                     "name":"Paper Dosa"
                  },
                  "quantity":{
                     "count":"1.0",
                     "measure":{
                        "unit":"Kilogram",
                        "value":1
                     }
                  },
                  "price":{
                     "currency":"INR",
                     "value":"142.86"
                  }
               }
            ],
            "order":{
               "weight":{
                  "unit":"Kilogram",
                  "value":1
               },
               "id":"BC702208121639"
            }
         },
         "billing":{
            "name":"NSTL *****",
            "phone":"66******44",
            "email":"tec********@n*****.in",
            "tax_number":"24ABHFA*******",
            "address":{
               "name":"NSTL *****",
               "building":"Kempegowda Bus Station",
               "locality":"Kempe*****",
               "street":"Maje****",
               "city":"Beng****",
               "state":"Karn****",
               "area_code":"560***",
               "country":"India"
            }
         },
         "quote":{
            "price":{
               "currency":"INR",
               "value":"40.0"
            },
            "breakup":[
               {
                  "@ondc\/org\/item_id":"standard-delivery",
                  "@ondc\/org\/title_type":"Delivery Charge",
                  "price":{
                     "currency":"INR",
                     "value":"30.0"
                  }
               },
               {
                  "title":"RTO charges",
                  "@ondc\/org\/title_type":"RTO Charge",
                  "price":{
                     "currency":"INR",
                     "value":"10.0"
                  }
               }
            ]
         },
         "fulfillments":[
            {
               "id":"1",
               "type":"CoD",
               "@ondc\/org\/awb_no":"222024400051",
               "tracking":true,
               "contact":{
                  "email":"ssudd@nstore.in"
               },
               "start":{
                  "location":{
                     "id":"20244",
                     "gps":"12.977557,77.5725832",
                     "address":{
                        "name":"NSTL *****",
                        "building":"Kempegowda Bus Station",
                        "locality":"Kempe*****",
                        "street":"Maje****",
                        "city":"Beng****",
                        "state":"Karn****",
                        "area_code":"560***",
                        "country":"India"
                     }
                  },
                  "contact":{
                     "phone":"66******44",
                     "email":"tec********@n*****.in"
                  }
               },
               "end":{
                  "person":{
                     "name":"test"
                  },
                  "location":{
                     "gps":"28.7153451,77.1088008",
                     "address":{
                        "name":"te**",
                        "building":"test test",
                        "locality":"te**",
                        "street":"",
                        "city":"de**",
                        "state":"De**",
                        "area_code":"110***",
                        "country":"India"
                     }
                  },
                  "contact":{
                     "phone":"99******99",
                     "email":""
                  }
               }
            }
         ],
         "payment":{
            "type":"POST-FULFILLMENT",
            "@ondc\/org\/cod-settlement_window":"PT2D",
            "@ondc\/org\/cod-settlement_details":[
               {
                  "settlement_type":"rtgs",
                  "settlement_bank_account_no":"0750706523164666",
                  "settlement_ifsc_code":"HDFC0000750",
                  "beneficiary_name":"Giri",
                  "bank_name":"HDFC Bank",
                  "branch_name":"Poonamalle"
               }
            ],
            "@ondc\/org\/collection_amount":"150.0"
         }
      }
   }
}


Response:
----------
{
   "context":{
      "domain":"nic2004:60232",
      "country":"IND",
      "city":"std:080",
      "action":"on_confirm",
      "bap_id":"b-ondc-seller-bpp.nlincs.in",
      "bap_uri":"https:\/\/b-ondc-seller-bpp.nlincs.in\/lbap",
      "transaction_id":"17477_222024400051_20244_00000000-3683-d416-ffff-ffff9abaa189",
      "message_id":"Z3JbBUUywRCAt9FfNcnEuGG6WLtgNVQy",
      "timestamp":"2022-08-16T10:27:12.313Z",
      "core_version":"1.0.0",
      "bpp_id":"uat.grab.in",
      "bpp_uri":"https:\/\/uat.grab.in\/beckn\/bpp\/"
   },
   "message":{
      "order":{
         "id":"17477_222024400051_20244",
         "provider":{
            "id":"grab-logistics",
            "locations":[
               {
                  "id":""
               }
            ]
         },
         "items":[
            {
               "id":"standard-delivery",
               "descriptor":{
                  "long_desc":"Standard Delivery",
                  "name":"Standard Delivery",
                  "short_desc":"Standard Delivery"
               },
               "category_id":"Standard Delivery"
            }
         ],
         "@ondc\/org\/linked_order":{
            "items":[
               {
                  "category_id":"Packaged Commodities",
                  "descriptor":{
                     "name":"Apple Juice 200mL"
                  },
                  "quantity":{
                     "count":"1.0",
                     "measure":{
                        "unit":"Kilogram",
                        "value":1
                     }
                  },
                  "price":{
                     "currency":"INR",
                     "value":"28.57"
                  }
               }
            ],
            "order":{
               "weight":{
                  "unit":"Kilogram",
                  "value":1
               },
               "id":"BC282208110021"
            }
         },
         "billing":{
            "name":"NSTL *****",
            "phone":"66******44",
            "email":"tec********@n*****.in",
            "tax_number":"24ABHFA*******",
            "address":{
               "name":"NSTL *****",
               "building":"Kempegowda Bus Station",
               "locality":"Kempe*****",
               "street":"Maje****",
               "city":"Beng****",
               "state":"Karn****",
               "area_code":"560***",
               "country":"India"
            }
         },
         "quote":{
            "price":{
               "currency":"INR",
               "value":"40.0"
            },
            "breakup":[
               {
                  "@ondc\/org\/item_id":"standard-delivery",
                  "@ondc\/org\/title_type":"Delivery Charge",
                  "price":{
                     "currency":"INR",
                     "value":"30.0"
                  }
               },
               {
                  "title":"RTO charges",
                  "@ondc\/org\/title_type":"RTO Charge",
                  "price":{
                     "currency":"INR",
                     "value":"10.0"
                  }
               }
            ]
         },
         "fulfillments":[
            {
               "id":"1",
               "type":"CoD",
               "@ondc\/org\/awb_no":"222024400051",
               "tracking":true,
               "contact":{
                  "email":"ssudd@nstore.in"
               },
               "start":{
                  "location":{
                     "id":"20244",
                     "gps":"12.977557,77.5725832",
                     "address":{
                        "name":"NSTL *****",
                        "building":"Kempegowda Bus Station",
                        "locality":"Kempe*****",
                        "street":"Maje****",
                        "city":"Beng****",
                        "state":"Karn****",
                        "area_code":"560***",
                        "country":"India"
                     }
                  },
                  "contact":{
                     "phone":"66******44",
                     "email":"tec********@n*****.in"
                  }
               },
               "end":{
                  "person":{
                     "name":"Pratiush Prasunn"
                  },
                  "location":{
                     "gps":"12.92881,77.6756647",
                     "address":{
                        "name":"Pratiush********",
                        "building":"star bakery Pratiush Prasunn",
                        "locality":"",
                        "street":"",
                        "city":"Beng****",
                        "state":"Karn****",
                        "area_code":"560***",
                        "country":"India"
                     }
                  },
                  "contact":{
                     "phone":"96******10",
                     "email":"pra********@g****.com"
                  }
               }
            }
         ],
         "payment":{
            "type":"POST-FULFILLMENT",
            "@ondc\/org\/cod-settlement_window":"PT2D",
            "@ondc\/org\/cod-settlement_details":[
               {
                  "settlement_type":"rtgs",
                  "settlement_bank_account_no":"0750706523164666",
                  "settlement_ifsc_code":"HDFC0000750",
                  "beneficiary_name":"Giri",
                  "bank_name":"HDFC Bank",
                  "branch_name":"Poonamalle"
               }
            ],
            "@ondc\/org\/collection_amount":"30.0"
         },
         "state":"Active"
      }
   }
}