Request:
----------
{
   "context":{
      "domain":"nic2004:60232",
      "country":"IND",
      "city":"std:080",
      "action":"search",
      "bap_id":"b-ondc-seller-bpp.nlincs.in",
      "bap_uri":"https:\/\/b-ondc-seller-bpp.nlincs.in\/lbap",
      "transaction_id":"17477_222024400051_20244_00000000-3683-d416-ffff-ffff9abaa189",
      "message_id":"Z3JbBUUywRCAt9FfNcnEuGG6WLtgNVQy",
      "timestamp":"2022-08-16T10:26:46.541Z",
      "core_version":"1.0.0"
   },
   "message":{
      "intent":{
         "category":{
            "id":"Standard Delivery"
         },
         "fulfillment":{
            "type":"CoD",
            "tracking":true,
            "start":{
               "location":{
                  "gps":"12.977557,77.5725832",
                  "address":{
                     "area_code":"560025"
                  }
               }
            },
            "end":{
               "location":{
                  "gps":"28.7153451,77.1088008",
                  "address":{
                     "area_code":"110085"
                  }
               }
            }
         },
         "payment":{
            "@ondc\/org\/collection_amount":"150.0"
         },
         "@ondc\/org\/payload_details":{
            "weight":{
               "unit":"Kilogram",
               "value":"1"
            },
            "category":"Misc",
            "value":{
               "currency":"INR",
               "value":"150.00"
            }
         }
      }
   }
}


Response:
----------
{
   "context":{
      "domain":"nic2004:60232",
      "country":"IND",
      "city":"std:080",
      "action":"on_search",
      "bap_id":"b-ondc-seller-bpp.nlincs.in",
      "bap_uri":"https:\/\/b-ondc-seller-bpp.nlincs.in\/lbap",
      "transaction_id":"17477_222024400051_20244_00000000-3683-d416-ffff-ffff9abaa189",
      "message_id":"Z3JbBUUywRCAt9FfNcnEuGG6WLtgNVQy",
      "timestamp":"2022-08-16T10:26:46.541Z",
      "core_version":"1.0.0",
      "bpp_id":"uat.grab.in",
      "bpp_uri":"https:\/\/uat.grab.in\/beckn\/bpp\/"
   },
   "message":{
      "catalog":{
         "bpp\/descriptor":{
            "name":"Grab Logistics"
         },
         "bpp\/providers":[
            {
               "id":"grab-logistics",
               "descriptor":{
                  "name":"Grab Logistics",
                  "short_desc":"Grab Logistics",
                  "long_desc":"Grab Logistics"
               },
               "items":[
                  {
                     "id":"standard-delivery",
                     "category_id":"Standard Delivery",
                     "descriptor":{
                        "name":"Standard Delivery",
                        "short_desc":"Standard Delivery",
                        "long_desc":"Standard Delivery"
                     },
                     "price":{
                        "currency":"INR",
                        "value":"40.0"
                     },
                     "matched":true
                  }
               ],
               "categories":[
                  {
                     "id":"Standard Delivery",
                     "time":{
                        "duration":"PT45M"
                     }
                  }
               ]
            }
         ]
      }
   }
}