Request:
----------
{
   "context":{
      "domain":"nic2004:60232",
      "country":"IND",
      "city":"std:080",
      "action":"track",
      "bap_id":"b-ondc-seller-bpp.nlincs.in",
      "bap_uri":"https:\/\/b-ondc-seller-bpp.nlincs.in\/lbap",
      "transaction_id":"17477_222024400051_20244_00000000-3683-d416-ffff-ffff9abaa189",
      "message_id":"Z3JbBUUywRCAt9FfNcnEuGG6WLtgNVQy",
      "timestamp":"2022-08-16T10:35:45.228Z",
      "core_version":"1.0.0",
      "bpp_id":"uat.grab.in",
      "bpp_uri":"https:\/\/uat.grab.in\/beckn\/bpp\/"
   },
   "message":{
      "order_id":"17477_222024400051_20244",
      "callback_url":"https:\/\/b-ondc-seller-bpp.nlincs.in\/lbap\/on_track"
   }
}


Response:
----------
{
   "context":{
      "domain":"nic2004:60232",
      "country":"IND",
      "city":"std:080",
      "action":"on_track",
      "bap_id":"b-ondc-seller-bpp.nlincs.in",
      "bap_uri":"https:\/\/b-ondc-seller-bpp.nlincs.in\/lbap",
      "transaction_id":"17477_222024400051_20244_00000000-3683-d416-ffff-ffff9abaa189",
      "message_id":"Z3JbBUUywRCAt9FfNcnEuGG6WLtgNVQy",
      "timestamp":"2022-08-16T10:35:45.228Z",
      "core_version":"1.0.0",
      "bpp_id":"uat.grab.in",
      "bpp_uri":"https:\/\/uat.grab.in\/beckn\/bpp\/"
   },
   "message":{
      "tracking":{
         "tl_method":"http\/get",
         "url":"https:\/\/t.grab.in\/?yyUbrZ",
         "status":"Active"
      }
   }
}