Request:
----------
{
   "context":{
      "domain":"nic2004:60232",
      "country":"IND",
      "city":"std:080",
      "action":"update",
      "bap_id":"b-ondc-seller-bpp.nlincs.in",
      "bap_uri":"https:\/\/b-ondc-seller-bpp.nlincs.in\/lbap",
      "transaction_id":"17477_222024400051_20244_00000000-3683-d416-ffff-ffff9abaa189",
      "message_id":"311ChOI2FibRnfAEnfIZkak1Uilq7xP2",
      "timestamp":"2022-08-16T10:27:15.278Z",
      "core_version":"1.0.0",
      "bpp_id":"uat.grab.in",
      "bpp_uri":"https:\/\/uat.grab.in\/beckn\/bpp\/"
   },
   "message":{
      "update_target":"fulfillment",
      "order":{
         "id":"17477_222024400051_20244",
         "state":"Active",
         "fulfillments":[
            {
               "id":"1",
               "type":"CoD",
               "tags":{
                  "@ondc\/org\/order_ready_to_ship":"yes"
               }
            }
         ]
      }
   }
}


Response:
----------
{
   "context":{
      "domain":"nic2004:60232",
      "country":"IND",
      "city":"std:080",
      "action":"on_update",
      "bap_id":"b-ondc-seller-bpp.nlincs.in",
      "bap_uri":"https:\/\/b-ondc-seller-bpp.nlincs.in\/lbap",
      "transaction_id":"17477_222024400051_20244_00000000-3683-d416-ffff-ffff9abaa189",
      "message_id":"Mu0DHuaaQJ3aYesNuE1EvccX6nvkYb65",
      "timestamp":"2022-08-16T10:27:14.001Z",
      "core_version":"1.0.0",
      "bpp_id":"uat.grab.in",
      "bpp_uri":"https:\/\/uat.grab.in\/beckn\/bpp\/"
   },
   "message":{
      "update_target":"fulfillment",
      "order":{
         "id":"17477_222024400051_20244",
         "state":"Updated",
         "fulfillments":[
            {
               "id":"1",
               "type":"CoD",
               "tags":{
                  "@ondc\/org\/order_ready_to_ship":"yes"
               }
            }
         ]
      }
   }
}