Request:
----------
{
	"context": {
		"transaction_id": "4c974f01-38cb-44a1-acdb-addcd27ea20a",
		"bpp_id": "uat.grab.in",
		"country": "IND",
		"city": "std:080",
		"message_id": "8f081be6-83d2-4438-be0a-f1ec1e3f53d7",
		"ttl": "P1D",
		"core_version": "1.0.0",
		"bap_id": "stagingapigateway.bizom.in/ondc",
		"domain": "nic2004:60232",
		"bpp_uri": "https://uat.grab.in/beckn/bpp/",
		"action": "confirm",
		"bap_uri": "https://stagingapigateway.bizom.in/ondc",
		"timestamp": "2022-08-23T12:08:07.928Z"
	},
	"message": {
		"order": {
			"fulfillments": [
				{
					"start": {
						"person": {
							"name": "Ram"
						},
						"contact": {
							"phone": "8888888888",
							"email": "dumy@gmail.com"
						},
						"location": {
							"address": {
								"door": "509",
								"city": "Bengaluru",
								"street": "6th Cross Road",
								"area_code": "560038",
								"name": "NSTL Chilis",
								"locality": "kormangala",
								"state": "Karnataka"
							},
							"id": "3",
							"gps": "12.9369208,77.6249452"
						}
					},
					"end": {
						"person": {
							"name": "Samarth"
						},
						"contact": {
							"phone": "9234567898",
							"email": "dummy@gmail.com"
						},
						"location": {
							"address": {
								"door": "city",
								"city": " Bhavnagar",
								"street": " Bhavnagar",
								"area_code": "560038",
								"state": " Gujarat",
								"building": " city"
							},
							"gps": "12.981401,77.640981"
						}
					},
					"id": "4c974f01-38cb-44a1-acdb-addcd27ea20a",
					"type": "Prepaid",
					"tracking": true,
					"tags": {
						"@ondc/org/order_ready_to_ship": "Yes"
					}
				}
			],
			"provider": {
				"id": "grab-logistics"
			},
			"payment": {
				"@ondc/org/collection_amount": "0"
			},
			"@ondc/org/linked_order": {
				"provider": {
					"address": {
						"door": "509",
						"city": "Bengaluru",
						"street": "6th Cross Road",
						"area_code": "560038",
						"name": "NSTL Chilis",
						"locality": "kormangala",
						"state": "Karnataka"
					},
					"descriptor": {
						"images": [
							"https://617778.smushcdn.com/2413992/wp-content/uploads/2021/07/Bizom_logo_Blue-1060879244-1635316195620.png?lossy=1strip=1webp=1"
						],
						"name": "GCPL"
					}
				},
				"items": [
					{
						"quantity": {
							"measure": {
								"unit": "Kilogram",
								"value": 0.34425
							},
							"count": 1
						},
						"category_id": "Grocery",
						"price": {
							"currency": "INR",
							"value": 204
						},
						"id": "106",
						"descriptor": {
							"name": "LuvIt ChocoPops Pack of 1 - 7.65gx45"
						}
					}
				],
				"order": {
					"weight": {
						"unit": "Kilogram",
						"value": "0.34424999356269836"
					},
					"id": "723b9fa8-8a2f-4984-a256-90705c6fefcd"
				}
			},
			"id": "1Oj6nCyAdBloZ8D6ZyNp9FDqCxVeqQfc06f1CuFv0xA=",
			"items": [
				{
					"category_id": "Same Day Delivery",
					"id": "same-day-delivery"
				}
			],
			"billing": {
				"tax_number": "29AAACU1901DUMMY"
			}
		}
	}
}


Response:
----------
{
	"context": {
		"transaction_id": "4c974f01-38cb-44a1-acdb-addcd27ea20a",
		"bpp_id": "uat.grab.in",
		"country": "IND",
		"city": "std:080",
		"message_id": "8f081be6-83d2-4438-be0a-f1ec1e3f53d7",
		"ttl": "P1D",
		"core_version": "1.0.0",
		"bap_id": "stagingapigateway.bizom.in/ondc",
		"domain": "nic2004:60232",
		"bpp_uri": "https://uat.grab.in/beckn/bpp/",
		"action": "on_confirm",
		"bap_uri": "https://stagingapigateway.bizom.in/ondc",
		"timestamp": "2022-08-23T17:38:08.000Z"
	},
	"message": {
		"order": {
			"fulfillments": [
				{
					"start": {
						"person": {
							"name": "Ram"
						},
						"contact": {
							"phone": "8888888888",
							"email": "dumy@gmail.com"
						},
						"location": {
							"address": {
								"door": "509",
								"city": "Bengaluru",
								"street": "6th Cross Road",
								"area_code": "560038",
								"name": "NSTL Chilis",
								"locality": "kormangala",
								"state": "Karnataka"
							},
							"id": "3",
							"gps": "12.9369208,77.6249452"
						}
					},
					"end": {
						"person": {
							"name": "Samarth"
						},
						"contact": {
							"phone": "9234567898",
							"email": "dummy@gmail.com"
						},
						"location": {
							"address": {
								"door": "city",
								"city": " Bhavnagar",
								"street": " Bhavnagar",
								"area_code": "560038",
								"state": " Gujarat",
								"building": " city"
							},
							"gps": "12.981401,77.640981"
						}
					},
					"id": "4c974f01-38cb-44a1-acdb-addcd27ea20a",
					"type": "Prepaid",
					"tracking": true,
					"tags": {
						"@ondc/org/order_ready_to_ship": "Yes"
					}
				}
			],
			"provider": {
				"id": "grab-logistics"
			},
			"payment": {
				"@ondc/org/collection_amount": "0"
			},
			"@ondc/org/linked_order": {
				"provider": {
					"address": {
						"door": "509",
						"city": "Bengaluru",
						"street": "6th Cross Road",
						"area_code": "560038",
						"name": "NSTL Chilis",
						"locality": "kormangala",
						"state": "Karnataka"
					},
					"descriptor": {
						"images": [
							"https://617778.smushcdn.com/2413992/wp-content/uploads/2021/07/Bizom_logo_Blue-1060879244-1635316195620.png?lossy=1strip=1webp=1"
						],
						"name": "GCPL"
					}
				},
				"items": [
					{
						"quantity": {
							"measure": {
								"unit": "Kilogram",
								"value": 0.34425
							},
							"count": 1
						},
						"category_id": "Grocery",
						"price": {
							"currency": "INR",
							"value": 204
						},
						"id": "106",
						"descriptor": {
							"name": "LuvIt ChocoPops Pack of 1 - 7.65gx45"
						}
					}
				],
				"order": {
					"weight": {
						"unit": "Kilogram",
						"value": "0.34424999356269836"
					},
					"id": "723b9fa8-8a2f-4984-a256-90705c6fefcd"
				}
			},
			"id": "1Oj6nCyAdBloZ8D6ZyNp9FDqCxVeqQfc06f1CuFv0xA=",
			"items": [
				{
					"category_id": "Same Day Delivery",
					"id": "same-day-delivery"
				}
			],
			"billing": {
				"tax_number": "29AAACU1901DUMMY"
			},
			"state": "Active"
		}
	}
}