Request:
----------
{
	"context": {
		"transaction_id": "4c974f01-38cb-44a1-acdb-addcd27ea20a",
		"bpp_id": "uat.grab.in",
		"country": "IND",
		"city": "std:080",
		"message_id": "b50190d0-a3fb-4ee4-9a7d-dc4cb9a53c58",
		"ttl": "P1D",
		"core_version": "1.0.0",
		"bap_id": "stagingapigateway.bizom.in/ondc",
		"domain": "nic2004:60232",
		"bpp_uri": "https://uat.grab.in/beckn/bpp/",
		"action": "init",
		"bap_uri": "https://stagingapigateway.bizom.in/ondc",
		"timestamp": "2022-08-23T12:08:05.503Z"
	},
	"message": {
		"order": {
			"fulfillments": [
				{
					"start": {
						"person": {
							"name": "Ram"
						},
						"contact": {
							"phone": "8888888888",
							"email": "dumy@gmail.com"
						},
						"location": {
							"address": {
								"door": "509",
								"city": "Bengaluru",
								"street": "6th Cross Road",
								"area_code": "560038",
								"name": "NSTL Chilis",
								"locality": "kormangala",
								"state": "Karnataka"
							},
							"id": "3",
							"gps": "12.9369208,77.6249452"
						}
					},
					"end": {
						"contact": {
							"phone": "9234567898",
							"email": "samarth@gmail.com"
						},
						"location": {
							"address": {
								"door": "city",
								"country": "IND",
								"city": "Bhavnagar",
								"street": "Bhavnagar",
								"area_code": "560038",
								"name": "Samarth",
								"locality": null,
								"ward": null,
								"state": "Gujarat",
								"building": "city"
							},
							"gps": "12.9814010000001, 77.6409810000001"
						}
					},
					"id": "4c974f01-38cb-44a1-acdb-addcd27ea20a",
					"type": "Prepaid",
					"tracking": true
				}
			],
			"provider": {
				"id": "grab-logistics"
			},
			"payment": {
				"type": "PRE-FULFILLMENT"
			},
			"items": [
				{
					"category_id": "Same Day Delivery",
					"id": "same-day-delivery"
				}
			],
			"billing": {
				"address": {
					"door": "city",
					"country": "IND",
					"city": "Bhavnagar",
					"street": "Bhavnagar",
					"area_code": "560038",
					"name": "Samarth",
					"locality": null,
					"ward": null,
					"state": "Gujarat",
					"building": "city"
				},
				"phone": "9234567898",
				"name": "Samarth",
				"email": "samarth@gmail.com"
			}
		}
	}
}


Response:
----------
{
	"context": {
		"transaction_id": "4c974f01-38cb-44a1-acdb-addcd27ea20a",
		"bpp_id": "uat.grab.in",
		"country": "IND",
		"city": "std:080",
		"message_id": "b50190d0-a3fb-4ee4-9a7d-dc4cb9a53c58",
		"ttl": "P1D",
		"core_version": "1.0.0",
		"bap_id": "stagingapigateway.bizom.in/ondc",
		"domain": "nic2004:60232",
		"bpp_uri": "https://uat.grab.in/beckn/bpp/",
		"action": "on_init",
		"bap_uri": "https://stagingapigateway.bizom.in/ondc",
		"timestamp": "2022-08-23T17:38:07.000Z"
	},
	"message": {
		"order": {
			"fulfillments": [
				{
					"start": {
						"person": {
							"name": "Ram"
						},
						"contact": {
							"phone": "8888888888",
							"email": "dumy@gmail.com"
						},
						"location": {
							"address": {
								"door": "509",
								"city": "Bengaluru",
								"street": "6th Cross Road",
								"area_code": "560038",
								"name": "NSTL Chilis",
								"locality": "kormangala",
								"state": "Karnataka"
							},
							"id": "3",
							"gps": "12.9369208,77.6249452"
						}
					},
					"end": {
						"contact": {
							"phone": "9234567898",
							"email": "samarth@gmail.com"
						},
						"location": {
							"address": {
								"door": "city",
								"country": "IND",
								"city": "Bhavnagar",
								"street": "Bhavnagar",
								"area_code": "560038",
								"name": "Samarth",
								"locality": null,
								"ward": null,
								"state": "Gujarat",
								"building": "city"
							},
							"gps": "12.9814010000001, 77.6409810000001"
						}
					},
					"id": "4c974f01-38cb-44a1-acdb-addcd27ea20a",
					"type": "Prepaid",
					"tracking": true
				}
			],
			"provider": {
				"id": "grab-logistics"
			},
			"payment": {
				"type": "PRE-FULFILLMENT"
			},
			"items": [
				{
					"category_id": "Same Day Delivery",
					"id": "same-day-delivery"
				}
			],
			"billing": {
				"address": {
					"door": "city",
					"country": "IND",
					"city": "Bhavnagar",
					"street": "Bhavnagar",
					"area_code": "560038",
					"name": "Samarth",
					"locality": null,
					"ward": null,
					"state": "Gujarat",
					"building": "city"
				},
				"phone": "9234567898",
				"name": "Samarth",
				"email": "samarth@gmail.com"
			},
			"quote": {
				"price": {
					"currency": "INR",
					"value": "80.0"
				},
				"breakup": [
					{
						"@ondc/org/item_id": "same-day-delivery",
						"@ondc/org/title_type": "Delivery Charge",
						"price": {
							"currency": "INR",
							"value": "60.0"
						}
					},
					{
						"title": "RTO charges",
						"@ondc/org/title_type": "RTO Charge",
						"price": {
							"currency": "INR",
							"value": "20.0"
						}
					}
				]
			}
		}
	}
}