Request:
----------
{
	"context": {
		"transaction_id": "4c974f01-38cb-44a1-acdb-addcd27ea20a",
		"country": "IND",
		"bpp_id": "stagingapigateway.bizom.in/ondc",
		"city": "std:080",
		"domain": "nic2004:60232",
		"action": "track",
		"message_id": "9fa0631d-c078-4644-8272-69cde0ce7636",
		"core_version": "1.0.0",
		"ttl": "P1D",
		"bap_uri": "https://stagingapigateway.bizom.in/ondc",
		"bap_id": "stagingapigateway.bizom.in/ondc",
		"timestamp": "2022-08-23T13:35:37.595Z"
	},
	"message": {
		"order_id": "1Oj6nCyAdBloZ8D6ZyNp9FDqCxVeqQfc06f1CuFv0xA="
	}
}


Response:
----------
{
	"context": {
		"transaction_id": "4c974f01-38cb-44a1-acdb-addcd27ea20a",
		"country": "IND",
		"bpp_id": "uat.grab.in",
		"city": "std:080",
		"domain": "nic2004:60232",
		"action": "on_track",
		"message_id": "9fa0631d-c078-4644-8272-69cde0ce7636",
		"core_version": "1.0.0",
		"ttl": "P1D",
		"bap_uri": "https://stagingapigateway.bizom.in/ondc",
		"bap_id": "stagingapigateway.bizom.in/ondc",
		"timestamp": "2022-08-23T19:05:38.000Z",
		"bpp_uri": "https://uat.grab.in/beckn/bpp/"
	},
	"message": {
		"tracking": {
			"tl_method": "http/get",
			"url": "https://t.grab.in/?efJIBF",
			"status": "Active"
		}
	}
}