Request:
----------
{
	"context": {
		"transaction_id": "ce4f736f-770a-41ed-a03a-870cbcb887b9",
		"country": "IND",
		"bpp_id": "stagingapigateway.bizom.in/ondc",
		"city": "std:080",
		"domain": "nic2004:60232",
		"action": "update",
		"message_id": "8ea61d57-1b9f-4db6-98d3-1c27ec2318b4",
		"core_version": "1.0.0",
		"ttl": "P1D",
		"bap_uri": "https://stagingapigateway.bizom.in/ondc",
		"bap_id": "stagingapigateway.bizom.in/ondc",
		"timestamp": "2022-08-23T13:45:39.075Z"
	},
	"message": {
		"update_target": "fulfillment",
		"order": {
			"id": "vb64VipYIacHS7vNQ2FYNH3PLxhHl7WXVrA8d9GkY6g=",
			"state": "Active",
			"fulfillments": [
				{
					"id": "1",
					"type": "Prepaid",
					"tags": {
						"@ondc/org/order_ready_to_ship": "yes"
					}
				}
			]
		}
	}
}


Response:
----------
{
	"context": {
		"transaction_id": "ce4f736f-770a-41ed-a03a-870cbcb887b9",
		"country": "IND",
		"bpp_id": "uat.grab.in",
		"city": "std:080",
		"domain": "nic2004:60232",
		"action": "on_update",
		"message_id": "8ea61d57-1b9f-4db6-98d3-1c27ec2318b4",
		"core_version": "1.0.0",
		"ttl": "P1D",
		"bap_uri": "https://stagingapigateway.bizom.in/ondc",
		"bap_id": "stagingapigateway.bizom.in/ondc",
		"timestamp": "2022-08-23T20:08:09.000Z",
		"bpp_uri": "https://uat.grab.in/beckn/bpp/"
	},
	"message": {
		"update_target": "fulfillment",
		"order": {
			"id": "vb64VipYIacHS7vNQ2FYNH3PLxhHl7WXVrA8d9GkY6g=",
			"state": "Updated",
			"fulfillments": [
				{
					"id": "1",
					"type": "Prepaid",
					"tags": {
						"@ondc/org/order_ready_to_ship": "yes"
					},
					"start": {
						"time": {
							"range": {
								"start": "2022-08-23T20:18:09.000Z",
								"end": "2022-08-23T20:53:09.000Z"
							}
						}
					}
				}
			]
		}
	}
}