Request from: buyer-app-preprod.ondc.org
------------------------------------------
{
       "context": {
              "domain": "nic2004:52110",
              "country": "IND",
              "city": "std:080",
              "action": "confirm",
              "core_version": "1.0.0",
              "bap_id": "buyer-app-preprod.ondc.org",
              "bap_uri": "https://buyer-app-preprod.ondc.org/protocol/v1",
              "transaction_id": "cbdcca6b-375f-408b-b667-99b3b6ca5676",
              "message_id": "a3f95bf0-c365-4031-9b43-553d1d15379b",
              "timestamp": "2022-08-30T11:41:01.078Z",
              "bpp_id": "ondc.evitalrx.in"
       },
       "message": {
              "order": {
                     "id": "4665ac97-6770-440e-bc1c-5400c5c11e50",
                     "billing": {
                            "address": {
                                   "door": "TGL hotel",
                                   "name": "Manav Patel",
                                   "building": "TGL hotel",
                                   "street": "C-32, Pushpak city, Hathijan, ahmedabad",
                                   "locality": null,
                                   "ward": null,
                                   "city": "Ahmedabad",
                                   "state": "Gujarat",
                                   "country": "IND",
                                   "area_code": "382445"
                            },
                            "phone": "7043120038",
                            "name": "Manav Patel",
                            "email": "mdpjaymanavpatel94@gmail.com"
                     },
                     "items": [
                            {
                                   "id": "8XlTP5Mglr1MTvN3AwE7Aw==",
                                   "quantity": {
                                          "count": 6
                                   }
                            }
                     ],
                     "provider": {
                            "id": "caaW7GcXGRvkJ93wd0O5XQ==",
                            "locations": [
                                   {
                                          "id": null
                                   }
                            ]
                     },
                     "fulfillments": [
                            {
                                   "end": {
                                          "contact": {
                                                 "email": "mdpjaymanavpatel94@gmail.com",
                                                 "phone": "7043120038"
                                          },
                                          "location": {
                                                 "gps": "22.954914, 72.6550140000001",
                                                 "address": {
                                                        "door": "TGL hotel",
                                                        "name": "Manav Patel",
                                                        "building": "TGL hotel",
                                                        "street": "C-32, Pushpak city, Hathijan, ahmedabad",
                                                        "locality": null,
                                                        "ward": null,
                                                        "city": "Ahmedabad",
                                                        "state": "Gujarat",
                                                        "country": "IND",
                                                        "area_code": "382445"
                                                 }
                                          }
                                   },
                                   "type": "Delivery",
                                   "customer": {
                                          "person": {
                                                 "name": "Manav Patel"
                                          }
                                   },
                                   "provider_id": "caaW7GcXGRvkJ93wd0O5XQ=="
                            }
                     ],
                     "addOns": [],
                     "offers": [],
                     "payment": {
                            "params": {
                                   "amount": "700",
                                   "currency": "INR"
                            },
                            "status": "NOT-PAID",
                            "type": "POST-FULFILLMENT",
                            "collected_by": "BPP"
                     },
                     "quote": {
                            "price": {
                                   "currency": "INR",
                                   "value": 700
                            },
                            "breakup": [
                                   {
                                          "@ondc/org/item_id": "8XlTP5Mglr1MTvN3AwE7Aw==",
                                          "@ondc/org/item_quantity": {
                                                 "count": 6
                                          },
                                          "title": "Navratna Oil",
                                          "@ondc/org/title_type": "item",
                                          "price": {
                                                 "currency": "INR",
                                                 "value": 600
                                          }
                                   },
                                   {
                                          "title": "Delivery Charge",
                                          "@ondc/org/title_type": "delivery",
                                          "price": {
                                                 "currency": "INR",
                                                 "value": 100
                                          }
                                   }
                            ]
                     }
              }
       }
}

Response to: buyer-app-preprod.ondc.org
---------------------------------------
{
       "context": {
              "action": "on_confirm",
              "transaction_id": "cbdcca6b-375f-408b-b667-99b3b6ca5676",
              "message_id": "a3f95bf0-c365-4031-9b43-553d1d15379b",
              "bap_id": "buyer-app-preprod.ondc.org",
              "bap_uri": "https://buyer-app-preprod.ondc.org/protocol/v1",
              "domain": "nic2004:52110",
              "country": "IND",
              "city": "std:080",
              "core_version": "0.9.3",
              "bpp_id": "ondc.evitalrx.in",
              "bpp_uri": "https://ondc.evitalrx.in/",
              "ttl": "P1H",
              "key": "IRhD+bmmOQNVyXKziYzr0jMDkeAzS3y3Vx6oqiEA3eQ=",
              "timestamp": "2022-08-30T11:41:01.733Z"
       },
       "message": {
              "order": {
                     "id": "4665ac97-6770-440e-bc1c-5400c5c11e50",
                     "state": "Created",
                     "provider": {
                            "id": "caaW7GcXGRvkJ93wd0O5XQ==",
                            "descriptor": {
                                   "name": "Health Pharmacy4",
                                   "symbol": "https://d1tu4pmhr82np8.cloudfront.net/storage/chemists/thumb/default.jpg",
                                   "short_desc": "Jay Patel",
                                   "long_desc": "Jay Patel",
                                   "images": [
                                          "https://d1tu4pmhr82np8.cloudfront.net/storage/chemists/thumb/default.jpg",
                                          "https://d1tu4pmhr82np8.cloudfront.net/storage/chemists/thumb/default.jpg"
                                   ]
                            },
                            "locations": [
                                   {
                                          "id": "caaW7GcXGRvkJ93wd0O5XQ==",
                                          "gps": "23.0179652,72.5677348",
                                          "address": {
                                                 "street": "Shop No. 07, Sharda Complex .",
                                                 "city": "Ahmedabad",
                                                 "area_code": "382330",
                                                 "state": "Gujarat"
                                          }
                                   }
                            ],
                            "ttl": "P1H",
                            "rateable": true,
                            "@ondc/org/available_on_cod": true
                     },
                     "items": [
                            {
                                   "id": "8XlTP5Mglr1MTvN3AwE7Aw==",
                                   "quantity": {
                                          "count": 6
                                   }
                            }
                     ],
                     "billing": {
                            "address": {
                                   "door": "TGL hotel",
                                   "name": "Manav Patel",
                                   "building": "TGL hotel",
                                   "street": "C-32, Pushpak city, Hathijan, ahmedabad",
                                   "locality": null,
                                   "ward": null,
                                   "city": "Ahmedabad",
                                   "state": "Gujarat",
                                   "country": "IND",
                                   "area_code": "382445"
                            },
                            "phone": "7043120038",
                            "name": "Manav Patel",
                            "email": "mdpjaymanavpatel94@gmail.com"
                     },
                     "fulfillments": [
                            {
                                   "end": {
                                          "contact": {
                                                 "email": "mdpjaymanavpatel94@gmail.com",
                                                 "phone": "7043120038"
                                          },
                                          "location": {
                                                 "gps": "22.954914, 72.6550140000001",
                                                 "address": {
                                                        "door": "TGL hotel",
                                                        "name": "Manav Patel",
                                                        "building": "TGL hotel",
                                                        "street": "C-32, Pushpak city, Hathijan, ahmedabad",
                                                        "locality": null,
                                                        "ward": null,
                                                        "city": "Ahmedabad",
                                                        "state": "Gujarat",
                                                        "country": "IND",
                                                        "area_code": "382445"
                                                 }
                                          }
                                   },
                                   "type": "Delivery",
                                   "customer": {
                                          "person": {
                                                 "name": "Manav Patel"
                                          }
                                   },
                                   "provider_id": "caaW7GcXGRvkJ93wd0O5XQ=="
                            }
                     ],
                     "quote": {
                            "price": {
                                   "currency": "INR",
                                   "value": 700
                            },
                            "breakup": [
                                   {
                                          "@ondc/org/item_id": "8XlTP5Mglr1MTvN3AwE7Aw==",
                                          "@ondc/org/item_quantity": {
                                                 "count": 6
                                          },
                                          "title": "Navratna Oil",
                                          "@ondc/org/title_type": "item",
                                          "price": {
                                                 "currency": "INR",
                                                 "value": 600
                                          }
                                   },
                                   {
                                          "title": "Delivery Charge",
                                          "@ondc/org/title_type": "delivery",
                                          "price": {
                                                 "currency": "INR",
                                                 "value": 100
                                          }
                                   }
                            ]
                     },
                     "payment": {
                            "uri": "",
                            "tl_method": "http/get",
                            "params": {
                                   "amount": 700,
                                   "mode": "cod"
                            },
                            "type": "ON-FULFILLMENT",
                            "status": "NOT-PAID"
                     }
              }
       }
}


Request from: beta.mystore.in
------------------------------
{
       "context": {
              "domain": "nic2004:52110",
              "country": "IND",
              "city": "std:080",
              "core_version": "1.0.0",
              "action": "confirm",
              "bap_id": "beta.mystore.in",
              "bap_uri": "https://beta.mystore.in/ondc/1.0/",
              "bpp_id": "ondc.evitalrx.in",
              "bpp_uri": "https://ondc.evitalrx.in",
              "transaction_id": "405415d4-d9d0-433a-aecc-bc5363c31080",
              "message_id": "c7fcafdb-c6d5-4bfc-b956-14c1043f663d",
              "timestamp": "2022-08-30T12:13:23.527Z"
       },
       "message": {
              "order": {
                     "id": "630dfee220f6597d0746d1a9",
                     "state": "Created",
                     "provider": {
                            "id": "caaW7GcXGRvkJ93wd0O5XQ=="
                     },
                     "items": [
                            {
                                   "id": "D9aNbrQwkGURcvKur8tB4g==",
                                   "quantity": {
                                          "count": 5
                                   }
                            }
                     ],
                     "billing": {
                            "name": "manav patel",
                            "address": {
                                   "city": "ahemedabad",
                                   "state": "Gujarat",
                                   "country": "IN",
                                   "locality": "",
                                   "ward": ""
                            },
                            "email": "evital.manav@gmail.com",
                            "phone": "+917043120038"
                     },
                     "quote": {
                            "price": {
                                   "currency": "INR",
                                   "value": "600.0000"
                            },
                            "breakup": [
                                   {
                                          "@ondc/org/item_id": "D9aNbrQwkGURcvKur8tB4g==",
                                          "@ondc/org/item_quantity": {
                                                 "count": "5"
                                          },
                                          "@ondc/org/title_type": "item",
                                          "title": "SKU-77IKTNCWPL3",
                                          "price": {
                                                 "currency": "INR",
                                                 "value": "500"
                                          }
                                   }
                            ]
                     },
                     "payment": {
                            "params": {
                                   "transaction_id": "TXN-bPwLEb237",
                                   "amount": "600.0000",
                                   "currency": "INR"
                            },
                            "type": "ON-ORDER",
                            "status": "PAID",
                            "collected_by": "BAP",
                            "@ondc/org/collected_by_status": "Assert"
                     },
                     "created_at": "2022-08-30T12:13:22.778Z",
                     "fulfillments": [
                            {
                                   "type": "Delivery",
                                   "tracking": false,
                                   "start": {
                                          "location": {
                                                 "id": "caaW7GcXGRvkJ93wd0O5XQ==",
                                                 "descriptor": {
                                                        "name": "Health Pharmacy4"
                                                 }
                                          },
                                          "time": {
                                                 "range": {
                                                        "start": "2022-08-30T12:08:53.293Z",
                                                        "end": "2022-09-13T12:08:53.293Z"
                                                 }
                                          }
                                   },
                                   "end": {
                                          "location": {
                                                 "gps": "23.0100000,72.5600000",
                                                 "address": {
                                                        "door": "maninagar",
                                                        "name": "maninagar",
                                                        "locality": "maninagar",
                                                        "city": "ahemedabad",
                                                        "state": "Gujarat",
                                                        "country": "IN",
                                                        "area_code": "380008"
                                                 }
                                          },
                                          "time": {
                                                 "range": {
                                                        "start": "2022-08-30T12:08:53.293Z",
                                                        "end": "2022-09-13T12:08:53.293Z"
                                                 }
                                          }
                                   }
                            }
                     ]
              }
       }
}

Response to: beta.mystore.in
-----------------------------

{
       "context": {
              "action": "on_confirm",
              "transaction_id": "405415d4-d9d0-433a-aecc-bc5363c31080",
              "message_id": "c7fcafdb-c6d5-4bfc-b956-14c1043f663d",
              "bap_id": "beta.mystore.in",
              "bap_uri": "https://beta.mystore.in/ondc/1.0/",
              "domain": "nic2004:52110",
              "country": "IND",
              "city": "std:080",
              "core_version": "0.9.3",
              "bpp_id": "ondc.evitalrx.in",
              "bpp_uri": "https://ondc.evitalrx.in/",
              "ttl": "P1H",
              "key": "IRhD+bmmOQNVyXKziYzr0jMDkeAzS3y3Vx6oqiEA3eQ=",
              "timestamp": "2022-08-30T12:13:24.495Z"
       },
       "message": {
              "order": {
                     "id": "630dfee220f6597d0746d1a9",
                     "state": "Created",
                     "provider": {
                            "id": "caaW7GcXGRvkJ93wd0O5XQ==",
                            "descriptor": {
                                   "name": "Health Pharmacy4",
                                   "symbol": "https://d1tu4pmhr82np8.cloudfront.net/storage/chemists/thumb/default.jpg",
                                   "short_desc": "Jay Patel",
                                   "long_desc": "Jay Patel",
                                   "images": [
                                          "https://d1tu4pmhr82np8.cloudfront.net/storage/chemists/thumb/default.jpg",
                                          "https://d1tu4pmhr82np8.cloudfront.net/storage/chemists/thumb/default.jpg"
                                   ]
                            },
                            "locations": [
                                   {
                                          "id": "caaW7GcXGRvkJ93wd0O5XQ==",
                                          "gps": "23.0179652,72.5677348",
                                          "address": {
                                                 "street": "Shop No. 07, Sharda Complex .",
                                                 "city": "Ahmedabad",
                                                 "area_code": "382330",
                                                 "state": "Gujarat"
                                          }
                                   }
                            ],
                            "ttl": "P1H",
                            "rateable": true,
                            "@ondc/org/available_on_cod": true
                     },
                     "items": [
                            {
                                   "id": "D9aNbrQwkGURcvKur8tB4g==",
                                   "quantity": {
                                          "count": 5
                                   }
                            }
                     ],
                     "billing": {
                            "name": "manav patel",
                            "address": {
                                   "city": "ahemedabad",
                                   "state": "Gujarat",
                                   "country": "IN",
                                   "locality": "",
                                   "ward": ""
                            },
                            "email": "evital.manav@gmail.com",
                            "phone": "+917043120038"
                     },
                     "fulfillments": [
                            {
                                   "type": "Delivery",
                                   "tracking": false,
                                   "start": {
                                          "location": {
                                                 "id": "caaW7GcXGRvkJ93wd0O5XQ==",
                                                 "descriptor": {
                                                        "name": "Health Pharmacy4"
                                                 }
                                          },
                                          "time": {
                                                 "range": {
                                                        "start": "2022-08-30T12:08:53.293Z",
                                                        "end": "2022-09-13T12:08:53.293Z"
                                                 }
                                          }
                                   },
                                   "end": {
                                          "location": {
                                                 "gps": "23.0100000,72.5600000",
                                                 "address": {
                                                        "door": "maninagar",
                                                        "name": "maninagar",
                                                        "locality": "maninagar",
                                                        "city": "ahemedabad",
                                                        "state": "Gujarat",
                                                        "country": "IN",
                                                        "area_code": "380008"
                                                 }
                                          },
                                          "time": {
                                                 "range": {
                                                        "start": "2022-08-30T12:08:53.293Z",
                                                        "end": "2022-09-13T12:08:53.293Z"
                                                 }
                                          }
                                   }
                            }
                     ],
                     "quote": {
                            "price": {
                                   "currency": "INR",
                                   "value": 600
                            },
                            "breakup": [
                                   {
                                          "@ondc/org/item_id": "D9aNbrQwkGURcvKur8tB4g==",
                                          "@ondc/org/item_quantity": {
                                                 "count": 5
                                          },
                                          "title": "Colgate Sensitive Toothpaste",
                                          "@ondc/org/title_type": "item",
                                          "price": {
                                                 "currency": "INR",
                                                 "value": 500
                                          }
                                   },
                                   {
                                          "title": "Delivery Charge",
                                          "@ondc/org/title_type": "delivery",
                                          "price": {
                                                 "currency": "INR",
                                                 "value": 100
                                          }
                                   }
                            ]
                     },
                     "payment": {
                            "uri": "",
                            "tl_method": "http/get",
                            "params": {
                                   "amount": 600,
                                   "mode": "cod"
                            },
                            "type": "ON-FULFILLMENT",
                            "status": "NOT-PAID"
                     }
              }
       }
}