 Request from: buyer-app-preprod.ondc.org
------------------------------------------
{
       "context": {
              "domain": "nic2004:52110",
              "country": "IND",
              "city": "std:080",
              "action": "search",
              "core_version": "1.0.0",
              "bap_id": "buyer-app-preprod.ondc.org",
              "bap_uri": "https://buyer-app-preprod.ondc.org/protocol/v1",
              "transaction_id": "cbdcca6b-375f-408b-b667-99b3b6ca5676",
              "message_id": "7e904cb9-7a71-472a-b154-5dbb9cf0393a",
              "timestamp": "2022-08-30T11:32:03.449Z"
       },
       "message": {
              "intent": {
                     "item": {
                            "descriptor": {
                                   "name": "navratna"
                            }
                     },
                     "fulfillment": {
                            "end": {
                                   "location": {
                                          "gps": "23.018652,72.5977130000001"
                                   }
                            }
                     },
                     "payment": {
                            "@ondc/org/buyer_app_finder_fee_type": "Percent",
                            "@ondc/org/buyer_app_finder_fee_amount": 3
                     }
              }
       }
}
Response to: buyer-app-preprod.ondc.org
---------------------------------------
{
       "context": {
              "action": "on_search",
              "transaction_id": "cbdcca6b-375f-408b-b667-99b3b6ca5676",
              "message_id": "7e904cb9-7a71-472a-b154-5dbb9cf0393a",
              "bap_id": "buyer-app-preprod.ondc.org",
              "bap_uri": "https://buyer-app-preprod.ondc.org/protocol/v1",
              "domain": "nic2004:52110",
              "country": "IND",
              "city": "std:080",
              "core_version": "0.9.3",
              "bpp_id": "ondc.evitalrx.in",
              "bpp_uri": "https://ondc.evitalrx.in/",
              "ttl": "P1H",
              "key": "IRhD+bmmOQNVyXKziYzr0jMDkeAzS3y3Vx6oqiEA3eQ=",
              "timestamp": "2022-08-30T11:32:03.864Z"
       },
       "message": {
              "catalog": {
                     "bpp/descriptor": {
                            "name": "eVitalRx",
                            "symbol": "https://www.evitalrx.in/assets/images/eVitalRx_logo.png",
                            "short_desc": "Cloud Based Pharmacy Billing, Inventory and CRM",
                            "long_desc": "Equality Healthcare is a Private Limited company based in India, engaged in developing technological solutions to revolutionize Healthcare scenario of India. At Equality Healthcare, we aim to make information seamlessly available to patients and healthcare professional in order to assist better treatment plans and improve the patient outcomes.",
                            "images": [
                                   "https://d1tu4pmhr82np8.cloudfront.net/storage/extra/chemist_landing_page/banners/slider-1904.jpeg",
                                   "https://d1tu4pmhr82np8.cloudfront.net/storage/extra/chemist_landing_page/banners/slider_banner4.jpg"
                            ]
                     },
                     "bpp/providers": [
                            {
                                   "id": "caaW7GcXGRvkJ93wd0O5XQ==",
                                   "descriptor": {
                                          "name": "Health Pharmacy4",
                                          "symbol": "https://d1tu4pmhr82np8.cloudfront.net/storage/chemists/thumb/default.jpg",
                                          "short_desc": "Jay Patel",
                                          "long_desc": "Jay Patel",
                                          "images": [
                                                 "https://d1tu4pmhr82np8.cloudfront.net/storage/chemists/thumb/default.jpg",
                                                 "https://d1tu4pmhr82np8.cloudfront.net/storage/chemists/thumb/default.jpg"
                                          ]
                                   },
                                   "items": [
                                          {
                                                 "id": "8XlTP5Mglr1MTvN3AwE7Aw==",
                                                 "descriptor": {
                                                        "name": "Navratna Oil",
                                                        "short_desc": "1 Bottle -  -  -",
                                                        "long_desc": "",
                                                        "images": [
                                                               "https://d1tu4pmhr82np8.cloudfront.net/storage/medicines/thumb/62e22985c7f86.jpg",
                                                               "https://d1tu4pmhr82np8.cloudfront.net/storage/medicines/62e22985c7f86.jpg"
                                                        ]
                                                 },
                                                 "price": {
                                                        "currency": "INR",
                                                        "value": 100,
                                                        "maximum_value": 100
                                                 },
                                                 "category_id": "Grocery",
                                                 "fulfillment_id": "caaW7GcXGRvkJ93wd0O5XQ==",
                                                 "location_id": "caaW7GcXGRvkJ93wd0O5XQ==",
                                                 "matched": true,
                                                 "@ondc/org/returnable": false,
                                                 "@ondc/org/cancellable": false,
                                                 "@ondc/org/contact_details_consumer_care": "+919998931162,+919998931162",
                                                 "@ondc/org/statutory_reqs_packaged_commodities": {
                                                        "manufacturer_or_packer_name": "Emami Ltd",
                                                        "manufacturer_or_packer_address": "India",
                                                        "net_quantity_or_measure_of_commodity_in_pkg": "1 Bottle -  -  -",
                                                        "imported_product_country_of_origin": "India"
                                                 }
                                          }
                                   ],
                                   "ttl": "P1H",
                                   "rateable": true,
                                   "@ondc/org/available_on_cod": true
                            }
                     ]
              }
       }
}

Request from: beta.mystore.in
------------------------------
{
       "context": {
              "domain": "nic2004:52110",
              "country": "IND",
              "city": "std:080",
              "core_version": "1.0.0",
              "action": "search",
              "bap_id": "beta.mystore.in",
              "bap_uri": "https://beta.mystore.in/ondc/1.0/",
              "transaction_id": "2cc20ddb-9c63-411e-a828-e3b9dd4f7f35",
              "message_id": "7ae8aaab-80b4-4563-9b41-b56cd438fe1a",
              "timestamp": "2022-08-30T12:06:58.798Z"
       },
       "message": {
              "intent": {
                     "item": {
                            "descriptor": {
                                   "name": "colgate"
                            }
                     },
                     "fulfillment": {
                            "end": {
                                   "location": {
                                          "gps": "23.0100000,72.5600000"
                                   }
                            }
                     },
                     "payment": {
                            "@ondc/org/buyer_app_finder_fee_type": "percent",
                            "@ondc/org/buyer_app_finder_fee_amount": 3
                     }
              }
       }
}

Response to: beta.mystore.in
-----------------------------
{
       "context": {
              "action": "on_search",
              "transaction_id": "2cc20ddb-9c63-411e-a828-e3b9dd4f7f35",
              "message_id": "7ae8aaab-80b4-4563-9b41-b56cd438fe1a",
              "bap_id": "beta.mystore.in",
              "bap_uri": "https://beta.mystore.in/ondc/1.0/",
              "domain": "nic2004:52110",
              "country": "IND",
              "city": "std:080",
              "core_version": "0.9.3",
              "bpp_id": "ondc.evitalrx.in",
              "bpp_uri": "https://ondc.evitalrx.in/",
              "ttl": "P1H",
              "key": "IRhD+bmmOQNVyXKziYzr0jMDkeAzS3y3Vx6oqiEA3eQ=",
              "timestamp": "2022-08-30T12:06:59.145Z"
       },
       "message": {
              "catalog": {
                     "bpp/descriptor": {
                            "name": "eVitalRx",
                            "symbol": "https://www.evitalrx.in/assets/images/eVitalRx_logo.png",
                            "short_desc": "Cloud Based Pharmacy Billing, Inventory and CRM",
                            "long_desc": "Equality Healthcare is a Private Limited company based in India, engaged in developing technological solutions to revolutionize Healthcare scenario of India. At Equality Healthcare, we aim to make information seamlessly available to patients and healthcare professional in order to assist better treatment plans and improve the patient outcomes.",
                            "images": [
                                   "https://d1tu4pmhr82np8.cloudfront.net/storage/extra/chemist_landing_page/banners/slider-1904.jpeg",
                                   "https://d1tu4pmhr82np8.cloudfront.net/storage/extra/chemist_landing_page/banners/slider_banner4.jpg"
                            ]
                     },
                     "bpp/providers": [
                            {
                                   "id": "caaW7GcXGRvkJ93wd0O5XQ==",
                                   "descriptor": {
                                          "name": "Health Pharmacy4",
                                          "symbol": "https://d1tu4pmhr82np8.cloudfront.net/storage/chemists/thumb/default.jpg",
                                          "short_desc": "Jay Patel",
                                          "long_desc": "Jay Patel",
                                          "images": [
                                                 "https://d1tu4pmhr82np8.cloudfront.net/storage/chemists/thumb/default.jpg",
                                                 "https://d1tu4pmhr82np8.cloudfront.net/storage/chemists/thumb/default.jpg"
                                          ]
                                   },
                                   "items": [
                                          {
                                                 "id": "D9aNbrQwkGURcvKur8tB4g==",
                                                 "descriptor": {
                                                        "name": "Colgate Sensitive Toothpaste",
                                                        "short_desc": "100 gm Toothpaste",
                                                        "long_desc": "",
                                                        "images": [
                                                               "https://d1tu4pmhr82np8.cloudfront.net/storage/medicines/thumb/62e22ca4cc7f0.jpg",
                                                               "https://d1tu4pmhr82np8.cloudfront.net/storage/medicines/62e22ca4cc7f0.jpg"
                                                        ]
                                                 },
                                                 "price": {
                                                        "currency": "INR",
                                                        "value": 100,
                                                        "maximum_value": 100
                                                 },
                                                 "category_id": "Grocery",
                                                 "fulfillment_id": "caaW7GcXGRvkJ93wd0O5XQ==",
                                                 "location_id": "caaW7GcXGRvkJ93wd0O5XQ==",
                                                 "matched": true,
                                                 "@ondc/org/returnable": false,
                                                 "@ondc/org/cancellable": false,
                                                 "@ondc/org/contact_details_consumer_care": "+919998931162,+919998931162",
                                                 "@ondc/org/statutory_reqs_packaged_commodities": {
                                                        "manufacturer_or_packer_name": "Colgate-Palmolive Company",
                                                        "manufacturer_or_packer_address": "India",
                                                        "net_quantity_or_measure_of_commodity_in_pkg": "100 gm Toothpaste",
                                                        "imported_product_country_of_origin": "India"
                                                 }
                                          }
                                   ],
                                   "ttl": "P1H",
                                   "rateable": true,
                                   "@ondc/org/available_on_cod": true
                            }
                     ]
              }
       }
}