Request from: buyer-app-preprod.ondc.org
------------------------------------------
{
       "context": {
              "domain": "nic2004:52110",
              "country": "IND",
              "city": "std:080",
              "action": "select",
              "core_version": "1.0.0",
              "bap_id": "buyer-app-preprod.ondc.org",
              "bap_uri": "https://buyer-app-preprod.ondc.org/protocol/v1",
              "transaction_id": "cbdcca6b-375f-408b-b667-99b3b6ca5676",
              "message_id": "40d2ed96-e2b8-45e3-ab47-a887789b3cfa",
              "timestamp": "2022-08-30T11:34:59.833Z",
              "bpp_id": "ondc.evitalrx.in"
       },
       "message": {
              "order": {
                     "items": [
                            {
                                   "id": "8XlTP5Mglr1MTvN3AwE7Aw==",
                                   "quantity": {
                                          "count": 6
                                   }
                            }
                     ],
                     "provider": {
                            "id": "caaW7GcXGRvkJ93wd0O5XQ==",
                            "locations": [
                                   {
                                          "id": null
                                   }
                            ]
                     },
                     "fulfillments": [
                            {
                                   "end": {
                                          "location": {
                                                 "gps": "23.018652, 72.5977130000001",
                                                 "address": {
                                                        "area_code": "380022"
                                                 }
                                          }
                                   }
                            }
                     ]
              }
       }
}

Response to: buyer-app-preprod.ondc.org
---------------------------------------
{
       "context": {
              "action": "on_select",
              "transaction_id": "cbdcca6b-375f-408b-b667-99b3b6ca5676",
              "message_id": "40d2ed96-e2b8-45e3-ab47-a887789b3cfa",
              "bap_id": "buyer-app-preprod.ondc.org",
              "bap_uri": "https://buyer-app-preprod.ondc.org/protocol/v1",
              "domain": "nic2004:52110",
              "country": "IND",
              "city": "std:080",
              "core_version": "0.9.3",
              "bpp_id": "ondc.evitalrx.in",
              "bpp_uri": "https://ondc.evitalrx.in/",
              "ttl": "P1H",
              "key": "IRhD+bmmOQNVyXKziYzr0jMDkeAzS3y3Vx6oqiEA3eQ=",
              "timestamp": "2022-08-30T11:35:00.320Z"
       },
       "message": {
              "order": {
                     "provider": {
                            "id": "caaW7GcXGRvkJ93wd0O5XQ==",
                            "descriptor": {
                                   "name": "Health Pharmacy4",
                                   "symbol": "https://d1tu4pmhr82np8.cloudfront.net/storage/chemists/thumb/default.jpg",
                                   "short_desc": "Jay Patel",
                                   "long_desc": "Jay Patel",
                                   "images": [
                                          "https://d1tu4pmhr82np8.cloudfront.net/storage/chemists/thumb/default.jpg",
                                          "https://d1tu4pmhr82np8.cloudfront.net/storage/chemists/thumb/default.jpg"
                                   ]
                            },
                            "locations": [
                                   {
                                          "id": "caaW7GcXGRvkJ93wd0O5XQ==",
                                          "gps": "23.0179652,72.5677348",
                                          "address": {
                                                 "street": "Shop No. 07, Sharda Complex .",
                                                 "city": "Ahmedabad",
                                                 "area_code": "382330",
                                                 "state": "Gujarat"
                                          }
                                   }
                            ],
                            "ttl": "P1H",
                            "rateable": true,
                            "@ondc/org/available_on_cod": true
                     },
                     "items": [
                            {
                                   "id": "8XlTP5Mglr1MTvN3AwE7Aw==",
                                   "price": {
                                          "currency": "INR",
                                          "value": 100
                                   },
                                   "quantity": {
                                          "selected": {
                                                 "count": 6
                                          }
                                   }
                            }
                     ],
                     "quote": {
                            "price": {
                                   "currency": "INR",
                                   "value": 600
                            },
                            "breakup": [
                                   {
                                          "@ondc/org/item_id": "8XlTP5Mglr1MTvN3AwE7Aw==",
                                          "@ondc/org/item_quantity": {
                                                 "count": 6
                                          },
                                          "title": "Navratna Oil",
                                          "@ondc/org/title_type": "item",
                                          "price": {
                                                 "currency": "INR",
                                                 "value": 600
                                          }
                                   }
                            ],
                            "ttl": "P1H"
                     }
              }
       }
}


Request from: beta.mystore.in
------------------------------

{
       "context": {
              "domain": "nic2004:52110",
              "country": "IND",
              "city": "std:080",
              "core_version": "1.0.0",
              "action": "select",
              "bap_id": "beta.mystore.in",
              "bap_uri": "https://beta.mystore.in/ondc/1.0/",
              "bpp_id": "ondc.evitalrx.in",
              "bpp_uri": "https://ondc.evitalrx.in",
              "transaction_id": "405415d4-d9d0-433a-aecc-bc5363c31080",
              "message_id": "11c4e7df-8ab6-4659-b456-867ab59050f2",
              "timestamp": "2022-08-30T12:08:53.294Z"
       },
       "message": {
              "order": {
                     "provider": {
                            "id": "caaW7GcXGRvkJ93wd0O5XQ=="
                     },
                     "items": [
                            {
                                   "id": "D9aNbrQwkGURcvKur8tB4g==",
                                   "quantity": {
                                          "count": 5
                                   }
                            }
                     ],
                     "fulfillments": [
                            {
                                   "end": {
                                          "location": {
                                                 "gps": "23.0100000,72.5600000"
                                          }
                                   }
                            }
                     ]
              }
       }
}


Response to: beta.mystore.in
-----------------------------
{
       "context": {
              "action": "on_select",
              "transaction_id": "405415d4-d9d0-433a-aecc-bc5363c31080",
              "message_id": "11c4e7df-8ab6-4659-b456-867ab59050f2",
              "bap_id": "beta.mystore.in",
              "bap_uri": "https://beta.mystore.in/ondc/1.0/",
              "domain": "nic2004:52110",
              "country": "IND",
              "city": "std:080",
              "core_version": "0.9.3",
              "bpp_id": "ondc.evitalrx.in",
              "bpp_uri": "https://ondc.evitalrx.in/",
              "ttl": "P1H",
              "key": "IRhD+bmmOQNVyXKziYzr0jMDkeAzS3y3Vx6oqiEA3eQ=",
              "timestamp": "2022-08-30T12:08:53.688Z"
       },
       "message": {
              "order": {
                     "provider": {
                            "id": "caaW7GcXGRvkJ93wd0O5XQ==",
                            "descriptor": {
                                   "name": "Health Pharmacy4",
                                   "symbol": "https://d1tu4pmhr82np8.cloudfront.net/storage/chemists/thumb/default.jpg",
                                   "short_desc": "Jay Patel",
                                   "long_desc": "Jay Patel",
                                   "images": [
                                          "https://d1tu4pmhr82np8.cloudfront.net/storage/chemists/thumb/default.jpg",
                                          "https://d1tu4pmhr82np8.cloudfront.net/storage/chemists/thumb/default.jpg"
                                   ]
                            },
                            "locations": [
                                   {
                                          "id": "caaW7GcXGRvkJ93wd0O5XQ==",
                                          "gps": "23.0179652,72.5677348",
                                          "address": {
                                                 "street": "Shop No. 07, Sharda Complex .",
                                                 "city": "Ahmedabad",
                                                 "area_code": "382330",
                                                 "state": "Gujarat"
                                          }
                                   }
                            ],
                            "ttl": "P1H",
                            "rateable": true,
                            "@ondc/org/available_on_cod": true
                     },
                     "items": [
                            {
                                   "id": "D9aNbrQwkGURcvKur8tB4g==",
                                   "price": {
                                          "currency": "INR",
                                          "value": 100
                                   },
                                   "quantity": {
                                          "selected": {
                                                 "count": 5
                                          }
                                   }
                            }
                     ],
                     "quote": {
                            "price": {
                                   "currency": "INR",
                                   "value": 500
                            },
                            "breakup": [
                                   {
                                          "@ondc/org/item_id": "D9aNbrQwkGURcvKur8tB4g==",
                                          "@ondc/org/item_quantity": {
                                                 "count": 5
                                          },
                                          "title": "Colgate Sensitive Toothpaste",
                                          "@ondc/org/title_type": "item",
                                          "price": {
                                                 "currency": "INR",
                                                 "value": 500
                                          }
                                   }
                            ],
                            "ttl": "P1H"
                     }
              }
       }
}