Request from: buyer-app-preprod.ondc.org
------------------------------------------
{
       "context": {
              "domain": "nic2004:52110",
              "country": "IND",
              "city": "std:080",
              "action": "status",
              "core_version": "1.0.0",
              "bap_id": "buyer-app-preprod.ondc.org",
              "bap_uri": "https://buyer-app-preprod.ondc.org/protocol/v1",
              "transaction_id": "cbdcca6b-375f-408b-b667-99b3b6ca5676",
              "message_id": "193899bc-cb57-4ded-b7e1-3172eb5b2f2e",
              "timestamp": "2022-08-30T11:43:13.960Z",
              "bpp_id": "ondc.evitalrx.in"
       },
       "message": {
              "order_id": "4665ac97-6770-440e-bc1c-5400c5c11e50"
       }
}

Response to: buyer-app-preprod.ondc.org
---------------------------------------
{
       "context": {
              "action": "on_status",
              "transaction_id": "cbdcca6b-375f-408b-b667-99b3b6ca5676",
              "message_id": "193899bc-cb57-4ded-b7e1-3172eb5b2f2e",
              "bap_id": "buyer-app-preprod.ondc.org",
              "bap_uri": "https://buyer-app-preprod.ondc.org/protocol/v1",
              "domain": "nic2004:52110",
              "country": "IND",
              "city": "std:080",
              "core_version": "0.9.3",
              "bpp_id": "ondc.evitalrx.in",
              "bpp_uri": "https://ondc.evitalrx.in/",
              "ttl": "P1H",
              "key": "IRhD+bmmOQNVyXKziYzr0jMDkeAzS3y3Vx6oqiEA3eQ=",
              "timestamp": "2022-08-30T11:43:14.190Z"
       },
       "message": {
              "order": {
                     "id": "4665ac97-6770-440e-bc1c-5400c5c11e50",
                     "state": "Created"
              }
       }
}
