Request from: buyer-app-preprod.ondc.org
------------------------------------------
{
       "context": {
              "domain": "nic2004:52110",
              "country": "IND",
              "city": "std:080",
              "action": "support",
              "core_version": "1.0.0",
              "bap_id": "buyer-app-preprod.ondc.org",
              "bap_uri": "https://buyer-app-preprod.ondc.org/protocol/v1",
              "transaction_id": "cbdcca6b-375f-408b-b667-99b3b6ca5676",
              "message_id": "a14097bd-339f-4e67-94c0-83b98cb62c3f",
              "timestamp": "2022-08-30T11:47:26.155Z",
              "bpp_id": "ondc.evitalrx.in"
       },
       "message": {
              "ref_id": "4665ac97-6770-440e-bc1c-5400c5c11e50"
       }
}

Response to: buyer-app-preprod.ondc.org
---------------------------------------
{
       "context": {
              "action": "on_support",
              "transaction_id": "cbdcca6b-375f-408b-b667-99b3b6ca5676",
              "message_id": "a14097bd-339f-4e67-94c0-83b98cb62c3f",
              "bap_id": "buyer-app-preprod.ondc.org",
              "bap_uri": "https://buyer-app-preprod.ondc.org/protocol/v1",
              "domain": "nic2004:52110",
              "country": "IND",
              "city": "std:080",
              "core_version": "0.9.3",
              "bpp_id": "ondc.evitalrx.in",
              "bpp_uri": "https://ondc.evitalrx.in/",
              "ttl": "P1H",
              "key": "IRhD+bmmOQNVyXKziYzr0jMDkeAzS3y3Vx6oqiEA3eQ=",
              "timestamp": "2022-08-30T11:47:26.296Z"
       },
       "message": {
              "phone": "9998931162",
              "email": "sano.raumil@gmail.com",
              "uri": ""
       }
}
