Request from: buyer-app-preprod.ondc.org
------------------------------------------
{
       "context": {
              "domain": "nic2004:52110",
              "country": "IND",
              "city": "std:080",
              "action": "track",
              "core_version": "1.0.0",
              "bap_id": "buyer-app-preprod.ondc.org",
              "bap_uri": "https://buyer-app-preprod.ondc.org/protocol/v1",
              "transaction_id": "cbdcca6b-375f-408b-b667-99b3b6ca5676",
              "message_id": "7cd66e7d-ba29-422a-ad62-d41a3c9c148d",
              "timestamp": "2022-08-30T11:44:50.237Z",
              "bpp_id": "ondc.evitalrx.in"
       },
       "message": {
              "order_id": "4665ac97-6770-440e-bc1c-5400c5c11e50"
       }
}

Response to: buyer-app-preprod.ondc.org
---------------------------------------
{
       "context": {
              "action": "on_track",
              "transaction_id": "cbdcca6b-375f-408b-b667-99b3b6ca5676",
              "message_id": "7cd66e7d-ba29-422a-ad62-d41a3c9c148d",
              "bap_id": "buyer-app-preprod.ondc.org",
              "bap_uri": "https://buyer-app-preprod.ondc.org/protocol/v1",
              "domain": "nic2004:52110",
              "country": "IND",
              "city": "std:080",
              "core_version": "0.9.3",
              "bpp_id": "ondc.evitalrx.in",
              "bpp_uri": "https://ondc.evitalrx.in/",
              "ttl": "P1H",
              "key": "IRhD+bmmOQNVyXKziYzr0jMDkeAzS3y3Vx6oqiEA3eQ=",
              "timestamp": "2022-08-30T11:44:50.430Z"
       },
       "message": {
              "tracking": {
                     "url": "https://dev.evital.in/invoice/T0JMN0c0QzFITQ==/",
                     "id": "4665ac97-6770-440e-bc1c-5400c5c11e50",
                     "status": "active"
              }
       }
}
