Search :

{
  "context": {
    "domain": "nic2004:52110",
    "action": "search",
    "country": "IND",
    "city": "std:080",
    "core_version": "1.0.0",
    "bap_id": "www.firstforwardondc.com",
    "bap_uri": "https://api.plotch.ai/ondc/v1/146622/",
    "transaction_id": "ea648413-e487-4bbc-9a64-459db3404de5",
    "message_id": "2f702260-1a8c-446c-af24-12d9e1e8c50a",
    "timestamp": "2022-09-16T08:58:19.966Z",
    "ttl": "PT30S"
  },
  "message": {
    "intent": {
      "item": {
        "descriptor": {
          "name": "Quaker Oats"
        }
      },
      "fulfillment": {
        "type": "Delivery",
        "end": {
          "location": {
            "gps": "12.9715987,77.5945627"
          }
        }
      },
      "payment": {
        "@ondc/org/buyer_app_finder_fee_type": "percent",
        "@ondc/org/buyer_app_finder_fee_amount": "3"
      }
    }
  }
}


on_search :

{
  "context": {
    "domain": "nic2004:52110",
    "action": "on_search",
    "country": "IND",
    "city": "std:080",
    "core_version": "1.0.0",
    "bap_id": "www.firstforwardondc.com",
    "bap_uri": "https://api.plotch.ai/ondc/v1/146622/",
    "transaction_id": "ea648413-e487-4bbc-9a64-459db3404de5",
    "message_id": "2f702260-1a8c-446c-af24-12d9e1e8c50a",
    "timestamp": "2022-09-16T08:58:20.658Z",
    "ttl": "PT30S",
    "bpp_id": "b-ondc-seller-bpp.nlincs.in",
    "bpp_uri": "https://b-ondc-seller-bpp.nlincs.in/bpp"
  },
  "message": {
    "catalog": {
      "bpp/fulfillments": [
        {
          "id": "1",
          "type": "Delivery"
        },
        {
          "id": "2",
          "type": "Pickup"
        },
        {
          "id": "3",
          "type": "home-delivery"
        },
        {
          "id": "4",
          "type": "HOME-DELIVERY"
        }
      ],
      "bpp/descriptor": {
        "name": "nStore",
        "symbol": "https://nstore.in/wp-content/uploads/2022/02/cropped-favicon-192x192.png",
        "short_desc": "Engagement platform between stores and consumers",
        "long_desc": "Engagement platform between stores and consumers",
        "images": [
          "https://nstore.in/wp-content/uploads/2022/02/cropped-favicon-192x192.png"
        ]
      },
      "bpp/providers": [
        {
          "id": "20372",
          "descriptor": {
            "name": "Ramachandra Stores",
            "short_desc": "Ramachandra Stores",
            "long_desc": "Ramachandra Stores",
            "symbol": "https://nstoreassets.s3.amazonaws.com/20372/store_logo/20372_4mwewq0ul7s0240p.jpg",
            "images": [
              "https://nstoreassets.s3.amazonaws.com/20372/store_logo/20372_4mwewq0ul7s0240p.jpg"
            ]
          },
          "locations": [
            {
              "id": "20372",
              "address": {
                "name": "#6, first floor",
                "locality": "7th Cross, 2nd Main Road",
                "city": "Bengaluru",
                "state": "Karnataka",
                "area_code": "560003"
              },
              "gps": "12.9930903,77.4997999",
              "circle": {
                "gps": "12.9930903,77.4997999",
                "radius": {
                  "value": 200,
                  "unit": "meters"
                }
              }
            }
          ],
          "items": [
            {
              "id": "172",
              "descriptor": {
                "name": "Quaker Oats 1 kg",
                "short_desc": "Quaker Oats 1 kg",
                "long_desc": "Quaker Oats 1 kg",
                "images": [
                  "https://nstoreassets.s3.amazonaws.com/20369_B/172_1.png"
                ]
              },
              "price": {
                "currency": "INR",
                "value": "174.00",
                "maximum_value": "199.00"
              },
              "category_id": "Packaged Commodities",
              "location_id": "20372",
              "fulfillment_id": "1",
              "matched": true,
              "@ondc/org/returnable": false,
              "@ondc/org/seller_pickup_return": false,
              "@ondc/org/cancellable": false,
              "@ondc/org/time_to_ship": "PT2H",
              "@ondc/org/available_on_cod": false,
              "@ondc/org/contact_details_consumer_care": "9663678478, abc@gmail.com",
              "@ondc/org/statutory_reqs_packaged_commodities": {
                "manufacturer_or_packer_name": "Ramachandra Stores",
                "manufacturer_or_packer_address": "#6, first floor 7th Cross, 2nd Main Road, Bengaluru, Karnataka - 560003",
                "common_or_generic_name_of_commodity": "Quaker Oats 1 kg",
                "net_quantity_or_measure_of_commodity_in_pkg": "1000",
                "month_year_of_manufacture_packing_import": "9/2022"
              },
              "@ondc/org/statutory_reqs_prepackaged_food": {
                
              },
              "@ondc/org/mandatory_reqs_veggies_fruits": {
                
              }
            },
            {
              "id": "239",
              "descriptor": {
                "name": "Quaker Oats 400 g",
                "short_desc": "Quaker Oats 400 g",
                "long_desc": "Quaker Oats 400 g",
                "images": [
                  "https://nstoreassets.s3.amazonaws.com/20369_B/239_1.png"
                ]
              },
              "price": {
                "currency": "INR",
                "value": "75.00",
                "maximum_value": "79.00"
              },
              "category_id": "Packaged Commodities",
              "location_id": "20372",
              "fulfillment_id": "1",
              "matched": true,
              "@ondc/org/returnable": false,
              "@ondc/org/seller_pickup_return": false,
              "@ondc/org/cancellable": false,
              "@ondc/org/time_to_ship": "PT2H",
              "@ondc/org/available_on_cod": false,
              "@ondc/org/contact_details_consumer_care": "9663678478, abc@gmail.com",
              "@ondc/org/statutory_reqs_packaged_commodities": {
                "manufacturer_or_packer_name": "Ramachandra Stores",
                "manufacturer_or_packer_address": "#6, first floor 7th Cross, 2nd Main Road, Bengaluru, Karnataka - 560003",
                "common_or_generic_name_of_commodity": "Quaker Oats 400 g",
                "net_quantity_or_measure_of_commodity_in_pkg": "1000",
                "month_year_of_manufacture_packing_import": "9/2022"
              },
              "@ondc/org/statutory_reqs_prepackaged_food": {
                
              },
              "@ondc/org/mandatory_reqs_veggies_fruits": {
                
              }
            },
            {
              "id": "359",
              "descriptor": {
                "name": "Quaker Oats with Flavour Mix 200 g",
                "short_desc": "Quaker Oats with Flavour Mix 200 g",
                "long_desc": "Quaker Oats with Flavour Mix 200 g",
                "images": [
                  "https://nstoreassets.s3.amazonaws.com/20369_B/359_1.png"
                ]
              },
              "price": {
                "currency": "INR",
                "value": "40.00",
                "maximum_value": "49.00"
              },
              "category_id": "Packaged Commodities",
              "location_id": "20372",
              "fulfillment_id": "1",
              "matched": true,
              "@ondc/org/returnable": false,
              "@ondc/org/seller_pickup_return": false,
              "@ondc/org/cancellable": false,
              "@ondc/org/time_to_ship": "PT2H",
              "@ondc/org/available_on_cod": false,
              "@ondc/org/contact_details_consumer_care": "9663678478, abc@gmail.com",
              "@ondc/org/statutory_reqs_packaged_commodities": {
                "manufacturer_or_packer_name": "Ramachandra Stores",
                "manufacturer_or_packer_address": "#6, first floor 7th Cross, 2nd Main Road, Bengaluru, Karnataka - 560003",
                "common_or_generic_name_of_commodity": "Quaker Oats with Flavour Mix 200 g",
                "net_quantity_or_measure_of_commodity_in_pkg": "1000",
                "month_year_of_manufacture_packing_import": "9/2022"
              },
              "@ondc/org/statutory_reqs_prepackaged_food": {
                
              },
              "@ondc/org/mandatory_reqs_veggies_fruits": {
                
              }
            }
          ],
          "@ondc/org/fssai_license_no": "",
          "ttl": "P1D",
          "rateable": true
        }
      ]
    }
  }
}



Select :
{
  "context": {
    "domain": "nic2004:52110",
    "action": "select",
    "country": "IND",
    "city": "std:080",
    "core_version": "1.0.0",
    "bpp_id": "b-ondc-seller-bpp.nlincs.in",
    "bpp_uri": "https://b-ondc-seller-bpp.nlincs.in/bpp",
    "bap_id": "www.firstforwardondc.com",
    "bap_uri": "https://api.plotch.ai/ondc/v1/146622/",
    "transaction_id": "4ac0557f-e05a-4a2e-b884-fffd91fddd55",
    "message_id": "201d9900-b336-4ed9-911e-7560853edce2",
    "timestamp": "2022-09-16T08:58:27.619Z",
    "ttl": "PT30S"
  },
  "message": {
    "order": {
      "fulfillments": [
        {
          "end": {
            "location": {
              "gps": "12.9715987,77.5945627",
              "address": {
                "area_code": "560001"
              }
            }
          }
        }
      ],
      "items": [
        {
          "id": "106",
          "location_id": "20354",
          "quantity": {
            "count": 1
          }
        }
      ],
      "provider": {
        "id": "20354",
        "locations": [
          {
            "id": "20354"
          }
        ]
      }
    }
  }
}


on_select :

{
  "context": {
    "domain": "nic2004:52110",
    "action": "on_select",
    "country": "IND",
    "city": "std:080",
    "core_version": "1.0.0",
    "bpp_id": "b-ondc-seller-bpp.nlincs.in",
    "bpp_uri": "https://b-ondc-seller-bpp.nlincs.in/bpp",
    "bap_id": "www.firstforwardondc.com",
    "bap_uri": "https://api.plotch.ai/ondc/v1/146622/",
    "transaction_id": "4ac0557f-e05a-4a2e-b884-fffd91fddd55",
    "message_id": "201d9900-b336-4ed9-911e-7560853edce2",
    "timestamp": "2022-09-16T08:58:27.936Z",
    "ttl": "PT30S"
  },
  "message": {
    "order": {
      "provider": {
        "id": "20354"
      },
      "items": [
        {
          "fulfillment_id": "20354",
          "id": "106"
        }
      ],
      "fulfillments": [
        {
          "id": "20354",
          "@ondc/org/provider_name": "Balaji Bengaluru Departmental ",
          "tracking": false,
          "@ondc/org/category": "Standard Delivery",
          "@ondc/org/TAT": "PT24H",
          "state": {
            "descriptor": {
              "name": "Serviceable"
            }
          }
        }
      ],
      "quote": {
        "price": {
          "currency": "INR",
          "value": "105.00"
        },
        "breakup": [
          {
            "@ondc/org/item_id": "106",
            "@ondc/org/item_quantity": {
              "count": 1
            },
            "title": "Quacker Oats (400g)",
            "@ondc/org/title_type": "item",
            "price": {
              "currency": "INR",
              "value": "76.00"
            }
          },
          {
            "title": "Tax",
            "@ondc/org/title_type": "tax",
            "price": {
              "currency": "INR",
              "value": "4.00"
            }
          },
          {
            "@ondc/org/item_id": "20354",
            "title": "Delivery charges",
            "@ondc/org/title_type": "delivery",
            "price": {
              "currency": "INR",
              "value": "25.00"
            }
          }
        ],
        "ttl": "PT20M"
      }
    }
  }
}


Init :

{
  "context": {
    "domain": "nic2004:52110",
    "action": "init",
    "country": "IND",
    "city": "std:080",
    "core_version": "1.0.0",
    "bpp_id": "b-ondc-seller-bpp.nlincs.in",
    "bpp_uri": "https://b-ondc-seller-bpp.nlincs.in/bpp",
    "bap_id": "www.firstforwardondc.com",
    "bap_uri": "https://api.plotch.ai/ondc/v1/146622/",
    "transaction_id": "4ac0557f-e05a-4a2e-b884-fffd91fddd55",
    "message_id": "49fccdbf-8307-43fc-bacb-310dc4376fb0",
    "timestamp": "2022-09-16T08:58:39.896Z",
    "ttl": "PT30S"
  },
  "message": {
    "order": {
      "billing": {
        "address": {
          "area_code": "411001",
          "city": "Pune",
          "country": "IN",
          "door": "256, Mahatma Gandhi Road, Camp, Next To Rupee Bank,Pune",
          "locality": "256, Mahatma Gandhi Road, Camp, Next To Rupee Bank,Pune",
          "name": "256, Mahatma Gandhi Road, Camp, Next To Rupee Bank,Pune",
          "state": "MAHARASHTRA"
        },
        "created_at": "2022-09-16T08:58:39.884Z",
        "email": "sathisha@nstore.in",
        "name": "Sathish KKumar",
        "phone": "9629295619",
        "tax_number": "",
        "updated_at": "2022-09-16T08:58:39.884Z"
      },
      "fulfillments": [
        {
          "end": {
            "contact": {
              "email": "sathisha@nstore.in",
              "phone": "9629295619"
            },
            "location": {
              "address": {
                "area_code": "411001",
                "city": "Pune",
                "country": "IN",
                "door": "256, Mahatma Gandhi Road, Camp, Next To Rupee Bank,Pune",
                "locality": "256, Mahatma Gandhi Road, Camp, Next To Rupee Bank,Pune",
                "name": "256, Mahatma Gandhi Road, Camp, Next To Rupee Bank,Pune",
                "state": "MAHARASHTRA"
              },
              "gps": "12.9715987,77.5945627"
            },
            "person": {
              "name": "Sathish K Kumar"
            }
          },
          "id": "20354",
          "tracking": true,
          "type": "Delivery",
          "provider_id": "20354"
        }
      ],
      "items": [
        {
          "id": "106",
          "fulfillment_id": "20354",
          "quantity": {
            "count": 1
          }
        }
      ],
      "provider": {
        "id": "20354",
        "locations": [
          {
            "id": "20354"
          }
        ]
      }
    }
  }
}


on_init:

{
  "context": {
    "domain": "nic2004:52110",
    "action": "on_init",
    "country": "IND",
    "city": "std:080",
    "core_version": "1.0.0",
    "bpp_id": "b-ondc-seller-bpp.nlincs.in",
    "bpp_uri": "https://b-ondc-seller-bpp.nlincs.in/bpp",
    "bap_id": "www.firstforwardondc.com",
    "bap_uri": "https://api.plotch.ai/ondc/v1/146622/",
    "transaction_id": "4ac0557f-e05a-4a2e-b884-fffd91fddd55",
    "message_id": "49fccdbf-8307-43fc-bacb-310dc4376fb0",
    "timestamp": "2022-09-16T08:58:40.919Z",
    "ttl": "PT30S"
  },
  "message": {
    "order": {
      "provider": {
        "id": "20354"
      },
      "items": [
        {
          "fulfillment_id": "20354",
          "id": "106",
          "quantity": {
            "count": 1
          }
        }
      ],
      "billing": {
        "address": {
          "area_code": "411001",
          "city": "Pune",
          "country": "IN",
          "door": "256, Mahatma Gandhi Road, Camp, Next To Rupee Bank,Pune",
          "locality": "256, Mahatma Gandhi Road, Camp, Next To Rupee Bank,Pune",
          "name": "256, Mahatma Gandhi Road, Camp, Next To Rupee Bank,Pune",
          "state": "MAHARASHTRA"
        },
        "created_at": "2022-09-16T08:58:40.919Z",
        "email": "sathisha@nstore.in",
        "name": "Sathish KKumar",
        "phone": "9629295619",
        "tax_number": "",
        "updated_at": "2022-09-16T08:58:40.919Z"
      },
      "fulfillments": [
        {
          "id": "20354",
          "type": "Delivery",
          "provider_id": "20354",
          "end": {
            "location": {
              "gps": "12.9715987,77.5945627",
              "address": {
                "area_code": "411001",
                "city": "Pune",
                "country": "IN",
                "door": "256, Mahatma Gandhi Road, Camp, Next To Rupee Bank,Pune",
                "locality": "256, Mahatma Gandhi Road, Camp, Next To Rupee Bank,Pune",
                "name": "256, Mahatma Gandhi Road, Camp, Next To Rupee Bank,Pune",
                "state": "MAHARASHTRA"
              }
            },
            "contact": {
              "email": "sathisha@nstore.in",
              "phone": "9629295619"
            }
          },
          "tracking": false
        }
      ],
      "quote": {
        "price": {
          "currency": "INR",
          "value": "105.00"
        },
        "breakup": [
          {
            "@ondc/org/item_id": "106",
            "@ondc/org/item_quantity": {
              "count": 1
            },
            "title": "Quacker Oats (400g)",
            "@ondc/org/title_type": "item",
            "price": {
              "currency": "INR",
              "value": "76.00"
            }
          },
          {
            "title": "Tax",
            "@ondc/org/title_type": "tax",
            "price": {
              "currency": "INR",
              "value": "4.00"
            }
          },
          {
            "@ondc/org/item_id": "20354",
            "title": "Delivery charges",
            "@ondc/org/title_type": "delivery",
            "price": {
              "currency": "INR",
              "value": "25.00"
            }
          }
        ]
      },
      "payment": {
        "@ondc/org/settlement_details": [
          {
            "settlement_counterparty": "buyer-app",
            "settlement_phase": "sale-amount",
            "settlement_type": "upi",
            "upi_address": "nstpl@icici",
            "settlement_bank_account_no": "",
            "settlement_ifsc_code": "",
            "beneficiary_name": "",
            "bank_name": "",
            "branch_name": ""
          }
        ]
      }
    }
  }
}

Confirm :

{
  "context": {
    "domain": "nic2004:52110",
    "action": "confirm",
    "country": "IND",
    "city": "std:080",
    "core_version": "1.0.0",
    "bpp_id": "b-ondc-seller-bpp.nlincs.in",
    "bpp_uri": "https://b-ondc-seller-bpp.nlincs.in/bpp",
    "bap_id": "www.firstforwardondc.com",
    "bap_uri": "https://api.plotch.ai/ondc/v1/146622/",
    "transaction_id": "4ac0557f-e05a-4a2e-b884-fffd91fddd55",
    "message_id": "fcc0cd61-8348-43a6-a3ca-23610855a456",
    "timestamp": "2022-09-16T08:58:47.554Z",
    "ttl": "PT30S"
  },
  "message": {
    "order": {
      "id": "af4c5521-4e35-4311-a57c-9cc8128778a5",
      "state": "Created",
      "billing": {
        "address": {
          "area_code": "411001",
          "city": "Pune",
          "country": "IN",
          "door": "256, Mahatma Gandhi Road, Camp, Next To Rupee Bank,Pune",
          "locality": "256, Mahatma Gandhi Road, Camp, Next To Rupee Bank,Pune",
          "name": "256, Mahatma Gandhi Road, Camp, Next To Rupee Bank,Pune",
          "state": "MAHARASHTRA"
        },
        "created_at": "2022-09-16T14:28:47",
        "email": "sathisha@nstore.in",
        "name": "Sathish KKumar",
        "phone": "9629295619",
        "updated_at": "2022-09-16T14:28:47"
      },
      "fulfillments": [
        {
          "end": {
            "contact": {
              "email": "sathisha@nstore.in",
              "phone": "9629295619"
            },
            "location": {
              "address": {
                "area_code": "411001",
                "city": "Pune",
                "country": "IN",
                "door": "",
                "locality": "",
                "name": "256, Mahatma Gandhi Road, Camp, Next To Rupee Bank,Pune",
                "state": "MAHARASHTRA"
              },
              "gps": "12.9715987,77.5945627"
            }
          },
          "id": "20354",
          "tracking": false,
          "type": "Delivery",
          "customer": {
            "person": {
              "name": "Sathish K Kumar"
            }
          },
          "provider_id": "20354"
        }
      ],
      "quote": {
        "breakup": [
          {
            "@ondc/org/item_id": "106",
            "@ondc/org/item_quantity": {
              "count": 1
            },
            "@ondc/org/title_type": "item",
            "price": {
              "currency": "INR",
              "value": "76.00"
            },
            "title": "Quacker Oats (400g)"
          },
          {
            "price": {
              "currency": "INR",
              "value": "4.00"
            },
            "@ondc/org/title_type": "tax",
            "title": "Tax"
          },
          {
            "@ondc/org/item_id": "20354",
            "price": {
              "currency": "INR",
              "value": "25.00"
            },
            "@ondc/org/title_type": "delivery",
            "title": "Delivery charges"
          }
        ],
        "price": {
          "currency": "INR",
          "value": "105.00"
        }
      },
      "items": [
        {
          "fulfillment_id": "20354",
          "id": "106",
          "quantity": {
            "count": 1
          }
        }
      ],
      "payment": {
        "type": "POST-FULFILLMENT",
        "params": {
          "amount": "105.00",
          "currency": "INR"
        },
        "status": "NOT-PAID",
        "collected_by": "BPP",
        "@ondc/org/withholding_amount": "0.0",
        "@ondc/org/return_window": "0",
        "@ondc/org/buyer_app_finder_fee_type": "Percent",
        "@ondc/org/buyer_app_finder_fee_amount": "0",
        "@ondc/org/settlement_basis": "",
        "@ondc/org/settlement_window": ""
      },
      "provider": {
        "id": "20354",
        "locations": [
          {
            "address": {
              "city": "Bengaluru",
              "state": "Karnataka",
              "area_code": "560041",
              "name": "4th T block East",
              "locality": "Pattabhirama nagar"
            },
            "id": "20354",
            "gps": "12.9253071,77.5907213"
          }
        ]
      }
    }
  }
}


on_confirm :


{
  "context": {
    "domain": "nic2004:52110",
    "action": "on_confirm",
    "country": "IND",
    "city": "std:080",
    "core_version": "1.0.0",
    "bpp_id": "b-ondc-seller-bpp.nlincs.in",
    "bpp_uri": "https://b-ondc-seller-bpp.nlincs.in/bpp",
    "bap_id": "www.firstforwardondc.com",
    "bap_uri": "https://api.plotch.ai/ondc/v1/146622/",
    "transaction_id": "4ac0557f-e05a-4a2e-b884-fffd91fddd55",
    "message_id": "fcc0cd61-8348-43a6-a3ca-23610855a456",
    "timestamp": "2022-09-16T08:58:49.845Z",
    "ttl": "PT30S"
  },
  "message": {
    "order": {
      "id": "af4c5521-4e35-4311-a57c-9cc8128778a5",
      "state": "Created",
      "provider": {
        "id": "20354",
        "locations": [
          {
            "id": "20354"
          }
        ]
      },
      "items": [
        {
          "id": "106",
          "quantity": {
            "count": 1
          }
        }
      ],
      "billing": {
        "address": {
          "area_code": "411001",
          "city": "Pune",
          "country": "IN",
          "door": "256, Mahatma Gandhi Road, Camp, Next To Rupee Bank,Pune",
          "locality": "256, Mahatma Gandhi Road, Camp, Next To Rupee Bank,Pune",
          "name": "256, Mahatma Gandhi Road, Camp, Next To Rupee Bank,Pune",
          "state": "MAHARASHTRA"
        },
        "created_at": "2022-09-16T08:58:49.844Z",
        "email": "sathisha@nstore.in",
        "name": "Sathish KKumar",
        "phone": "9629295619",
        "updated_at": "2022-09-16T08:58:49.844Z"
      },
      "fulfillments": [
        {
          "id": "20354",
          "type": "Delivery",
          "provider_id": "20354",
          "tracking": false,
          "start": {
            "location": {
              "id": "20354",
              "descriptor": {
                "name": "Balaji Bengaluru Departmental "
              },
              "gps": "28.4629217,77.01621879999999"
            },
            "time": {
              "range": {
                "start": "2022-09-16T08:58:49.844Z",
                "end": "2022-09-17T08:58:49.845Z"
              }
            },
            "instructions": {
              "name": "",
              "short_desc": ""
            },
            "contact": {
              "phone": "6380531214",
              "email": ""
            }
          },
          "end": {
            "location": {
              "address": {
                "area_code": "411001",
                "city": "Pune",
                "country": "IN",
                "door": "",
                "locality": "",
                "name": "256, Mahatma Gandhi Road, Camp, Next To Rupee Bank,Pune",
                "state": "MAHARASHTRA"
              },
              "gps": "12.9715987,77.5945627"
            },
            "contact": {
              "email": "sathisha@nstore.in",
              "phone": "9629295619"
            }
          }
        }
      ],
      "quote": {
        "price": {
          "currency": "INR",
          "value": "105.00"
        },
        "breakup": [
          {
            "@ondc/org/item_id": "106",
            "@ondc/org/item_quantity": {
              "count": 1
            },
            "title": "Quacker Oats (400g)",
            "@ondc/org/title_type": "item",
            "price": {
              "currency": "INR",
              "value": "76.00"
            }
          },
          {
            "title": "Tax",
            "@ondc/org/title_type": "tax",
            "price": {
              "currency": "INR",
              "value": "4.00"
            }
          },
          {
            "@ondc/org/item_id": "20354",
            "title": "Delivery charges",
            "@ondc/org/title_type": "delivery",
            "price": {
              "currency": "INR",
              "value": "25.00"
            }
          }
        ]
      },
      "payment": {
        "type": "ON-FULFILLMENT",
        "params": {
          "amount": "105.00",
          "currency": "INR"
        },
        "status": "NOT-PAID",
        "collected_by": "BPP",
        "@ondc/org/withholding_amount": "0.0",
        "@ondc/org/return_window": "0",
        "@ondc/org/buyer_app_finder_fee_type": "Percent",
        "@ondc/org/buyer_app_finder_fee_amount": "0",
        "@ondc/org/settlement_basis": "",
        "@ondc/org/settlement_window": "",
        "@ondc/org/settlement_details": [
          {
            "settlement_counterparty": "buyer-app",
            "settlement_phase": "sale-amount",
            "settlement_type": "upi",
            "upi_address": "nstpl@icici",
            "settlement_bank_account_no": "",
            "settlement_ifsc_code": "",
            "beneficiary_name": "",
            "bank_name": "",
            "branch_name": ""
          }
        ]
      },
      "created_at": "2022-09-16T08:58:49.845Z",
      "updated_at": "2022-09-16T08:58:49.845Z"
    }
  }
}

status :

{
  "context": {
    "domain": "nic2004:52110",
    "action": "status",
    "country": "IND",
    "city": "std:080",
    "core_version": "1.0.0",
    "bpp_id": "b-ondc-seller-bpp.nlincs.in",
    "bpp_uri": "https://b-ondc-seller-bpp.nlincs.in/bpp",
    "bap_id": "www.firstforwardondc.com",
    "bap_uri": "https://api.plotch.ai/ondc/v1/146622/",
    "transaction_id": "4ac0557f-e05a-4a2e-b884-fffd91fddd55",
    "message_id": "cacf7355-82fb-4a61-84da-1be485b490fd",
    "timestamp": "2022-09-16T09:06:02.557Z",
    "ttl": "PT30S"
  },
  "message": {
    "order_id": "af4c5521-4e35-4311-a57c-9cc8128778a5"
  }
}



on_status:

{
  "context": {
    "domain": "nic2004:52110",
    "action": "on_status",
    "country": "IND",
    "city": "std:080",
    "core_version": "1.0.0",
    "bpp_id": "b-ondc-seller-bpp.nlincs.in",
    "bpp_uri": "https://b-ondc-seller-bpp.nlincs.in/bpp",
    "bap_id": "www.firstforwardondc.com",
    "bap_uri": "https://api.plotch.ai/ondc/v1/146622/",
    "transaction_id": "4ac0557f-e05a-4a2e-b884-fffd91fddd55",
    "message_id": "cacf7355-82fb-4a61-84da-1be485b490fd",
    "timestamp": "2022-09-16T09:06:56.557Z",
    "ttl": "PT30S"
  },
  "message": {
    "order": {
      "id": "af4c5521-4e35-4311-a57c-9cc8128778a5",
      "state": "Created",
      "provider": {
        "id": "20354",
        "locations": [
          {
            "id": "20354"
          }
        ]
      },
      "items": [
        {
          "id": "106",
          "quantity": {
            "count": 1
          }
        }
      ],
      "billing": {
        "address": {
          "name": " 256, Mahatma Gandhi Road, Camp, Next To Rupee Bank,Pune",
          "locality": "",
          "city": "Pune",
          "state": "MAHARASHTRA",
          "area_code": "411001"
        },
        "name": "Sathish KKumar",
        "phone": "9629295619",
        "email": "",
        "created_at": "2022-09-16T03:28:49.000Z",
        "updated_at": "2022-09-16T03:28:49.000Z"
      },
      "fulfillments": [
        {
          "id": "20354",
          "type": "1",
          "tracking": false,
          "state": {
            "descriptor": {
              "name": "Order Created",
              "code": "Order-Created"
            }
          },
          "start": {
            "location": {
              "descriptor": {
                "name": "Balaji Bengaluru Departmental ",
                "images": [
                  
                ],
                "gps": ""
              },
              "contact": {
                "phone": "6380531214",
                "email": "testing@nstore.in"
              }
            }
          },
          "end": {
            "location": {
              "address": {
                "name": " 256, Mahatma Gandhi Road, Camp, Next To Rupee Bank,Pune",
                "locality": "",
                "city": "Pune",
                "state": "MAHARASHTRA",
                "area_code": "411001"
              },
              "contact": {
                "phone": "9629295619"
              }
            }
          }
        }
      ],
      "quote": {
        "price": {
          "currency": "INR",
          "value": "105.00"
        },
        "breakup": [
          {
            "@ondc/org/item_id": "106",
            "@ondc/org/item_quantity": {
              "count": 1
            },
            "@ondc/org/title_type": "item",
            "price": {
              "currency": "INR",
              "value": "76.19"
            }
          },
          {
            "title": "Tax",
            "@ondc/org/title_type": "tax",
            "price": {
              "currency": "INR",
              "value": "3.81"
            }
          },
          {
            "@ondc/org/item_id": "20354",
            "title": "Delivery charges",
            "@ondc/org/title_type": "delivery",
            "price": {
              "currency": "INR",
              "value": "25.00"
            }
          }
        ]
      },
      "payment": {
        "uri": "",
        "tl_method": "http/get",
        "params": {
          "currency": "INR",
          "transaction_id": "",
          "amount": "105.00"
        },
        "status": "NOT-PAID",
        "type": "ON-FULFILLMENT",
        "collected_by": "BPP",
        "@ondc/org/settlement_details": [
          {
            "settlement_counterparty": "buyer-app",
            "settlement_phase": "sale-amount",
            "settlement_type": "upi",
            "upi_address": "nstpl@icici",
            "settlement_bank_account_no": "",
            "settlement_ifsc_code": "",
            "beneficiary_name": "",
            "bank_name": "",
            "branch_name": ""
          }
        ]
      },
      "created_at": "",
      "updated_at": "2022-09-16T03:28:49.000Z"
    }
  }
}


support :

{
  "context": {
    "domain": "nic2004:52110",
    "action": "support",
    "country": "IND",
    "city": "std:080",
    "core_version": "1.0.0",
    "bpp_id": "b-ondc-seller-bpp.nlincs.in",
    "bpp_uri": "https://b-ondc-seller-bpp.nlincs.in/bpp",
    "bap_id": "www.firstforwardondc.com",
    "bap_uri": "https://api.plotch.ai/ondc/v1/146622/",
    "transaction_id": "4ac0557f-e05a-4a2e-b884-fffd91fddd55",
    "message_id": "0779e7c0-3b13-4439-8899-eade6b42624c",
    "timestamp": "2022-09-16T09:09:34.081Z",
    "ttl": "PT30S"
  },
  "message": {
    "ref_id": "4ac0557f-e05a-4a2e-b884-fffd91fddd55"
  }
}

on_support:

{
  "context": {
    "domain": "nic2004:52110",
    "action": "on_support",
    "country": "IND",
    "city": "std:080",
    "core_version": "1.0.0",
    "bpp_id": "b-ondc-seller-bpp.nlincs.in",
    "bpp_uri": "https://b-ondc-seller-bpp.nlincs.in/bpp",
    "bap_id": "www.firstforwardondc.com",
    "bap_uri": "https://api.plotch.ai/ondc/v1/146622/",
    "transaction_id": "4ac0557f-e05a-4a2e-b884-fffd91fddd55",
    "message_id": "0779e7c0-3b13-4439-8899-eade6b42624c",
    "timestamp": "2022-09-16T09:10:43.057Z",
    "ttl": "PT30S"
  },
  "message": {
    "phone": "6380531214",
    "email": "testing@nstore.in",
    "uri": ""
  }
}


Track :

{
  "context": {
    "domain": "nic2004:52110",
    "action": "track",
    "country": "IND",
    "city": "std:080",
    "core_version": "1.0.0",
    "bpp_id": "https://b-ondc-seller-bpp.nlincs.in/bpp",
    "bpp_uri": "https://b-ondc-seller-bpp.nlincs.in/bpp",
    "bap_id": "www.firstforwardondc.com",
    "bap_uri": "https://api.plotch.ai/ondc/v1/146622/",
    "transaction_id": "4ac0557f-e05a-4a2e-b884-fffd91fddd55",
    "message_id": "2da29dc7-86d1-4bd1-9e84-5ab58b890c29",
    "timestamp": "2022-09-16T09:12:16.670Z",
    "ttl": "PT30S"
  },
  "message": {
    "order_id": "af4c5521-4e35-4311-a57c-9cc8128778a5"
  }
}


on_track :

{
  "context": {
    "domain": "nic2004:52110",
    "action": "on_track",
    "country": "IND",
    "city": "std:080",
    "core_version": "1.0.0",
    "bpp_id": "b-ondc-seller-bpp.nlincs.in",
    "bpp_uri": "https://b-ondc-seller-bpp.nlincs.in/bpp",
    "bap_id": "www.firstforwardondc.com",
    "bap_uri": "https://api.plotch.ai/ondc/v1/146622/",
    "transaction_id": "4ac0557f-e05a-4a2e-b884-fffd91fddd55",
    "message_id": "2da29dc7-86d1-4bd1-9e84-5ab58b890c29",
    "timestamp": "2022-09-16T09:12:18.653Z",
    "ttl": "PT30S"
  },
  "message": {
    "tracking": {
      "url": "",
      "status": "inactive"
    }
  }
}


update :

{
  "context": {
    "domain": "nic2004:52110",
    "action": "update",
    "country": "IND",
    "city": "std:080",
    "core_version": "1.0.0",
    "bpp_id": "b-ondc-seller-bpp.nlincs.in",
    "bpp_uri": "https://b-ondc-seller-bpp.nlincs.in/bpp",
    "bap_id": "www.firstforwardondc.com",
    "bap_uri": "https://api.plotch.ai/ondc/v1/146622/",
    "transaction_id": "4ac0557f-e05a-4a2e-b884-fffd91fddd55",
    "message_id": "2da29dc7-86d1-4bd1-9e84-5ab58b890c29",
    "timestamp": "2022-09-16T10:12:18.653Z",
    "ttl": "PT30S"
  },
  "message": {
    "update_target": "billing",
    "order": {
      "id": "af4c5521-4e35-4311-a57c-9cc8128778a5",
      "billing": {
        "address": {
          "name": " 256, Mahatma Gandhi Road, Camp, Next To Rupee Bank,Pune",
          "locality": "",
          "city": "Pune",
          "state": "MAHARASHTRA",
          "area_code": "411002"
        },
        "name": "Sathish KKumar",
        "phone": "9629295619",
        "email": "",
        "created_at": "2022-09-16T02:12:11.000Z",
        "updated_at": "2022-09-16T02:12:12.000Z"
      }
    }
  }
}

on_update;


{
  "context": {
    "domain": "nic2004:52110",
    "action": "on_update",
    "country": "IND",
    "city": "std:080",
    "core_version": "1.0.0",
    "bpp_id": "b-ondc-seller-bpp.nlincs.in",
    "bpp_uri": "https://b-ondc-seller-bpp.nlincs.in/bpp",
    "bap_id": "www.firstforwardondc.com",
    "bap_uri": "https://api.plotch.ai/ondc/v1/146622/",
    "transaction_id": "4ac0557f-e05a-4a2e-b884-fffd91fddd55",
    "message_id": "2da29dc7-86d1-4bd1-9e84-5ab58b890c29",
    "timestamp": "2022-09-16T09:19:37.089Z",
    "ttl": "PT30S"
  },
  "message": {
    "ack": {
      "status": "NACK"
    },
    "error": {
      "type": "POLICY-ERROR",
      "code": "50002",
      "message": "Updation not possible"
    }
  }
}
