search :

{
  "context": {
    "domain": "nic2004:60232",
    "country": "IND",
    "city": "std:080",
    "action": "search",
    "bap_id": "b-ondc-seller-bpp.nlincs.in",
    "bap_uri": "https://b-ondc-seller-bpp.nlincs.in/lbap",
    "transaction_id": "17831_222035400033_20354_00000000-3683-d416-ffff-ffff9abaa189",
    "message_id": "pmLZ1m7iazgeBsRmQmnncJX48QW9mxaC",
    "timestamp": "2022-09-08T10:37:08.043Z",
    "core_version": "1.0.0",
    "ttl": "PT30S"
  },
  "message": {
    "intent": {
      "category": {
        "id": "Same Day Delivery"
      },
      "fulfillment": {
        "type": "CoD",
        "tracking": true,
        "start": {
          "location": {
            "gps": "12.9253071,77.5907213",
            "address": {
              "area_code": "560041"
            }
          }
        },
        "end": {
          "location": {
            "gps": "12.9232926,77.58598839999999",
            "address": {
              "area_code": "560041"
            }
          }
        }
      },
      "payment": {
        "@ondc/org/collection_amount": "150.0"
      },
      "@ondc/org/payload_details": {
        "weight": {
          "unit": "Kilogram",
          "value": 1
        },
        "category": "Misc",
        "value": {
          "currency": "INR",
          "value": "150.00"
        }
      }
    }
  }
}

on_search :

{
  "context": {
    "domain": "nic2004:60232",
    "country": "IND",
    "city": "std:080",
    "action": "on_search",
    "core_version": "1.0.0",
    "bap_id": "b-ondc-seller-bpp.nlincs.in",
    "bap_uri": "https://b-ondc-seller-bpp.nlincs.in/lbap",
    "bpp_id": "dev-ondc.shiprocket.in",
    "bpp_uri": "https://dev-ondc.shiprocket.in/",
    "transaction_id": "17831_222035400033_20354_00000000-3683-d416-ffff-ffff9abaa189",
    "message_id": "pmLZ1m7iazgeBsRmQmnncJX48QW9mxaC",
    "timestamp": "2022-09-08T10:37:09.968Z"
  },
  "message": {
    "catalog": {
      "bpp/descriptor": {
        "name": "Shiprocket Inc"
      },
      "bpp/providers": [
        {
          "id": "97",
          "descriptor": {
            "name": "Dunzo Local",
            "short_desc": "Dunzo Local",
            "long_desc": "Dunzo Local"
          },
          "rating": "4.2",
          "categories": [
            {
              "id": "Same Day Delivery",
              "time": {
                "duration": "PT3H"
              }
            }
          ],
          "locations": [
            {
              "id": "SR-Location",
              "gps": "28.497590, 77.157570",
              "address": {
                "street": "Plot No. B, Khasra-360, Sultanpur, MG Road",
                "city": "New Delhi",
                "state": "DL",
                "area_code": "110030"
              }
            }
          ],
          "items": [
            {
              "id": "97",
              "descriptor": {
                "name": "Same Day Delivery",
                "short_desc": "Same Day Delivery",
                "long_desc": "Same Day Delivery"
              },
              "price": {
                "currency": "INR",
                "value": "44.00"
              },
              "category_id": "Same Day Delivery"
            }
          ]
        },
        {
          "id": "106",
          "descriptor": {
            "name": "Borzo",
            "short_desc": "Borzo",
            "long_desc": "Borzo"
          },
          "rating": "4.2",
          "categories": [
            {
              "id": "Same Day Delivery",
              "time": {
                "duration": "PT3H"
              }
            }
          ],
          "locations": [
            {
              "id": "SR-Location",
              "gps": "28.497590, 77.157570",
              "address": {
                "street": "Plot No. B, Khasra-360, Sultanpur, MG Road",
                "city": "New Delhi",
                "state": "DL",
                "area_code": "110030"
              }
            }
          ],
          "items": [
            {
              "id": "106",
              "descriptor": {
                "name": "Same Day Delivery",
                "short_desc": "Same Day Delivery",
                "long_desc": "Same Day Delivery"
              },
              "price": {
                "currency": "INR",
                "value": "91.30"
              },
              "category_id": "Same Day Delivery"
            }
          ]
        },
        {
          "id": "95",
          "descriptor": {
            "name": "Shadowfax Local",
            "short_desc": "Shadowfax Local",
            "long_desc": "Shadowfax Local"
          },
          "rating": "4.2",
          "categories": [
            {
              "id": "Same Day Delivery",
              "time": {
                "duration": "PT3H"
              }
            }
          ],
          "locations": [
            {
              "id": "SR-Location",
              "gps": "28.497590, 77.157570",
              "address": {
                "street": "Plot No. B, Khasra-360, Sultanpur, MG Road",
                "city": "New Delhi",
                "state": "DL",
                "area_code": "110030"
              }
            }
          ],
          "items": [
            {
              "id": "95",
              "descriptor": {
                "name": "Same Day Delivery",
                "short_desc": "Same Day Delivery",
                "long_desc": "Same Day Delivery"
              },
              "price": {
                "currency": "INR",
                "value": "58.30"
              },
              "category_id": "Same Day Delivery"
            }
          ]
        },
        {
          "id": "107",
          "descriptor": {
            "name": "Borzo 5 Kg",
            "short_desc": "Borzo 5 Kg",
            "long_desc": "Borzo 5 Kg"
          },
          "rating": "4.2",
          "categories": [
            {
              "id": "Same Day Delivery",
              "time": {
                "duration": "PT3H"
              }
            }
          ],
          "locations": [
            {
              "id": "SR-Location",
              "gps": "28.497590, 77.157570",
              "address": {
                "street": "Plot No. B, Khasra-360, Sultanpur, MG Road",
                "city": "New Delhi",
                "state": "DL",
                "area_code": "110030"
              }
            }
          ],
          "items": [
            {
              "id": "107",
              "descriptor": {
                "name": "Same Day Delivery",
                "short_desc": "Same Day Delivery",
                "long_desc": "Same Day Delivery"
              },
              "price": {
                "currency": "INR",
                "value": "210.80"
              },
              "category_id": "Same Day Delivery"
            }
          ]
        }
      ]
    }
  }
}
init :

{
  "context": {
    "domain": "nic2004:60232",
    "country": "IND",
    "city": "std:080",
    "action": "init",
    "bap_id": "b-ondc-seller-bpp.nlincs.in",
    "bap_uri": "https://b-ondc-seller-bpp.nlincs.in/lbap",
    "transaction_id": "17831_222035400033_20354_00000000-3683-d416-ffff-ffff9abaa189",
    "message_id": "pmLZ1m7iazgeBsRmQmnncJX48QW9mxaC",
    "timestamp": "2022-09-08T10:38:15.045Z",
    "core_version": "1.0.0",
    "bpp_id": "dev-ondc.shiprocket.in",
    "bpp_uri": "https://dev-ondc.shiprocket.in/",
    "ttl": "PT30S"
  },
  "message": {
    "order": {
      "provider": {
        "id": "107",
        "locations": [
          {
            "address": {
              "area_code": "110030",
              "city": "New Delhi",
              "state": "DL",
              "street": "Plot No. B, Khasra-360, Sultanpur, MG Road"
            },
            "id": "SR-Location"
          }
        ]
      },
      "items": [
        {
          "id": "107",
          "category_id": "Same Day Delivery"
        }
      ],
      "billing": {
        "name": "Balaji Bengaluru Departmental ",
        "phone": "6380531214",
        "email": "testing@nstore.in",
        "tax_number": "",
        "address": {
          "name": "Balaji Bengaluru Departmental ",
          "building": "4th T block East",
          "locality": "Pattabhirama nagar",
          "street": "Jayanagar",
          "city": "Bengaluru",
          "state": "Karnataka",
          "country": "India",
          "area_code": "560041"
        }
      },
      "fulfillments": [
        {
          "id": "1",
          "type": "CoD",
          "tracking": true,
          "contact": {
            "email": "ssudd@nstore.in"
          },
          "start": {
            "location": {
              "id": "20354",
              "gps": "12.9253071,77.5907213",
              "address": {
                "name": "Balaji Bengaluru Departmental ",
                "building": "4th T block East",
                "locality": "Pattabhirama nagar",
                "street": "Jayanagar",
                "city": "Bengaluru",
                "state": "Karnataka",
                "country": "India",
                "area_code": "560041"
              }
            },
            "contact": {
              "phone": "6380531214",
              "email": "testing@nstore.in"
            }
          },
          "end": {
            "location": {
              "gps": "12.9232926,77.58598839999999",
              "address": {
                "name": "SathishKumar",
                "building": " 11th Main Road,36 Cross",
                "locality": "",
                "street": "",
                "city": "Bangalore",
                "state": "KARNATAKA",
                "country": "India",
                "area_code": "560041"
              }
            },
            "contact": {
              "phone": "9629295619",
              "email": ""
            }
          }
        }
      ],
      "payment": {
        "type": "POST-FULFILLMENT",
        "@ondc/org/cod-settlement_window": "P2D",
        "@ondc/org/cod-settlement_details": [
          {
            "settlement_counterparty": "buyer-app",
            "settlement_type": "upi",
            "upi_address": "nstpl@icici"
          }
        ]
      }
    }
  }
}

on_init:

{
  "context": {
    "domain": "nic2004:60232",
    "country": "IND",
    "city": "std:080",
    "action": "on_init",
    "core_version": "1.0.0",
    "bap_id": "b-ondc-seller-bpp.nlincs.in",
    "bap_uri": "https://b-ondc-seller-bpp.nlincs.in/lbap",
    "bpp_id": "dev-ondc.shiprocket.in",
    "bpp_uri": "https://dev-ondc.shiprocket.in/",
    "transaction_id": "17831_222035400033_20354_00000000-3683-d416-ffff-ffff9abaa189",
    "message_id": "pmLZ1m7iazgeBsRmQmnncJX48QW9mxaC",
    "timestamp": "2022-09-08T10:38:18.818Z"
  },
  "message": {
    "order": {
      "provider": {
        "id": "107"
      },
      "provider_location": {
        "id": "SR-Location"
      },
      "items": [
        {
          "id": "107"
        }
      ],
      "quote": {
        "price": {
          "currency": "INR",
          "value": "210.80"
        },
        "breakup": [
          {
            "@ondc/org/item_id": "107",
            "@ondc/org/title_type": "Delivery Charge",
            "price": {
              "currency": "INR",
              "value": "105.4"
            }
          },
          {
            "@ondc/org/title_type": "RTO Charge",
            "title": "RTO Charges",
            "price": {
              "currency": "INR",
              "value": "105.4"
            }
          }
        ]
      }
    }
  }
}

confirm :

{
  "context": {
    "domain": "nic2004:60232",
    "country": "IND",
    "city": "std:080",
    "action": "confirm",
    "bap_id": "b-ondc-seller-bpp.nlincs.in",
    "bap_uri": "https://b-ondc-seller-bpp.nlincs.in/lbap",
    "transaction_id": "17831_222035400033_20354_00000000-3683-d416-ffff-ffff9abaa189",
    "message_id": "pmLZ1m7iazgeBsRmQmnncJX48QW9mxaC",
    "timestamp": "2022-09-08T10:38:20.631Z",
    "core_version": "1.0.0",
    "bpp_id": "dev-ondc.shiprocket.in",
    "bpp_uri": "https://dev-ondc.shiprocket.in/",
    "ttl": "PT30S"
  },
  "message": {
    "order": {
      "id": "17831_222035400033_20354",
      "provider": {
        "id": "107",
        "locations": [
          {
            "id": "SR-Location"
          }
        ]
      },
      "items": [
        {
          "id": "107",
          "descriptor": {
            "long_desc": "Same Day Delivery",
            "name": "Same Day Delivery",
            "short_desc": "Same Day Delivery"
          },
          "category_id": "Same Day Delivery"
        }
      ],
      "@ondc/org/linked_order": {
        "items": [
          {
            "category_id": "Packaged Commodities",
            "descriptor": {
              "name": "Udhaiyam Moong Dhal 1Kg"
            },
            "quantity": {
              "count": "1.0",
              "measure": {
                "unit": "Kilogram",
                "value": 1
              }
            },
            "price": {
              "currency": "INR",
              "value": "142.86"
            }
          }
        ],
        "order": {
          "weight": {
            "unit": "Kilogram",
            "value": 1
          },
          "id": "bae512c0-4572-44ec-b157-cb782e9153c7"
        }
      },
      "billing": {
        "name": "Balaji Bengaluru Departmental ",
        "phone": "6380531214",
        "email": "testing@nstore.in",
        "tax_number": "",
        "address": {
          "name": "Balaji Bengaluru Departmental ",
          "building": "4th T block East",
          "locality": "Pattabhirama nagar",
          "street": "Jayanagar",
          "city": "Bengaluru",
          "state": "Karnataka",
          "area_code": "560041",
          "country": "India"
        }
      },
      "quote": {
        "price": {
          "currency": "INR",
          "value": "210.80"
        },
        "breakup": [
          {
            "@ondc/org/item_id": "107",
            "@ondc/org/title_type": "Delivery Charge",
            "price": {
              "currency": "INR",
              "value": "105.4"
            }
          },
          {
            "@ondc/org/title_type": "RTO Charge",
            "title": "RTO Charges",
            "price": {
              "currency": "INR",
              "value": "105.4"
            }
          }
        ]
      },
      "fulfillments": [
        {
          "id": "1",
          "type": "CoD",
          "@ondc/org/awb_no": "222035400033",
          "tracking": true,
          "contact": {
            "email": "ssudd@nstore.in"
          },
          "start": {
            "location": {
              "id": "20354",
              "gps": "12.9253071,77.5907213",
              "address": {
                "name": "Balaji Bengaluru Departmental ",
                "building": "4th T block East",
                "locality": "Pattabhirama nagar",
                "street": "Jayanagar",
                "city": "Bengaluru",
                "state": "Karnataka",
                "area_code": "560041",
                "country": "India"
              }
            },
            "contact": {
              "phone": "6380531214",
              "email": "testing@nstore.in"
            }
          },
          "end": {
            "person": {
              "name": "SathishKumar"
            },
            "location": {
              "gps": "12.9232926,77.58598839999999",
              "address": {
                "name": "SathishKumar",
                "building": " 11th Main Road,36 Cross",
                "locality": "",
                "street": "",
                "city": "Bangalore",
                "state": "KARNATAKA",
                "area_code": "560041",
                "country": "India"
              }
            },
            "contact": {
              "phone": "9629295619",
              "email": ""
            }
          }
        }
      ],
      "payment": {
        "@ondc/org/collection_amount": "150.0"
      }
    }
  }
}

on_confirm :

{
  "context": {
    "domain": "nic2004:60232",
    "country": "IND",
    "city": "std:080",
    "action": "on_confirm",
    "core_version": "1.0.0",
    "bap_id": "b-ondc-seller-bpp.nlincs.in",
    "bap_uri": "https://b-ondc-seller-bpp.nlincs.in/lbap",
    "bpp_id": "dev-ondc.shiprocket.in",
    "bpp_uri": "https://dev-ondc.shiprocket.in/",
    "transaction_id": "17831_222035400033_20354_00000000-3683-d416-ffff-ffff9abaa189",
    "message_id": "pmLZ1m7iazgeBsRmQmnncJX48QW9mxaC",
    "timestamp": "2022-09-08T10:38:31.920Z"
  },
  "message": {
    "order": {
      "id": "17831_222035400033_20354",
      "state": "Created",
      "provider": {
        "id": "107",
        "locations": [
          {
            "id": "SR-Location"
          }
        ]
      },
      "items": [
        {
          "id": "107",
          "category_id": "Same Day Delivery"
        }
      ],
      "fulfillments": [
        {
          "id": "1",
          "type": "CoD",
          "tracking": false
        }
      ],
      "quote": {
        "price": {
          "currency": "INR",
          "value": "210.80"
        },
        "breakup": [
          {
            "@ondc/org/item_id": "107",
            "@ondc/org/title_type": "Delivery Charge",
            "price": {
              "currency": "INR",
              "value": "105.4"
            }
          },
          {
            "@ondc/org/title_type": "RTO Charge",
            "title": "RTO Charges",
            "price": {
              "currency": "INR",
              "value": "105.4"
            }
          }
        ]
      }
    }
  }
}

update :

{
  "context": {
    "domain": "nic2004:60232",
    "country": "IND",
    "city": "std:080",
    "action": "update",
    "bap_id": "b-ondc-seller-bpp.nlincs.in",
    "bap_uri": "https://b-ondc-seller-bpp.nlincs.in/lbap",
    "transaction_id": "17831_222035400033_20354_00000000-3683-d416-ffff-ffff9abaa189",
    "message_id": "IPLnu4dgFzvwCPPfXXiLxIT7OIUc7zeb",
    "timestamp": "2022-09-08T10:38:32.296Z",
    "core_version": "1.0.0",
    "bpp_id": "dev-ondc.shiprocket.in",
    "bpp_uri": "https://dev-ondc.shiprocket.in/",
    "ttl": "PT30S"
  },
  "message": {
    "update_target": "fulfillment",
    "order": {
      "id": "17831_222035400033_20354",
      "state": "Created",
      "fulfillments": [
        {
          "id": "1",
          "type": "CoD",
          "tags": {
            "@ondc/org/order_ready_to_ship": "yes"
          }
        }
      ]
    }
  }
}


on_update:

{
  "context": {
    "domain": "nic2004:60232",
    "country": "IND",
    "city": "std:080",
    "action": "on_update",
    "core_version": "1.0.0",
    "bap_id": "b-ondc-seller-bpp.nlincs.in",
    "bap_uri": "https://b-ondc-seller-bpp.nlincs.in/lbap",
    "bpp_id": "dev-ondc.shiprocket.in",
    "bpp_uri": "https://dev-ondc.shiprocket.in/",
    "transaction_id": "17831_222035400033_20354_00000000-3683-d416-ffff-ffff9abaa189",
    "message_id": "IPLnu4dgFzvwCPPfXXiLxIT7OIUc7zeb",
    "timestamp": "2022-09-08T10:38:44.149Z"
  },
  "message": {
    "order": {
      "id": "17831_222035400033_20354",
      "state": "Created",
      "fulfillments": [
        {
          "id": "1",
          "type": "CoD",
          "@ondc/org/awb_no": "WF108778",
          "tracking": false,
          "start": {
            "time": {
              "range": {
                "start": "2022-09-08 16:08:38",
                "end": "2022-09-08 16:08:38"
              }
            }
          }
        }
      ]
    }
  }
}

status:

{
  "context": {
    "domain": "nic2004:60232",
    "country": "IND",
    "city": "std:080",
    "action": "status",
    "bap_id": "b-ondc-seller-bpp.nlincs.in",
    "bap_uri": "https://b-ondc-seller-bpp.nlincs.in/lbap",
    "transaction_id": "17831_222035400033_20354_00000000-3683-d416-ffff-ffff9abaa189",
    "message_id": "ixdAGC4j8zvZzCOCxeqZOaKVhYEu9oQW",
    "timestamp": "2022-09-08T10:48:32.975Z",
    "core_version": "1.0.0",
    "bpp_id": "dev-ondc.shiprocket.in",
    "bpp_uri": "https://dev-ondc.shiprocket.in/",
    "ttl": "PT30S"
  },
  "message": {
    "order_id": "17831_222035400033_20354"
  }
}


on_status:

{
  "context": {
    "domain": "nic2004:60232",
    "country": "IND",
    "city": "std:080",
    "action": "on_status",
    "core_version": "1.0.0",
    "bap_id": "b-ondc-seller-bpp.nlincs.in",
    "bap_uri": "https://b-ondc-seller-bpp.nlincs.in/lbap",
    "bpp_id": "dev-ondc.shiprocket.in",
    "bpp_uri": "https://dev-ondc.shiprocket.in/",
    "transaction_id": "17831_222035400033_20354_00000000-3683-d416-ffff-ffff9abaa189",
    "message_id": "ixdAGC4j8zvZzCOCxeqZOaKVhYEu9oQW",
    "timestamp": "2022-09-08T10:48:35.016Z"
  },
  "message": {
    "order": {
      "id": "17831_222035400033_20354",
      "state": "Created",
      "provider": {
        "id": "107",
        "locations": [
          {
            "id": "SR-Location"
          }
        ]
      },
      "items": [
        {
          "id": "107",
          "category_id": "Standard Delivery"
        }
      ],
      "fulfillments": [
        {
          "type": "CoD",
          "@ondc/org/awb_no": "WF108778",
          "@ondc/org/ebnexpirydate": "",
          "state": {
            "descriptor": {
              "code": "At pickup location"
            }
          },
          "tracking": false,
          "start": {
            "time": {
              "range": {
                "start": "2022-09-08T16:08:38:000Z",
                "end": "2022-09-08T16:08:38:000Z"
              }
            }
          },
          "end": {
            "time": {
              "range": {
                "start": "2022-09-08T16:08:38:000Z",
                "end": "2022-09-08T16:08:38:000Z"
              }
            },
            "instructions": {
              "images": [
                null
              ]
            }
          }
        }
      ]
    }
  }
}


track:

{
  "context": {
    "domain": "nic2004:60232",
    "country": "IND",
    "city": "std:080",
    "action": "track",
    "bap_id": "b-ondc-seller-bpp.nlincs.in",
    "bap_uri": "https://b-ondc-seller-bpp.nlincs.in/lbap",
    "transaction_id": "17831_222035400033_20354_00000000-3683-d416-ffff-ffff9abaa189",
    "message_id": "ixdAGC4j8zvZzCOCxeqZOaKVhYEu9oQW",
    "timestamp": "2022-09-08T10:48:35.548Z",
    "core_version": "1.0.0",
    "bpp_id": "dev-ondc.shiprocket.in",
    "bpp_uri": "https://dev-ondc.shiprocket.in/",
    "ttl": "PT30S"
  },
  "message": {
    "order_id": "17831_222035400033_20354",
    "callback_url": "https://b-ondc-seller-bpp.nlincs.in/lbap/on_track"
  }
}


on_track:

{
  "context": {
    "domain": "nic2004:60232",
    "country": "IND",
    "city": "std:080",
    "action": "on_track",
    "core_version": "1.0.0",
    "bap_id": "b-ondc-seller-bpp.nlincs.in",
    "bap_uri": "https://b-ondc-seller-bpp.nlincs.in/lbap",
    "bpp_id": "dev-ondc.shiprocket.in",
    "bpp_uri": "https://dev-ondc.shiprocket.in/",
    "transaction_id": "17831_222035400033_20354_00000000-3683-d416-ffff-ffff9abaa189",
    "message_id": "ixdAGC4j8zvZzCOCxeqZOaKVhYEu9oQW",
    "timestamp": "2022-09-08T10:48:41.592Z"
  },
  "message": {
    "tracking": {
      "status": "inactive"
    }
  }
}

