Search by City
---------------
{"context":{"city":"std:080","domain":"nic2004:52110","timestamp":"2022-07-14T16:17:03.000Z","core_version":"1.0.0","country":"IND","bap_id":"www.firstforwardondc.com","action":"search","bap_uri":"https://api.plotch.ai/ondc/v1/146622/","message_id":"e86db8d3cff9c5e110d93fc0e59f5acc","transaction_id":"e86db8d3cff9c5e110d93fc0e59f5acc"},"message":{"intent":{"fulfillment":{"type":"Delivery"},"payment":{"@ondc/org/buyer_app_finder_fee_type":"percent","@ondc/org/buyer_app_finder_fee_amount":3}}}}

{
	"context": {
		"city": "std:080",
		"domain": "nic2004:52110",
		"timestamp": "2022-08-24T10:12:16.536Z",
		"core_version": "1.0.0",
		"country": "IND",
		"bap_id": "www.firstforwardondc.com",
		"action": "on_search",
		"bap_uri": "https://api.plotch.ai/ondc/v1/146622/",
		"message_id": "e86db8d3cff9c5e110d93fc0e59f5acc",
		"transaction_id": "e86db8d3cff9c5e110d93fc0e59f5acc",
		"bpp_id": "b-ondc-seller-bpp.nlincs.in",
		"bpp_uri": "https://b-ondc-seller-bpp.nlincs.in/bpp",
		"ttl": "P1D"
	},
	"message": {
		"catalog": {
			"bpp/descriptor": {
				"name": "nStore",
				"symbol": "https://nstore.in/wp-content/uploads/2022/02/cropped-favicon-192x192.png",
				"short_desc": "Engagement platform between stores and consumers",
				"long_desc": "Engagement platform between stores and consumers",
				"images": ["https://nstore.in/wp-content/uploads/2022/02/cropped-favicon-192x192.png"]
			},
			"bpp/providers": [{
				"id": "20354",
				"descriptor": {
					"name": "Balaji Bengaluru Departmental store",
					"short_desc": "Balaji Bengaluru Departmental store",
					"long_desc": "Balaji Bengaluru Departmental store",
					"symbol": "https://nstoreassets.s3.amazonaws.com/20354/store_logo/20354_4mwea2wel6xco6qh.jpg",
					"images": ["https://nstoreassets.s3.amazonaws.com/20354/store_logo/20354_4mwea2wel6xco6qh.jpg"]
				},
				"categories": [],
				"fulfillments": [],
				"locations": [{
					"id": "20354",
					"address": {
						"name": "2GH4",
						"locality": "1st main road",
						"city": "Bengaluru",
						"state": "Karnataka",
						"area_code": "560058"
					},
					"gps": "13.0275981,77.5068662"
				}],
				"items": [{
					"id": "101",
					"descriptor": {
						"name": "test Udhaiyam Urad Dhal 1 kg",
						"short_desc": "test Udhaiyam Urad Dhal 1 kg",
						"long_desc": "test Udhaiyam Urad Dhal 1 kg",
						"images": ["https://nstoreassets.s3.amazonaws.com/20354/101/101_b8j229frl6yp6avm.jpg"]
					},
					"price": {
						"currency": "INR",
						"value": "1.00",
						"maximum_value": "100.00"
					},
					"category_id": "Packaged Commodities",
					"location_id": "20354",
					"fulfillment_id": "1",
					"matched": true,
					"@ondc/org/returnable": false,
					"@ondc/org/seller_pickup_return": false,
					"@ondc/org/cancellable": true,
					"@ondc/org/time_to_ship": "PT2H",
					"@ondc/org/available_on_cod": true,
					"@ondc/org/contact_details_consumer_care": "6380531214, testing@nstore.in",
					"@ondc/org/statutory_reqs_packaged_commodities": {
						"manufacturer_or_packer_name": "Balaji Bengaluru Departmental store",
						"manufacturer_or_packer_address": "2GH4 1st main road, Bengaluru, Karnataka - 560058",
						"common_or_generic_name_of_commodity": "test Udhaiyam Urad Dhal 1 kg",
						"net_quantity_or_measure_of_commodity_in_pkg": "1000",
						"month_year_of_manufacture_packing_import": "8/2022"
					},
					"@ondc/org/statutory_reqs_prepackaged_food": {},
					"@ondc/org/mandatory_reqs_veggies_fruits": {}
				}, {
					"id": "102",
					"descriptor": {
						"name": "Udhaiyam Moong Dhal 1Kg",
						"short_desc": "Udhaiyam Moong Dhal 1Kg",
						"long_desc": "Udhaiyam Moong Dhal 1Kg",
						"images": ["https://nstoreassets.s3.amazonaws.com/20354/102/102_b8j229frl6yp8fnz._SL1500_"]
					},
					"price": {
						"currency": "INR",
						"value": "150.00",
						"maximum_value": "150.00"
					},
					"category_id": "Packaged Commodities",
					"location_id": "20354",
					"fulfillment_id": "1",
					"matched": true,
					"@ondc/org/returnable": false,
					"@ondc/org/seller_pickup_return": false,
					"@ondc/org/cancellable": true,
					"@ondc/org/time_to_ship": "PT2H",
					"@ondc/org/available_on_cod": true,
					"@ondc/org/contact_details_consumer_care": "6380531214, testing@nstore.in",
					"@ondc/org/statutory_reqs_packaged_commodities": {
						"manufacturer_or_packer_name": "Balaji Bengaluru Departmental store",
						"manufacturer_or_packer_address": "2GH4 1st main road, Bengaluru, Karnataka - 560058",
						"common_or_generic_name_of_commodity": "Udhaiyam Moong Dhal 1Kg",
						"net_quantity_or_measure_of_commodity_in_pkg": "1000",
						"month_year_of_manufacture_packing_import": "8/2022"
					},
					"@ondc/org/statutory_reqs_prepackaged_food": {},
					"@ondc/org/mandatory_reqs_veggies_fruits": {}
				}, {
					"id": "103",
					"descriptor": {
						"name": "Udhaiyam Toor Dhal 1KG",
						"short_desc": "Udhaiyam Toor Dhal 1KG",
						"long_desc": "Udhaiyam Toor Dhal 1KG",
						"images": ["https://nstoreassets.s3.amazonaws.com/20354/103/103_4mwea2wel6vzh5jc.jpg"]
					},
					"price": {
						"currency": "INR",
						"value": "120.00",
						"maximum_value": "150.00"
					},
					"category_id": "Packaged Commodities",
					"location_id": "20354",
					"fulfillment_id": "1",
					"matched": true,
					"@ondc/org/returnable": false,
					"@ondc/org/seller_pickup_return": false,
					"@ondc/org/cancellable": true,
					"@ondc/org/time_to_ship": "PT2H",
					"@ondc/org/available_on_cod": true,
					"@ondc/org/contact_details_consumer_care": "6380531214, testing@nstore.in",
					"@ondc/org/statutory_reqs_packaged_commodities": {
						"manufacturer_or_packer_name": "Balaji Bengaluru Departmental store",
						"manufacturer_or_packer_address": "2GH4 1st main road, Bengaluru, Karnataka - 560058",
						"common_or_generic_name_of_commodity": "Udhaiyam Toor Dhal 1KG",
						"net_quantity_or_measure_of_commodity_in_pkg": "1000",
						"month_year_of_manufacture_packing_import": "8/2022"
					},
					"@ondc/org/statutory_reqs_prepackaged_food": {},
					"@ondc/org/mandatory_reqs_veggies_fruits": {}
				}, {
					"id": "104",
					"descriptor": {
						"name": "Anil Maida (1kg)",
						"short_desc": "Anil Maida (1kg)",
						"long_desc": "Anil Maida (1kg)",
						"images": ["https://nstoreassets.s3.amazonaws.com/20354/104/104_b8j229frl6z551po.jpg"]
					},
					"price": {
						"currency": "INR",
						"value": "100.00",
						"maximum_value": "100.00"
					},
					"category_id": "Packaged Commodities",
					"location_id": "20354",
					"fulfillment_id": "1",
					"matched": true,
					"@ondc/org/returnable": false,
					"@ondc/org/seller_pickup_return": false,
					"@ondc/org/cancellable": true,
					"@ondc/org/time_to_ship": "PT2H",
					"@ondc/org/available_on_cod": true,
					"@ondc/org/contact_details_consumer_care": "6380531214, testing@nstore.in",
					"@ondc/org/statutory_reqs_packaged_commodities": {
						"manufacturer_or_packer_name": "Balaji Bengaluru Departmental store",
						"manufacturer_or_packer_address": "2GH4 1st main road, Bengaluru, Karnataka - 560058",
						"common_or_generic_name_of_commodity": "Anil Maida (1kg)",
						"net_quantity_or_measure_of_commodity_in_pkg": "1000",
						"month_year_of_manufacture_packing_import": "8/2022"
					},
					"@ondc/org/statutory_reqs_prepackaged_food": {},
					"@ondc/org/mandatory_reqs_veggies_fruits": {}
				}, {
					"id": "105",
					"descriptor": {
						"name": "Pediasure Chocolate Health Drink Powder 200g",
						"short_desc": "Pediasure Chocolate Health Drink Powder 200g",
						"long_desc": "Pediasure Chocolate Health Drink Powder 200g",
						"images": ["https://nstoreassets.s3.amazonaws.com/20354/105/105_b8j229frl6z565km.jpg"]
					},
					"price": {
						"currency": "INR",
						"value": "299.00",
						"maximum_value": "299.00"
					},
					"category_id": "Packaged Commodities",
					"location_id": "20354",
					"fulfillment_id": "1",
					"matched": true,
					"@ondc/org/returnable": false,
					"@ondc/org/seller_pickup_return": false,
					"@ondc/org/cancellable": true,
					"@ondc/org/time_to_ship": "PT2H",
					"@ondc/org/available_on_cod": true,
					"@ondc/org/contact_details_consumer_care": "6380531214, testing@nstore.in",
					"@ondc/org/statutory_reqs_packaged_commodities": {
						"manufacturer_or_packer_name": "Balaji Bengaluru Departmental store",
						"manufacturer_or_packer_address": "2GH4 1st main road, Bengaluru, Karnataka - 560058",
						"common_or_generic_name_of_commodity": "Pediasure Chocolate Health Drink Powder 200g",
						"net_quantity_or_measure_of_commodity_in_pkg": "1000",
						"month_year_of_manufacture_packing_import": "8/2022"
					},
					"@ondc/org/statutory_reqs_prepackaged_food": {},
					"@ondc/org/mandatory_reqs_veggies_fruits": {}
				}, {
					"id": "106",
					"descriptor": {
						"name": "Quacker Oats (400g)",
						"short_desc": "Quacker Oats (400g)",
						"long_desc": "Quacker Oats (400g)",
						"images": ["https://nstoreassets.s3.amazonaws.com/20354/106/106_b8j229frl6z5794z.jpg"]
					},
					"price": {
						"currency": "INR",
						"value": "80.00",
						"maximum_value": "80.00"
					},
					"category_id": "Packaged Commodities",
					"location_id": "20354",
					"fulfillment_id": "1",
					"matched": true,
					"@ondc/org/returnable": false,
					"@ondc/org/seller_pickup_return": false,
					"@ondc/org/cancellable": true,
					"@ondc/org/time_to_ship": "PT2H",
					"@ondc/org/available_on_cod": true,
					"@ondc/org/contact_details_consumer_care": "6380531214, testing@nstore.in",
					"@ondc/org/statutory_reqs_packaged_commodities": {
						"manufacturer_or_packer_name": "Balaji Bengaluru Departmental store",
						"manufacturer_or_packer_address": "2GH4 1st main road, Bengaluru, Karnataka - 560058",
						"common_or_generic_name_of_commodity": "Quacker Oats (400g)",
						"net_quantity_or_measure_of_commodity_in_pkg": "1000",
						"month_year_of_manufacture_packing_import": "8/2022"
					},
					"@ondc/org/statutory_reqs_prepackaged_food": {},
					"@ondc/org/mandatory_reqs_veggies_fruits": {}
				}, {
					"id": "107",
					"descriptor": {
						"name": "Kellogs Corn Flakes (250g)",
						"short_desc": "Kellogs Corn Flakes (250g)",
						"long_desc": "Kellogs Corn Flakes (250g)",
						"images": ["https://nstoreassets.s3.amazonaws.com/20354/107/107_4mwef768l6z58bje.jpg"]
					},
					"price": {
						"currency": "INR",
						"value": "170.00",
						"maximum_value": "170.00"
					},
					"category_id": "Packaged Commodities",
					"location_id": "20354",
					"fulfillment_id": "1",
					"matched": true,
					"@ondc/org/returnable": false,
					"@ondc/org/seller_pickup_return": false,
					"@ondc/org/cancellable": true,
					"@ondc/org/time_to_ship": "PT2H",
					"@ondc/org/available_on_cod": true,
					"@ondc/org/contact_details_consumer_care": "6380531214, testing@nstore.in",
					"@ondc/org/statutory_reqs_packaged_commodities": {
						"manufacturer_or_packer_name": "Balaji Bengaluru Departmental store",
						"manufacturer_or_packer_address": "2GH4 1st main road, Bengaluru, Karnataka - 560058",
						"common_or_generic_name_of_commodity": "Kellogs Corn Flakes (250g)",
						"net_quantity_or_measure_of_commodity_in_pkg": "1000",
						"month_year_of_manufacture_packing_import": "8/2022"
					},
					"@ondc/org/statutory_reqs_prepackaged_food": {},
					"@ondc/org/mandatory_reqs_veggies_fruits": {}
				}, {
					"id": "108",
					"descriptor": {
						"name": "MTR Tamarind Powder - Puliyothora (100g)",
						"short_desc": "MTR Tamarind Powder - Puliyothora (100g)",
						"long_desc": "MTR Tamarind Powder - Puliyothora (100g)",
						"images": ["https://nstoreassets.s3.amazonaws.com/20354/108/108_b8j229frl6z595hc.jpg"]
					},
					"price": {
						"currency": "INR",
						"value": "150.00",
						"maximum_value": "150.00"
					},
					"category_id": "Packaged Commodities",
					"location_id": "20354",
					"fulfillment_id": "1",
					"matched": true,
					"@ondc/org/returnable": false,
					"@ondc/org/seller_pickup_return": false,
					"@ondc/org/cancellable": true,
					"@ondc/org/time_to_ship": "PT2H",
					"@ondc/org/available_on_cod": true,
					"@ondc/org/contact_details_consumer_care": "6380531214, testing@nstore.in",
					"@ondc/org/statutory_reqs_packaged_commodities": {
						"manufacturer_or_packer_name": "Balaji Bengaluru Departmental store",
						"manufacturer_or_packer_address": "2GH4 1st main road, Bengaluru, Karnataka - 560058",
						"common_or_generic_name_of_commodity": "MTR Tamarind Powder - Puliyothora (100g)",
						"net_quantity_or_measure_of_commodity_in_pkg": "1000",
						"month_year_of_manufacture_packing_import": "8/2022"
					},
					"@ondc/org/statutory_reqs_prepackaged_food": {},
					"@ondc/org/mandatory_reqs_veggies_fruits": {}
				}, {
					"id": "109",
					"descriptor": {
						"name": "Everest Pavu Bajji Masala (50g)",
						"short_desc": "Everest Pavu Bajji Masala (50g)",
						"long_desc": "Everest Pavu Bajji Masala (50g)",
						"images": ["https://nstoreassets.s3.amazonaws.com/20354/109/109_4mwef768l6z5a33a.jpg"]
					},
					"price": {
						"currency": "INR",
						"value": "150.00",
						"maximum_value": "150.00"
					},
					"category_id": "Packaged Commodities",
					"location_id": "20354",
					"fulfillment_id": "1",
					"matched": true,
					"@ondc/org/returnable": false,
					"@ondc/org/seller_pickup_return": false,
					"@ondc/org/cancellable": true,
					"@ondc/org/time_to_ship": "PT2H",
					"@ondc/org/available_on_cod": true,
					"@ondc/org/contact_details_consumer_care": "6380531214, testing@nstore.in",
					"@ondc/org/statutory_reqs_packaged_commodities": {
						"manufacturer_or_packer_name": "Balaji Bengaluru Departmental store",
						"manufacturer_or_packer_address": "2GH4 1st main road, Bengaluru, Karnataka - 560058",
						"common_or_generic_name_of_commodity": "Everest Pavu Bajji Masala (50g)",
						"net_quantity_or_measure_of_commodity_in_pkg": "1000",
						"month_year_of_manufacture_packing_import": "8/2022"
					},
					"@ondc/org/statutory_reqs_prepackaged_food": {},
					"@ondc/org/mandatory_reqs_veggies_fruits": {}
				}, {
					"id": "110",
					"descriptor": {
						"name": "L.G Perungayam (50gm)",
						"short_desc": "L.G Perungayam (50gm)",
						"long_desc": "L.G Perungayam (50gm)",
						"images": ["https://nstoreassets.s3.amazonaws.com/20354/110/110_b8j229frl6z5axpe.jpg"]
					},
					"price": {
						"currency": "INR",
						"value": "50.00",
						"maximum_value": "50.00"
					},
					"category_id": "Packaged Commodities",
					"location_id": "20354",
					"fulfillment_id": "1",
					"matched": true,
					"@ondc/org/returnable": false,
					"@ondc/org/seller_pickup_return": false,
					"@ondc/org/cancellable": true,
					"@ondc/org/time_to_ship": "PT2H",
					"@ondc/org/available_on_cod": true,
					"@ondc/org/contact_details_consumer_care": "6380531214, testing@nstore.in",
					"@ondc/org/statutory_reqs_packaged_commodities": {
						"manufacturer_or_packer_name": "Balaji Bengaluru Departmental store",
						"manufacturer_or_packer_address": "2GH4 1st main road, Bengaluru, Karnataka - 560058",
						"common_or_generic_name_of_commodity": "L.G Perungayam (50gm)",
						"net_quantity_or_measure_of_commodity_in_pkg": "1000",
						"month_year_of_manufacture_packing_import": "8/2022"
					},
					"@ondc/org/statutory_reqs_prepackaged_food": {},
					"@ondc/org/mandatory_reqs_veggies_fruits": {}
				}, {
					"id": "111",
					"descriptor": {
						"name": "Parrys White Label Sugar (1kg)",
						"short_desc": "Parrys White Label Sugar (1kg)",
						"long_desc": "Parrys White Label Sugar (1kg)",
						"images": ["https://nstoreassets.s3.amazonaws.com/20354/111/111_4mwef768l6z5d26t.jpg"]
					},
					"price": {
						"currency": "INR",
						"value": "200.00",
						"maximum_value": "200.00"
					},
					"category_id": "Packaged Commodities",
					"location_id": "20354",
					"fulfillment_id": "1",
					"matched": true,
					"@ondc/org/returnable": false,
					"@ondc/org/seller_pickup_return": false,
					"@ondc/org/cancellable": true,
					"@ondc/org/time_to_ship": "PT2H",
					"@ondc/org/available_on_cod": true,
					"@ondc/org/contact_details_consumer_care": "6380531214, testing@nstore.in",
					"@ondc/org/statutory_reqs_packaged_commodities": {
						"manufacturer_or_packer_name": "Balaji Bengaluru Departmental store",
						"manufacturer_or_packer_address": "2GH4 1st main road, Bengaluru, Karnataka - 560058",
						"common_or_generic_name_of_commodity": "Parrys White Label Sugar (1kg)",
						"net_quantity_or_measure_of_commodity_in_pkg": "1000",
						"month_year_of_manufacture_packing_import": "8/2022"
					},
					"@ondc/org/statutory_reqs_prepackaged_food": {},
					"@ondc/org/mandatory_reqs_veggies_fruits": {}
				}, {
					"id": "112",
					"descriptor": {
						"name": "Gold Winner Refined Groundoil 1L Pouch",
						"short_desc": "Gold Winner Refined Groundoil 1L Pouch",
						"long_desc": "Gold Winner Refined Groundoil 1L Pouch",
						"images": ["https://nstoreassets.s3.amazonaws.com/20354/112/112_4mwef768l6z5ft4f.png"]
					},
					"price": {
						"currency": "INR",
						"value": "250.00",
						"maximum_value": "250.00"
					},
					"category_id": "Packaged Commodities",
					"location_id": "20354",
					"fulfillment_id": "1",
					"matched": true,
					"@ondc/org/returnable": false,
					"@ondc/org/seller_pickup_return": false,
					"@ondc/org/cancellable": true,
					"@ondc/org/time_to_ship": "PT2H",
					"@ondc/org/available_on_cod": true,
					"@ondc/org/contact_details_consumer_care": "6380531214, testing@nstore.in",
					"@ondc/org/statutory_reqs_packaged_commodities": {
						"manufacturer_or_packer_name": "Balaji Bengaluru Departmental store",
						"manufacturer_or_packer_address": "2GH4 1st main road, Bengaluru, Karnataka - 560058",
						"common_or_generic_name_of_commodity": "Gold Winner Refined Groundoil 1L Pouch",
						"net_quantity_or_measure_of_commodity_in_pkg": "1000",
						"month_year_of_manufacture_packing_import": "8/2022"
					},
					"@ondc/org/statutory_reqs_prepackaged_food": {},
					"@ondc/org/mandatory_reqs_veggies_fruits": {}
				}, {
					"id": "113",
					"descriptor": {
						"name": "Tata Lite Freeflow Lodised Salt (1kg)",
						"short_desc": "Tata Lite Freeflow Lodised Salt (1kg)",
						"long_desc": "Tata Lite Freeflow Lodised Salt (1kg)",
						"images": ["https://nstoreassets.s3.amazonaws.com/20354/113/113_4mwef768l6z5hb21.jpeg"]
					},
					"price": {
						"currency": "INR",
						"value": "75.00",
						"maximum_value": "75.00"
					},
					"category_id": "Packaged Commodities",
					"location_id": "20354",
					"fulfillment_id": "1",
					"matched": true,
					"@ondc/org/returnable": false,
					"@ondc/org/seller_pickup_return": false,
					"@ondc/org/cancellable": true,
					"@ondc/org/time_to_ship": "PT2H",
					"@ondc/org/available_on_cod": true,
					"@ondc/org/contact_details_consumer_care": "6380531214, testing@nstore.in",
					"@ondc/org/statutory_reqs_packaged_commodities": {
						"manufacturer_or_packer_name": "Balaji Bengaluru Departmental store",
						"manufacturer_or_packer_address": "2GH4 1st main road, Bengaluru, Karnataka - 560058",
						"common_or_generic_name_of_commodity": "Tata Lite Freeflow Lodised Salt (1kg)",
						"net_quantity_or_measure_of_commodity_in_pkg": "1000",
						"month_year_of_manufacture_packing_import": "8/2022"
					},
					"@ondc/org/statutory_reqs_prepackaged_food": {},
					"@ondc/org/mandatory_reqs_veggies_fruits": {}
				}, {
					"id": "114",
					"descriptor": {
						"name": "Himalaya Tooth Paste",
						"short_desc": "Himalaya Tooth Paste",
						"long_desc": "Himalaya Tooth Paste",
						"images": ["https://nstoreassets.s3.amazonaws.com/20354/114/114_4mwef768l6z5iu2w.jpg"]
					},
					"price": {
						"currency": "INR",
						"value": "115.00",
						"maximum_value": "115.00"
					},
					"category_id": "Packaged Commodities",
					"location_id": "20354",
					"fulfillment_id": "1",
					"matched": true,
					"@ondc/org/returnable": false,
					"@ondc/org/seller_pickup_return": false,
					"@ondc/org/cancellable": true,
					"@ondc/org/time_to_ship": "PT2H",
					"@ondc/org/available_on_cod": true,
					"@ondc/org/contact_details_consumer_care": "6380531214, testing@nstore.in",
					"@ondc/org/statutory_reqs_packaged_commodities": {
						"manufacturer_or_packer_name": "Balaji Bengaluru Departmental store",
						"manufacturer_or_packer_address": "2GH4 1st main road, Bengaluru, Karnataka - 560058",
						"common_or_generic_name_of_commodity": "Himalaya Tooth Paste",
						"net_quantity_or_measure_of_commodity_in_pkg": "1000",
						"month_year_of_manufacture_packing_import": "8/2022"
					},
					"@ondc/org/statutory_reqs_prepackaged_food": {},
					"@ondc/org/mandatory_reqs_veggies_fruits": {}
				}, {
					"id": "115",
					"descriptor": {
						"name": "Colgate Max Fresh Spicy Fresh Red Gel Toothpaste 150g",
						"short_desc": "Colgate Max Fresh Spicy Fresh Red Gel Toothpaste 150g",
						"long_desc": "Colgate Max Fresh Spicy Fresh Red Gel Toothpaste 150g",
						"images": ["https://nstoreassets.s3.amazonaws.com/20354/115/115_b8j229frl6z5jv5t.jpg"]
					},
					"price": {
						"currency": "INR",
						"value": "150.00",
						"maximum_value": "150.00"
					},
					"category_id": "Packaged Commodities",
					"location_id": "20354",
					"fulfillment_id": "1",
					"matched": true,
					"@ondc/org/returnable": false,
					"@ondc/org/seller_pickup_return": false,
					"@ondc/org/cancellable": true,
					"@ondc/org/time_to_ship": "PT2H",
					"@ondc/org/available_on_cod": true,
					"@ondc/org/contact_details_consumer_care": "6380531214, testing@nstore.in",
					"@ondc/org/statutory_reqs_packaged_commodities": {
						"manufacturer_or_packer_name": "Balaji Bengaluru Departmental store",
						"manufacturer_or_packer_address": "2GH4 1st main road, Bengaluru, Karnataka - 560058",
						"common_or_generic_name_of_commodity": "Colgate Max Fresh Spicy Fresh Red Gel Toothpaste 150g",
						"net_quantity_or_measure_of_commodity_in_pkg": "1000",
						"month_year_of_manufacture_packing_import": "8/2022"
					},
					"@ondc/org/statutory_reqs_prepackaged_food": {},
					"@ondc/org/mandatory_reqs_veggies_fruits": {}
				}],
				"@ondc/org/fssai_license_no": "11519041000176",
				"ttl": "P1D",
				"rateable": true
			}]
		}
	}
}

Search by Category
-------------------
{
	"context": {
		"domain": "nic2004:52110",
		"country": "IND",
		"city": "std:080",
		"action": "on_search",
		"core_version": "1.0.0",
		"bap_id": "buyer-app-preprod.ondc.org",
		"bap_uri": "https://buyer-app-preprod.ondc.org/protocol/v1",
		"transaction_id": "94415e45-835e-49bc-84f5-c1a8cab05e1a",
		"message_id": "668d90e0-4885-4d60-8a8a-571b94b0f921",
		"timestamp": "2022-08-24T09:21:23.814Z",
		"bpp_id": "b-ondc-seller-bpp.nlincs.in",
		"bpp_uri": "https://b-ondc-seller-bpp.nlincs.in/bpp",
		"ttl": "P1D"
	},
	"message": {
		"catalog": {
			"bpp/descriptor": {
				"name": "nStore",
				"symbol": "https://nstore.in/wp-content/uploads/2022/02/cropped-favicon-192x192.png",
				"short_desc": "Engagement platform between stores and consumers",
				"long_desc": "Engagement platform between stores and consumers",
				"images": ["https://nstore.in/wp-content/uploads/2022/02/cropped-favicon-192x192.png"]
			},
			"bpp/providers": [{
				"id": "20354",
				"descriptor": {
					"name": "Balaji Bengaluru Departmental store",
					"short_desc": "Balaji Bengaluru Departmental store",
					"long_desc": "Balaji Bengaluru Departmental store",
					"symbol": "https://nstoreassets.s3.amazonaws.com/20354/store_logo/20354_4mwea2wel6xco6qh.jpg",
					"images": ["https://nstoreassets.s3.amazonaws.com/20354/store_logo/20354_4mwea2wel6xco6qh.jpg"]
				},
				"categories": [],
				"fulfillments": [],
				"locations": [{
					"id": "20354",
					"address": {
						"name": "2GH4",
						"locality": "1st main road",
						"city": "Bengaluru",
						"state": "Karnataka",
						"area_code": "560058"
					},
					"gps": "13.0275981,77.5068662"
				}],
				"items": [{
					"id": "101",
					"descriptor": {
						"name": "test Udhaiyam Urad Dhal 1 kg",
						"short_desc": "test Udhaiyam Urad Dhal 1 kg",
						"long_desc": "test Udhaiyam Urad Dhal 1 kg",
						"images": ["https://nstoreassets.s3.amazonaws.com/20354/101/101_b8j229frl6yp6avm.jpg"]
					},
					"price": {
						"currency": "INR",
						"value": "1.00",
						"maximum_value": "100.00"
					},
					"category_id": "Packaged Commodities",
					"location_id": "20354",
					"fulfillment_id": "1",
					"matched": true,
					"@ondc/org/returnable": false,
					"@ondc/org/seller_pickup_return": false,
					"@ondc/org/cancellable": true,
					"@ondc/org/time_to_ship": "PT2H",
					"@ondc/org/available_on_cod": true,
					"@ondc/org/contact_details_consumer_care": "6380531214, testing@nstore.in",
					"@ondc/org/statutory_reqs_packaged_commodities": {
						"manufacturer_or_packer_name": "Balaji Bengaluru Departmental store",
						"manufacturer_or_packer_address": "2GH4 1st main road, Bengaluru, Karnataka - 560058",
						"common_or_generic_name_of_commodity": "test Udhaiyam Urad Dhal 1 kg",
						"net_quantity_or_measure_of_commodity_in_pkg": "1000",
						"month_year_of_manufacture_packing_import": "8/2022"
					},
					"@ondc/org/statutory_reqs_prepackaged_food": {},
					"@ondc/org/mandatory_reqs_veggies_fruits": {}
				}, {
					"id": "102",
					"descriptor": {
						"name": "Udhaiyam Moong Dhal 1Kg",
						"short_desc": "Udhaiyam Moong Dhal 1Kg",
						"long_desc": "Udhaiyam Moong Dhal 1Kg",
						"images": ["https://nstoreassets.s3.amazonaws.com/20354/102/102_b8j229frl6yp8fnz._SL1500_"]
					},
					"price": {
						"currency": "INR",
						"value": "150.00",
						"maximum_value": "150.00"
					},
					"category_id": "Packaged Commodities",
					"location_id": "20354",
					"fulfillment_id": "1",
					"matched": true,
					"@ondc/org/returnable": false,
					"@ondc/org/seller_pickup_return": false,
					"@ondc/org/cancellable": true,
					"@ondc/org/time_to_ship": "PT2H",
					"@ondc/org/available_on_cod": true,
					"@ondc/org/contact_details_consumer_care": "6380531214, testing@nstore.in",
					"@ondc/org/statutory_reqs_packaged_commodities": {
						"manufacturer_or_packer_name": "Balaji Bengaluru Departmental store",
						"manufacturer_or_packer_address": "2GH4 1st main road, Bengaluru, Karnataka - 560058",
						"common_or_generic_name_of_commodity": "Udhaiyam Moong Dhal 1Kg",
						"net_quantity_or_measure_of_commodity_in_pkg": "1000",
						"month_year_of_manufacture_packing_import": "8/2022"
					},
					"@ondc/org/statutory_reqs_prepackaged_food": {},
					"@ondc/org/mandatory_reqs_veggies_fruits": {}
				}, {
					"id": "103",
					"descriptor": {
						"name": "Udhaiyam Toor Dhal 1KG",
						"short_desc": "Udhaiyam Toor Dhal 1KG",
						"long_desc": "Udhaiyam Toor Dhal 1KG",
						"images": ["https://nstoreassets.s3.amazonaws.com/20354/103/103_4mwea2wel6vzh5jc.jpg"]
					},
					"price": {
						"currency": "INR",
						"value": "120.00",
						"maximum_value": "150.00"
					},
					"category_id": "Packaged Commodities",
					"location_id": "20354",
					"fulfillment_id": "1",
					"matched": true,
					"@ondc/org/returnable": false,
					"@ondc/org/seller_pickup_return": false,
					"@ondc/org/cancellable": true,
					"@ondc/org/time_to_ship": "PT2H",
					"@ondc/org/available_on_cod": true,
					"@ondc/org/contact_details_consumer_care": "6380531214, testing@nstore.in",
					"@ondc/org/statutory_reqs_packaged_commodities": {
						"manufacturer_or_packer_name": "Balaji Bengaluru Departmental store",
						"manufacturer_or_packer_address": "2GH4 1st main road, Bengaluru, Karnataka - 560058",
						"common_or_generic_name_of_commodity": "Udhaiyam Toor Dhal 1KG",
						"net_quantity_or_measure_of_commodity_in_pkg": "1000",
						"month_year_of_manufacture_packing_import": "8/2022"
					},
					"@ondc/org/statutory_reqs_prepackaged_food": {},
					"@ondc/org/mandatory_reqs_veggies_fruits": {}
				}, {
					"id": "104",
					"descriptor": {
						"name": "Anil Maida (1kg)",
						"short_desc": "Anil Maida (1kg)",
						"long_desc": "Anil Maida (1kg)",
						"images": ["https://nstoreassets.s3.amazonaws.com/20354/104/104_b8j229frl6z551po.jpg"]
					},
					"price": {
						"currency": "INR",
						"value": "100.00",
						"maximum_value": "100.00"
					},
					"category_id": "Packaged Commodities",
					"location_id": "20354",
					"fulfillment_id": "1",
					"matched": true,
					"@ondc/org/returnable": false,
					"@ondc/org/seller_pickup_return": false,
					"@ondc/org/cancellable": true,
					"@ondc/org/time_to_ship": "PT2H",
					"@ondc/org/available_on_cod": true,
					"@ondc/org/contact_details_consumer_care": "6380531214, testing@nstore.in",
					"@ondc/org/statutory_reqs_packaged_commodities": {
						"manufacturer_or_packer_name": "Balaji Bengaluru Departmental store",
						"manufacturer_or_packer_address": "2GH4 1st main road, Bengaluru, Karnataka - 560058",
						"common_or_generic_name_of_commodity": "Anil Maida (1kg)",
						"net_quantity_or_measure_of_commodity_in_pkg": "1000",
						"month_year_of_manufacture_packing_import": "8/2022"
					},
					"@ondc/org/statutory_reqs_prepackaged_food": {},
					"@ondc/org/mandatory_reqs_veggies_fruits": {}
				}, {
					"id": "105",
					"descriptor": {
						"name": "Pediasure Chocolate Health Drink Powder 200g",
						"short_desc": "Pediasure Chocolate Health Drink Powder 200g",
						"long_desc": "Pediasure Chocolate Health Drink Powder 200g",
						"images": ["https://nstoreassets.s3.amazonaws.com/20354/105/105_b8j229frl6z565km.jpg"]
					},
					"price": {
						"currency": "INR",
						"value": "299.00",
						"maximum_value": "299.00"
					},
					"category_id": "Packaged Commodities",
					"location_id": "20354",
					"fulfillment_id": "1",
					"matched": true,
					"@ondc/org/returnable": false,
					"@ondc/org/seller_pickup_return": false,
					"@ondc/org/cancellable": true,
					"@ondc/org/time_to_ship": "PT2H",
					"@ondc/org/available_on_cod": true,
					"@ondc/org/contact_details_consumer_care": "6380531214, testing@nstore.in",
					"@ondc/org/statutory_reqs_packaged_commodities": {
						"manufacturer_or_packer_name": "Balaji Bengaluru Departmental store",
						"manufacturer_or_packer_address": "2GH4 1st main road, Bengaluru, Karnataka - 560058",
						"common_or_generic_name_of_commodity": "Pediasure Chocolate Health Drink Powder 200g",
						"net_quantity_or_measure_of_commodity_in_pkg": "1000",
						"month_year_of_manufacture_packing_import": "8/2022"
					},
					"@ondc/org/statutory_reqs_prepackaged_food": {},
					"@ondc/org/mandatory_reqs_veggies_fruits": {}
				}, {
					"id": "106",
					"descriptor": {
						"name": "Quacker Oats (400g)",
						"short_desc": "Quacker Oats (400g)",
						"long_desc": "Quacker Oats (400g)",
						"images": ["https://nstoreassets.s3.amazonaws.com/20354/106/106_b8j229frl6z5794z.jpg"]
					},
					"price": {
						"currency": "INR",
						"value": "80.00",
						"maximum_value": "80.00"
					},
					"category_id": "Packaged Commodities",
					"location_id": "20354",
					"fulfillment_id": "1",
					"matched": true,
					"@ondc/org/returnable": false,
					"@ondc/org/seller_pickup_return": false,
					"@ondc/org/cancellable": true,
					"@ondc/org/time_to_ship": "PT2H",
					"@ondc/org/available_on_cod": true,
					"@ondc/org/contact_details_consumer_care": "6380531214, testing@nstore.in",
					"@ondc/org/statutory_reqs_packaged_commodities": {
						"manufacturer_or_packer_name": "Balaji Bengaluru Departmental store",
						"manufacturer_or_packer_address": "2GH4 1st main road, Bengaluru, Karnataka - 560058",
						"common_or_generic_name_of_commodity": "Quacker Oats (400g)",
						"net_quantity_or_measure_of_commodity_in_pkg": "1000",
						"month_year_of_manufacture_packing_import": "8/2022"
					},
					"@ondc/org/statutory_reqs_prepackaged_food": {},
					"@ondc/org/mandatory_reqs_veggies_fruits": {}
				}, {
					"id": "107",
					"descriptor": {
						"name": "Kellogs Corn Flakes (250g)",
						"short_desc": "Kellogs Corn Flakes (250g)",
						"long_desc": "Kellogs Corn Flakes (250g)",
						"images": ["https://nstoreassets.s3.amazonaws.com/20354/107/107_4mwef768l6z58bje.jpg"]
					},
					"price": {
						"currency": "INR",
						"value": "170.00",
						"maximum_value": "170.00"
					},
					"category_id": "Packaged Commodities",
					"location_id": "20354",
					"fulfillment_id": "1",
					"matched": true,
					"@ondc/org/returnable": false,
					"@ondc/org/seller_pickup_return": false,
					"@ondc/org/cancellable": true,
					"@ondc/org/time_to_ship": "PT2H",
					"@ondc/org/available_on_cod": true,
					"@ondc/org/contact_details_consumer_care": "6380531214, testing@nstore.in",
					"@ondc/org/statutory_reqs_packaged_commodities": {
						"manufacturer_or_packer_name": "Balaji Bengaluru Departmental store",
						"manufacturer_or_packer_address": "2GH4 1st main road, Bengaluru, Karnataka - 560058",
						"common_or_generic_name_of_commodity": "Kellogs Corn Flakes (250g)",
						"net_quantity_or_measure_of_commodity_in_pkg": "1000",
						"month_year_of_manufacture_packing_import": "8/2022"
					},
					"@ondc/org/statutory_reqs_prepackaged_food": {},
					"@ondc/org/mandatory_reqs_veggies_fruits": {}
				}, {
					"id": "108",
					"descriptor": {
						"name": "MTR Tamarind Powder - Puliyothora (100g)",
						"short_desc": "MTR Tamarind Powder - Puliyothora (100g)",
						"long_desc": "MTR Tamarind Powder - Puliyothora (100g)",
						"images": ["https://nstoreassets.s3.amazonaws.com/20354/108/108_b8j229frl6z595hc.jpg"]
					},
					"price": {
						"currency": "INR",
						"value": "150.00",
						"maximum_value": "150.00"
					},
					"category_id": "Packaged Commodities",
					"location_id": "20354",
					"fulfillment_id": "1",
					"matched": true,
					"@ondc/org/returnable": false,
					"@ondc/org/seller_pickup_return": false,
					"@ondc/org/cancellable": true,
					"@ondc/org/time_to_ship": "PT2H",
					"@ondc/org/available_on_cod": true,
					"@ondc/org/contact_details_consumer_care": "6380531214, testing@nstore.in",
					"@ondc/org/statutory_reqs_packaged_commodities": {
						"manufacturer_or_packer_name": "Balaji Bengaluru Departmental store",
						"manufacturer_or_packer_address": "2GH4 1st main road, Bengaluru, Karnataka - 560058",
						"common_or_generic_name_of_commodity": "MTR Tamarind Powder - Puliyothora (100g)",
						"net_quantity_or_measure_of_commodity_in_pkg": "1000",
						"month_year_of_manufacture_packing_import": "8/2022"
					},
					"@ondc/org/statutory_reqs_prepackaged_food": {},
					"@ondc/org/mandatory_reqs_veggies_fruits": {}
				}, {
					"id": "109",
					"descriptor": {
						"name": "Everest Pavu Bajji Masala (50g)",
						"short_desc": "Everest Pavu Bajji Masala (50g)",
						"long_desc": "Everest Pavu Bajji Masala (50g)",
						"images": ["https://nstoreassets.s3.amazonaws.com/20354/109/109_4mwef768l6z5a33a.jpg"]
					},
					"price": {
						"currency": "INR",
						"value": "150.00",
						"maximum_value": "150.00"
					},
					"category_id": "Packaged Commodities",
					"location_id": "20354",
					"fulfillment_id": "1",
					"matched": true,
					"@ondc/org/returnable": false,
					"@ondc/org/seller_pickup_return": false,
					"@ondc/org/cancellable": true,
					"@ondc/org/time_to_ship": "PT2H",
					"@ondc/org/available_on_cod": true,
					"@ondc/org/contact_details_consumer_care": "6380531214, testing@nstore.in",
					"@ondc/org/statutory_reqs_packaged_commodities": {
						"manufacturer_or_packer_name": "Balaji Bengaluru Departmental store",
						"manufacturer_or_packer_address": "2GH4 1st main road, Bengaluru, Karnataka - 560058",
						"common_or_generic_name_of_commodity": "Everest Pavu Bajji Masala (50g)",
						"net_quantity_or_measure_of_commodity_in_pkg": "1000",
						"month_year_of_manufacture_packing_import": "8/2022"
					},
					"@ondc/org/statutory_reqs_prepackaged_food": {},
					"@ondc/org/mandatory_reqs_veggies_fruits": {}
				}, {
					"id": "110",
					"descriptor": {
						"name": "L.G Perungayam (50gm)",
						"short_desc": "L.G Perungayam (50gm)",
						"long_desc": "L.G Perungayam (50gm)",
						"images": ["https://nstoreassets.s3.amazonaws.com/20354/110/110_b8j229frl6z5axpe.jpg"]
					},
					"price": {
						"currency": "INR",
						"value": "50.00",
						"maximum_value": "50.00"
					},
					"category_id": "Packaged Commodities",
					"location_id": "20354",
					"fulfillment_id": "1",
					"matched": true,
					"@ondc/org/returnable": false,
					"@ondc/org/seller_pickup_return": false,
					"@ondc/org/cancellable": true,
					"@ondc/org/time_to_ship": "PT2H",
					"@ondc/org/available_on_cod": true,
					"@ondc/org/contact_details_consumer_care": "6380531214, testing@nstore.in",
					"@ondc/org/statutory_reqs_packaged_commodities": {
						"manufacturer_or_packer_name": "Balaji Bengaluru Departmental store",
						"manufacturer_or_packer_address": "2GH4 1st main road, Bengaluru, Karnataka - 560058",
						"common_or_generic_name_of_commodity": "L.G Perungayam (50gm)",
						"net_quantity_or_measure_of_commodity_in_pkg": "1000",
						"month_year_of_manufacture_packing_import": "8/2022"
					},
					"@ondc/org/statutory_reqs_prepackaged_food": {},
					"@ondc/org/mandatory_reqs_veggies_fruits": {}
				}, {
					"id": "111",
					"descriptor": {
						"name": "Parrys White Label Sugar (1kg)",
						"short_desc": "Parrys White Label Sugar (1kg)",
						"long_desc": "Parrys White Label Sugar (1kg)",
						"images": ["https://nstoreassets.s3.amazonaws.com/20354/111/111_4mwef768l6z5d26t.jpg"]
					},
					"price": {
						"currency": "INR",
						"value": "200.00",
						"maximum_value": "200.00"
					},
					"category_id": "Packaged Commodities",
					"location_id": "20354",
					"fulfillment_id": "1",
					"matched": true,
					"@ondc/org/returnable": false,
					"@ondc/org/seller_pickup_return": false,
					"@ondc/org/cancellable": true,
					"@ondc/org/time_to_ship": "PT2H",
					"@ondc/org/available_on_cod": true,
					"@ondc/org/contact_details_consumer_care": "6380531214, testing@nstore.in",
					"@ondc/org/statutory_reqs_packaged_commodities": {
						"manufacturer_or_packer_name": "Balaji Bengaluru Departmental store",
						"manufacturer_or_packer_address": "2GH4 1st main road, Bengaluru, Karnataka - 560058",
						"common_or_generic_name_of_commodity": "Parrys White Label Sugar (1kg)",
						"net_quantity_or_measure_of_commodity_in_pkg": "1000",
						"month_year_of_manufacture_packing_import": "8/2022"
					},
					"@ondc/org/statutory_reqs_prepackaged_food": {},
					"@ondc/org/mandatory_reqs_veggies_fruits": {}
				}, {
					"id": "112",
					"descriptor": {
						"name": "Gold Winner Refined Groundoil 1L Pouch",
						"short_desc": "Gold Winner Refined Groundoil 1L Pouch",
						"long_desc": "Gold Winner Refined Groundoil 1L Pouch",
						"images": ["https://nstoreassets.s3.amazonaws.com/20354/112/112_4mwef768l6z5ft4f.png"]
					},
					"price": {
						"currency": "INR",
						"value": "250.00",
						"maximum_value": "250.00"
					},
					"category_id": "Packaged Commodities",
					"location_id": "20354",
					"fulfillment_id": "1",
					"matched": true,
					"@ondc/org/returnable": false,
					"@ondc/org/seller_pickup_return": false,
					"@ondc/org/cancellable": true,
					"@ondc/org/time_to_ship": "PT2H",
					"@ondc/org/available_on_cod": true,
					"@ondc/org/contact_details_consumer_care": "6380531214, testing@nstore.in",
					"@ondc/org/statutory_reqs_packaged_commodities": {
						"manufacturer_or_packer_name": "Balaji Bengaluru Departmental store",
						"manufacturer_or_packer_address": "2GH4 1st main road, Bengaluru, Karnataka - 560058",
						"common_or_generic_name_of_commodity": "Gold Winner Refined Groundoil 1L Pouch",
						"net_quantity_or_measure_of_commodity_in_pkg": "1000",
						"month_year_of_manufacture_packing_import": "8/2022"
					},
					"@ondc/org/statutory_reqs_prepackaged_food": {},
					"@ondc/org/mandatory_reqs_veggies_fruits": {}
				}, {
					"id": "113",
					"descriptor": {
						"name": "Tata Lite Freeflow Lodised Salt (1kg)",
						"short_desc": "Tata Lite Freeflow Lodised Salt (1kg)",
						"long_desc": "Tata Lite Freeflow Lodised Salt (1kg)",
						"images": ["https://nstoreassets.s3.amazonaws.com/20354/113/113_4mwef768l6z5hb21.jpeg"]
					},
					"price": {
						"currency": "INR",
						"value": "75.00",
						"maximum_value": "75.00"
					},
					"category_id": "Packaged Commodities",
					"location_id": "20354",
					"fulfillment_id": "1",
					"matched": true,
					"@ondc/org/returnable": false,
					"@ondc/org/seller_pickup_return": false,
					"@ondc/org/cancellable": true,
					"@ondc/org/time_to_ship": "PT2H",
					"@ondc/org/available_on_cod": true,
					"@ondc/org/contact_details_consumer_care": "6380531214, testing@nstore.in",
					"@ondc/org/statutory_reqs_packaged_commodities": {
						"manufacturer_or_packer_name": "Balaji Bengaluru Departmental store",
						"manufacturer_or_packer_address": "2GH4 1st main road, Bengaluru, Karnataka - 560058",
						"common_or_generic_name_of_commodity": "Tata Lite Freeflow Lodised Salt (1kg)",
						"net_quantity_or_measure_of_commodity_in_pkg": "1000",
						"month_year_of_manufacture_packing_import": "8/2022"
					},
					"@ondc/org/statutory_reqs_prepackaged_food": {},
					"@ondc/org/mandatory_reqs_veggies_fruits": {}
				}, {
					"id": "114",
					"descriptor": {
						"name": "Himalaya Tooth Paste",
						"short_desc": "Himalaya Tooth Paste",
						"long_desc": "Himalaya Tooth Paste",
						"images": ["https://nstoreassets.s3.amazonaws.com/20354/114/114_4mwef768l6z5iu2w.jpg"]
					},
					"price": {
						"currency": "INR",
						"value": "115.00",
						"maximum_value": "115.00"
					},
					"category_id": "Packaged Commodities",
					"location_id": "20354",
					"fulfillment_id": "1",
					"matched": true,
					"@ondc/org/returnable": false,
					"@ondc/org/seller_pickup_return": false,
					"@ondc/org/cancellable": true,
					"@ondc/org/time_to_ship": "PT2H",
					"@ondc/org/available_on_cod": true,
					"@ondc/org/contact_details_consumer_care": "6380531214, testing@nstore.in",
					"@ondc/org/statutory_reqs_packaged_commodities": {
						"manufacturer_or_packer_name": "Balaji Bengaluru Departmental store",
						"manufacturer_or_packer_address": "2GH4 1st main road, Bengaluru, Karnataka - 560058",
						"common_or_generic_name_of_commodity": "Himalaya Tooth Paste",
						"net_quantity_or_measure_of_commodity_in_pkg": "1000",
						"month_year_of_manufacture_packing_import": "8/2022"
					},
					"@ondc/org/statutory_reqs_prepackaged_food": {},
					"@ondc/org/mandatory_reqs_veggies_fruits": {}
				}, {
					"id": "115",
					"descriptor": {
						"name": "Colgate Max Fresh Spicy Fresh Red Gel Toothpaste 150g",
						"short_desc": "Colgate Max Fresh Spicy Fresh Red Gel Toothpaste 150g",
						"long_desc": "Colgate Max Fresh Spicy Fresh Red Gel Toothpaste 150g",
						"images": ["https://nstoreassets.s3.amazonaws.com/20354/115/115_b8j229frl6z5jv5t.jpg"]
					},
					"price": {
						"currency": "INR",
						"value": "150.00",
						"maximum_value": "150.00"
					},
					"category_id": "Packaged Commodities",
					"location_id": "20354",
					"fulfillment_id": "1",
					"matched": true,
					"@ondc/org/returnable": false,
					"@ondc/org/seller_pickup_return": false,
					"@ondc/org/cancellable": true,
					"@ondc/org/time_to_ship": "PT2H",
					"@ondc/org/available_on_cod": true,
					"@ondc/org/contact_details_consumer_care": "6380531214, testing@nstore.in",
					"@ondc/org/statutory_reqs_packaged_commodities": {
						"manufacturer_or_packer_name": "Balaji Bengaluru Departmental store",
						"manufacturer_or_packer_address": "2GH4 1st main road, Bengaluru, Karnataka - 560058",
						"common_or_generic_name_of_commodity": "Colgate Max Fresh Spicy Fresh Red Gel Toothpaste 150g",
						"net_quantity_or_measure_of_commodity_in_pkg": "1000",
						"month_year_of_manufacture_packing_import": "8/2022"
					},
					"@ondc/org/statutory_reqs_prepackaged_food": {},
					"@ondc/org/mandatory_reqs_veggies_fruits": {}
				}],
				"@ondc/org/fssai_license_no": "11519041000176",
				"ttl": "P1D",
				"rateable": true
			}]
		}
	}
}


Search by Product
------------------
{
	"context": {
		"domain": "nic2004:52110",
		"country": "IND",
		"city": "std:080",
		"action": "on_search",
		"core_version": "1.0.0",
		"bap_id": "buyer-app-preprod.ondc.org",
		"bap_uri": "https://buyer-app-preprod.ondc.org/protocol/v1",
		"transaction_id": "76422abf-0667-4f23-ac22-e1ce3651f73b",
		"message_id": "02151924-6af0-4d76-90d2-148aef9ba0ed",
		"timestamp": "2022-08-24T09:22:22.084Z",
		"bpp_id": "b-ondc-seller-bpp.nlincs.in",
		"bpp_uri": "https://b-ondc-seller-bpp.nlincs.in/bpp",
		"ttl": "P1D"
	},
	"message": {
		"catalog": {
			"bpp/descriptor": {
				"name": "nStore",
				"symbol": "https://nstore.in/wp-content/uploads/2022/02/cropped-favicon-192x192.png",
				"short_desc": "Engagement platform between stores and consumers",
				"long_desc": "Engagement platform between stores and consumers",
				"images": ["https://nstore.in/wp-content/uploads/2022/02/cropped-favicon-192x192.png"]
			},
			"bpp/providers": [{
				"id": "20354",
				"descriptor": {
					"name": "Balaji Bengaluru Departmental store",
					"short_desc": "Balaji Bengaluru Departmental store",
					"long_desc": "Balaji Bengaluru Departmental store",
					"symbol": "https://nstoreassets.s3.amazonaws.com/20354/store_logo/20354_4mwea2wel6xco6qh.jpg",
					"images": ["https://nstoreassets.s3.amazonaws.com/20354/store_logo/20354_4mwea2wel6xco6qh.jpg"]
				},
				"categories": [],
				"fulfillments": [],
				"locations": [{
					"id": "20354",
					"address": {
						"name": "2GH4",
						"locality": "1st main road",
						"city": "Bengaluru",
						"state": "Karnataka",
						"area_code": "560058"
					},
					"gps": "13.0275981,77.5068662"
				}],
				"items": [{
					"id": "101",
					"descriptor": {
						"name": "test Udhaiyam Urad Dhal 1 kg",
						"short_desc": "test Udhaiyam Urad Dhal 1 kg",
						"long_desc": "test Udhaiyam Urad Dhal 1 kg",
						"images": ["https://nstoreassets.s3.amazonaws.com/20354/101/101_b8j229frl6yp6avm.jpg"]
					},
					"price": {
						"currency": "INR",
						"value": "1.00",
						"maximum_value": "100.00"
					},
					"category_id": "Packaged Commodities",
					"location_id": "20354",
					"fulfillment_id": "1",
					"matched": true,
					"@ondc/org/returnable": false,
					"@ondc/org/seller_pickup_return": false,
					"@ondc/org/cancellable": true,
					"@ondc/org/time_to_ship": "PT2H",
					"@ondc/org/available_on_cod": true,
					"@ondc/org/contact_details_consumer_care": "6380531214, testing@nstore.in",
					"@ondc/org/statutory_reqs_packaged_commodities": {
						"manufacturer_or_packer_name": "Balaji Bengaluru Departmental store",
						"manufacturer_or_packer_address": "2GH4 1st main road, Bengaluru, Karnataka - 560058",
						"common_or_generic_name_of_commodity": "test Udhaiyam Urad Dhal 1 kg",
						"net_quantity_or_measure_of_commodity_in_pkg": "1000",
						"month_year_of_manufacture_packing_import": "8/2022"
					},
					"@ondc/org/statutory_reqs_prepackaged_food": {},
					"@ondc/org/mandatory_reqs_veggies_fruits": {}
				}, {
					"id": "102",
					"descriptor": {
						"name": "Udhaiyam Moong Dhal 1Kg",
						"short_desc": "Udhaiyam Moong Dhal 1Kg",
						"long_desc": "Udhaiyam Moong Dhal 1Kg",
						"images": ["https://nstoreassets.s3.amazonaws.com/20354/102/102_b8j229frl6yp8fnz._SL1500_"]
					},
					"price": {
						"currency": "INR",
						"value": "150.00",
						"maximum_value": "150.00"
					},
					"category_id": "Packaged Commodities",
					"location_id": "20354",
					"fulfillment_id": "1",
					"matched": true,
					"@ondc/org/returnable": false,
					"@ondc/org/seller_pickup_return": false,
					"@ondc/org/cancellable": true,
					"@ondc/org/time_to_ship": "PT2H",
					"@ondc/org/available_on_cod": true,
					"@ondc/org/contact_details_consumer_care": "6380531214, testing@nstore.in",
					"@ondc/org/statutory_reqs_packaged_commodities": {
						"manufacturer_or_packer_name": "Balaji Bengaluru Departmental store",
						"manufacturer_or_packer_address": "2GH4 1st main road, Bengaluru, Karnataka - 560058",
						"common_or_generic_name_of_commodity": "Udhaiyam Moong Dhal 1Kg",
						"net_quantity_or_measure_of_commodity_in_pkg": "1000",
						"month_year_of_manufacture_packing_import": "8/2022"
					},
					"@ondc/org/statutory_reqs_prepackaged_food": {},
					"@ondc/org/mandatory_reqs_veggies_fruits": {}
				}, {
					"id": "103",
					"descriptor": {
						"name": "Udhaiyam Toor Dhal 1KG",
						"short_desc": "Udhaiyam Toor Dhal 1KG",
						"long_desc": "Udhaiyam Toor Dhal 1KG",
						"images": ["https://nstoreassets.s3.amazonaws.com/20354/103/103_4mwea2wel6vzh5jc.jpg"]
					},
					"price": {
						"currency": "INR",
						"value": "120.00",
						"maximum_value": "150.00"
					},
					"category_id": "Packaged Commodities",
					"location_id": "20354",
					"fulfillment_id": "1",
					"matched": true,
					"@ondc/org/returnable": false,
					"@ondc/org/seller_pickup_return": false,
					"@ondc/org/cancellable": true,
					"@ondc/org/time_to_ship": "PT2H",
					"@ondc/org/available_on_cod": true,
					"@ondc/org/contact_details_consumer_care": "6380531214, testing@nstore.in",
					"@ondc/org/statutory_reqs_packaged_commodities": {
						"manufacturer_or_packer_name": "Balaji Bengaluru Departmental store",
						"manufacturer_or_packer_address": "2GH4 1st main road, Bengaluru, Karnataka - 560058",
						"common_or_generic_name_of_commodity": "Udhaiyam Toor Dhal 1KG",
						"net_quantity_or_measure_of_commodity_in_pkg": "1000",
						"month_year_of_manufacture_packing_import": "8/2022"
					},
					"@ondc/org/statutory_reqs_prepackaged_food": {},
					"@ondc/org/mandatory_reqs_veggies_fruits": {}
				}],
				"@ondc/org/fssai_license_no": "11519041000176",
				"ttl": "P1D",
				"rateable": true
			}]
		}
	}
}


OnSelect
---------
{
	"context": {
		"domain": "nic2004:52110",
		"country": "IND",
		"city": "std:080",
		"action": "on_select",
		"core_version": "1.0.0",
		"bap_id": "buyer-app-preprod.ondc.org",
		"bap_uri": "https://buyer-app-preprod.ondc.org/protocol/v1",
		"transaction_id": "76422abf-0667-4f23-ac22-e1ce3651f73b",
		"message_id": "9a407870-d74d-48d5-a322-6a3806a5b471",
		"timestamp": "2022-08-24T09:22:51.269Z",
		"bpp_id": "b-ondc-seller-bpp.nlincs.in",
		"bpp_uri": "https://b-ondc-seller-bpp.nlincs.in/bpp",
		"ttl": "P1D"
	},
	"message": {
		"order": {
			"provider": {
				"id": "20354"
			},
			"items": [{
				"fulfillment_id": "20354",
				"id": "102"
			}],
			"fulfillments": [{
				"id": "20354",
				"@ondc/org/provider_name": "Balaji Bengaluru Departmental store",
				"tracking": true,
				"@ondc/org/category": "Standard Delivery",
				"@ondc/org/TAT": "PT24H",
				"state": {
					"descriptor": {
						"name": "Serviceable"
					}
				}
			}],
			"quote": {
				"price": {
					"currency": "INR",
					"value": "150.00"
				},
				"breakup": [{
					"@ondc/org/item_id": "102",
					"@ondc/org/item_quantity": {
						"count": 1
					},
					"title": "Udhaiyam Moong Dhal 1Kg",
					"@ondc/org/title_type": "item",
					"price": {
						"currency": "INR",
						"value": "142.50"
					}
				}, {
					"title": "Tax",
					"@ondc/org/title_type": "tax",
					"price": {
						"currency": "INR",
						"value": "7.50"
					}
				}],
				"ttl": "PT20M"
			}
		}
	}
}


OnInit
-------
{
	"context": {
		"domain": "nic2004:52110",
		"country": "IND",
		"city": "std:080",
		"action": "on_init",
		"core_version": "1.0.0",
		"bap_id": "buyer-app-preprod.ondc.org",
		"bap_uri": "https://buyer-app-preprod.ondc.org/protocol/v1",
		"transaction_id": "76422abf-0667-4f23-ac22-e1ce3651f73b",
		"message_id": "4b61586b-8edc-40ff-a439-d45cbfdbc34f",
		"timestamp": "2022-08-24T09:23:29.701Z",
		"bpp_id": "b-ondc-seller-bpp.nlincs.in",
		"bpp_uri": "https://b-ondc-seller-bpp.nlincs.in/bpp",
		"ttl": "P1D"
	},
	"message": {
		"order": {
			"provider": {
				"id": "20354"
			},
			"items": [{
				"id": "102",
				"quantity": {
					"count": 1
				}
			}],
			"billing": {
				"address": {
					"door": "Kaya herbals",
					"name": "Arunraj",
					"building": "Kaya herbals",
					"street": "First Floor, 12th Cross, 4th Phase, Peenia Industrial Area",
					"locality": null,
					"ward": null,
					"city": "Bengaluru",
					"state": "Karnataka",
					"country": "IND",
					"areaCode": "560058",
					"area_code": "560058"
				},
				"phone": "9840857465",
				"name": "Arunraj",
				"email": "arunraj@nstore.in",
				"created_at": "2022-08-24T09:23:29.701Z",
				"updated_at": "2022-08-24T09:23:29.701Z"
			},
			"fulfillments": [{
				"id": "20354",
				"type": "Delivery",
				"provider_id": "20354",
				"end": {
					"location": {
						"gps": "13.032975, 77.5203490000001",
						"address": {
							"door": "Kaya herbals",
							"name": "Arunraj",
							"building": "Kaya herbals",
							"street": "First Floor, 12th Cross, 4th Phase, Peenia Industrial Area",
							"locality": null,
							"ward": null,
							"city": "Bengaluru",
							"state": "Karnataka",
							"country": "IND",
							"areaCode": "560058",
							"area_code": "560058"
						}
					},
					"contact": {
						"email": "arunraj@nstore.in",
						"phone": "9840857465"
					}
				},
				"tracking": false
			}],
			"quote": {
				"price": {
					"currency": "INR",
					"value": "150.00"
				},
				"breakup": [{
					"@ondc/org/item_id": "102",
					"@ondc/org/item_quantity": {
						"count": 1
					},
					"title": "Udhaiyam Moong Dhal 1Kg",
					"@ondc/org/title_type": "item",
					"price": {
						"currency": "INR",
						"value": "142.50"
					}
				}, {
					"title": "Tax",
					"@ondc/org/title_type": "tax",
					"price": {
						"currency": "INR",
						"value": "7.50"
					}
				}]
			},
			"payment": {
				"type": "POST-FULFILLMENT",
				"collected_by": "BPP",
				"@ondc/org/buyer_app_finder_fee_type": "Percent",
				"@ondc/org/buyer_app_finder_fee_amount": 3,
				"@ondc/org/ondc-withholding_amount": 0,
				"@ondc/org/ondc-return_window": 0,
				"@ondc/org/ondc-settlement_basis": "Collection",
				"@ondc/org/ondc-settlement_window": "PT2D",
				"@ondc/org/settlement_details": [{
					"settlement_counterparty": "seller-app",
					"settlement_phase": "sale-amount",
					"settlement_type": "upi",
					"upi_address": "nstpl@icici",
					"settlement_bank_account_no": "",
					"settlement_ifsc_code": "",
					"beneficiary_name": "",
					"bank_name": "",
					"branch_name": ""
				}]
			}
		}
	}
}


OnConfirm
----------
{
	"context": {
		"domain": "nic2004:52110",
		"country": "IND",
		"city": "std:080",
		"action": "on_confirm",
		"core_version": "1.0.0",
		"bap_id": "buyer-app-preprod.ondc.org",
		"bap_uri": "https://buyer-app-preprod.ondc.org/protocol/v1",
		"transaction_id": "76422abf-0667-4f23-ac22-e1ce3651f73b",
		"message_id": "beccc9e8-286f-457f-aaec-4d0a965c2c1e",
		"timestamp": "2022-08-24T09:23:58.502Z",
		"bpp_id": "b-ondc-seller-bpp.nlincs.in",
		"bpp_uri": "https://b-ondc-seller-bpp.nlincs.in/bpp",
		"ttl": "P1D"
	},
	"message": {
		"order": {
			"id": "1d1b2ce2-3c3b-49ca-a333-ff7dee9890a5",
			"state": "Created",
			"provider": {
				"id": "20354",
				"locations": [{
					"id": "20354"
				}]
			},
			"items": [{
				"id": "102",
				"quantity": {
					"count": 1
				}
			}],
			"billing": {
				"address": {
					"door": "Kaya herbals",
					"name": "Arunraj",
					"building": "Kaya herbals",
					"street": "First Floor, 12th Cross, 4th Phase, Peenia Industrial Area",
					"locality": null,
					"ward": null,
					"city": "Bengaluru",
					"state": "Karnataka",
					"country": "IND",
					"area_code": "560058"
				},
				"phone": "9840857465",
				"name": "Arunraj",
				"email": "arunraj@nstore.in",
				"created_at": "2022-08-24T09:23:58.502Z",
				"updated_at": "2022-08-24T09:23:58.502Z"
			},
			"fulfillments": [{
				"id": "20354",
				"type": "Delivery",
				"provider_id": "20354",
				"tracking": false,
				"state": {
					"descriptor": {
						"name": "Order Created",
						"code": "order-created"
					}
				},
				"start": {
					"location": {
						"id": "20354",
						"descriptor": {
							"name": "Balaji Bengaluru Departmental store"
						},
						"gps": "13.0275981,77.5068662"
					},
					"time": {
						"range": {
							"start": "2022-08-24T09:23:58.502Z",
							"end": "2022-08-25T09:23:58.502Z"
						}
					},
					"instructions": {
						"name": "",
						"short_desc": ""
					},
					"contact": {
						"phone": "6380531214",
						"email": ""
					}
				},
				"end": {
					"location": {
						"gps": "13.032975, 77.5203490000001",
						"address": {
							"door": "Kaya herbals",
							"name": "Arunraj",
							"building": "Kaya herbals",
							"street": "First Floor, 12th Cross, 4th Phase, Peenia Industrial Area",
							"locality": null,
							"ward": null,
							"city": "Bengaluru",
							"state": "Karnataka",
							"country": "IND",
							"area_code": "560058"
						}
					},
					"contact": {
						"email": "arunraj@nstore.in",
						"phone": "9840857465"
					}
				}
			}],
			"quote": {
				"price": {
					"currency": "INR",
					"value": "150.00"
				},
				"breakup": [{
					"@ondc/org/item_id": "102",
					"@ondc/org/item_quantity": {
						"count": 1
					},
					"title": "Udhaiyam Moong Dhal 1Kg",
					"@ondc/org/title_type": "item",
					"price": {
						"currency": "INR",
						"value": "142.50"
					}
				}, {
					"title": "Tax",
					"@ondc/org/title_type": "tax",
					"price": {
						"currency": "INR",
						"value": "7.50"
					}
				}]
			},
			"payment": {
				"params": {
					"amount": "150",
					"currency": "INR"
				},
				"status": "NOT-PAID",
				"type": "POST-FULFILLMENT",
				"collected_by": "BPP",
				"@ondc/org/settlement_details": [{
					"settlement_counterparty": "seller-app",
					"settlement_phase": "sale-amount",
					"settlement_type": "upi",
					"upi_address": "nstpl@icici",
					"settlement_bank_account_no": "",
					"settlement_ifsc_code": "",
					"beneficiary_name": "",
					"bank_name": "",
					"branch_name": ""
				}]
			},
			"created_at": "2022-08-24T09:23:58.502Z",
			"updated_at": "2022-08-24T09:23:58.502Z"
		}
	}
}


OnStatus
--------
{
	"context": {
		"domain": "nic2004:52110",
		"country": "IND",
		"city": "std:080",
		"action": "on_status",
		"core_version": "1.0.0",
		"bap_id": "buyer-app-preprod.ondc.org",
		"bap_uri": "https://buyer-app-preprod.ondc.org/protocol/v1",
		"transaction_id": "76422abf-0667-4f23-ac22-e1ce3651f73b",
		"message_id": "6d8708c1-c980-4a28-80fd-db51547ca505",
		"timestamp": "2022-08-24T09:24:21.624Z",
		"bpp_id": "b-ondc-seller-bpp.nlincs.in",
		"bpp_uri": "https://b-ondc-seller-bpp.nlincs.in/bpp",
		"ttl": "P1D"
	},
	"message": {
		"order": {
			"id": "1d1b2ce2-3c3b-49ca-a333-ff7dee9890a5",
			"state": "Created",
			"provider": {
				"id": "20354",
				"locations": [{
					"id": "20354"
				}]
			},
			"items": [{
				"id": "102",
				"quantity": {
					"count": 1
				}
			}],
			"billing": {
				"gps": "",
				"address": {
					"name": "Kaya herbals Arunraj",
					"locality": "",
					"city": "Bengaluru",
					"state": "Karnataka",
					"area_code": "560058"
				},
				"name": "Arunraj",
				"phone": "9840857465",
				"email": "arunraj@nstore.in",
				"created_at": "2022-08-24T03:53:57.000Z",
				"updated_at": "2022-08-24T03:53:58.000Z"
			},
			"fulfillments": [{
				"id": "20354",
				"type": "Delivery",
				"tracking": false,
				"state": {
					"descriptor": {
						"name": "Order Created",
						"code": "Order-Created"
					}
				},
				"start": {
					"location": {
						"descriptor": {
							"name": "Balaji Bengaluru Departmental store",
							"images": [],
							"gps": ""
						},
						"contact": {
							"phone": "6380531214",
							"email": "testing@nstore.in"
						}
					}
				},
				"end": {
					"location": {
						"address": {
							"name": "Kaya herbals Arunraj",
							"locality": "",
							"city": "Bengaluru",
							"state": "Karnataka",
							"area_code": "560058"
						},
						"contact": {
							"phone": "9840857465"
						}
					}
				}
			}],
			"quote": {
				"price": {
					"currency": "INR",
					"value": "150.00"
				},
				"breakup": [{
					"@ondc/org/item_id": "102",
					"@ondc/org/item_quantity": {
						"count": 1
					},
					"@ondc/org/title_type": "item",
					"price": {
						"currency": "INR",
						"value": "142.86"
					}
				}, {
					"title": "Tax",
					"@ondc/org/title_type": "tax",
					"price": {
						"currency": "INR",
						"value": "7.14"
					}
				}]
			},
			"payment": {
				"uri": "",
				"tl_method": "http/get",
				"params": {
					"currency": "INR",
					"transaction_id": "",
					"transaction_status": "",
					"amount": "150.00"
				},
				"status": "NOT-PAID",
				"type": "ON-FULFILLMENT",
				"collected_by": "BPP",
				"@ondc/org/settlement_details": [{
					"settlement_counterparty": "seller-app",
					"settlement_phase": "sale-amount",
					"settlement_type": "upi",
					"upi_address": "nstpl@icici",
					"settlement_bank_account_no": "",
					"settlement_ifsc_code": "",
					"beneficiary_name": "",
					"bank_name": "",
					"branch_name": ""
				}]
			},
			"created_at": "",
			"updated_at": "2022-08-24T03:53:58.000Z"
		}
	}
}


OnTrack
--------
{
	"context": {
		"domain": "nic2004:52110",
		"country": "IND",
		"city": "std:080",
		"action": "on_track",
		"core_version": "1.0.0",
		"bap_id": "buyer-app-preprod.ondc.org",
		"bap_uri": "https://buyer-app-preprod.ondc.org/protocol/v1",
		"transaction_id": "76422abf-0667-4f23-ac22-e1ce3651f73b",
		"message_id": "3f2ec942-ecb2-4021-b234-84a42bef1a79",
		"timestamp": "2022-08-24T09:24:41.739Z",
		"bpp_id": "b-ondc-seller-bpp.nlincs.in",
		"bpp_uri": "https://b-ondc-seller-bpp.nlincs.in/bpp",
		"ttl": "P1D"
	},
	"message": {
		"tracking": {
			"url": "",
			"status": "inactive"
		}
	}
}


OnSupport
----------
{
	"context": {
		"domain": "nic2004:52110",
		"country": "IND",
		"city": "std:080",
		"action": "on_support",
		"core_version": "1.0.0",
		"bap_id": "buyer-app-preprod.ondc.org",
		"bap_uri": "https://buyer-app-preprod.ondc.org/protocol/v1",
		"transaction_id": "76422abf-0667-4f23-ac22-e1ce3651f73b",
		"message_id": "b7aeb8bf-eac1-49ae-865a-0164b7507d06",
		"timestamp": "2022-08-24T09:25:14.404Z",
		"bpp_id": "b-ondc-seller-bpp.nlincs.in",
		"bpp_uri": "https://b-ondc-seller-bpp.nlincs.in/bpp",
		"ttl": "P1D"
	},
	"message": {
		"phone": "6380531214",
		"email": "testing@nstore.in",
		"uri": ""
	}
}


OnCancel
---------
{
	"context": {
		"domain": "nic2004:52110",
		"country": "IND",
		"city": "std:080",
		"action": "on_cancel",
		"core_version": "1.0.0",
		"bap_id": "buyer-app-preprod.ondc.org",
		"bap_uri": "https://buyer-app-preprod.ondc.org/protocol/v1",
		"transaction_id": "76422abf-0667-4f23-ac22-e1ce3651f73b",
		"message_id": "e42e9a70-29be-4077-b741-20ab394cfe10",
		"timestamp": "2022-08-24T09:42:33.768Z",
		"bpp_id": "b-ondc-seller-bpp.nlincs.in",
		"bpp_uri": "https://b-ondc-seller-bpp.nlincs.in/bpp",
		"ttl": "P1D"
	},
	"message": {
		"order": {
			"id": "1d1b2ce2-3c3b-49ca-a333-ff7dee9890a5",
			"state": "Cancelled",
			"tags": {
				"cancelled_by": "Buyer App",
				"cancellation_reason_id": "000001"
			}
		}
	}
}


