Request
{
  "context": {
    "transaction_id": "83bc883d-6a89-47f5-833a-3965948f0923",
    "country": "IND",
    "city": "std:080",
    "domain": "nic2004:60232",
    "action": "cancel",
    "message_id": "16469c18-b0ca-4a56-b780-270075966c62",
    "core_version": "1.0.0",
    "ttl": "PT1D",
    "bap_uri": "https://stagingapigateway.bizom.in/ondc",
    "bap_id": "stagingapigateway.bizom.in/ondc",
    "timestamp": "2022-08-18T06:07:30.975Z"
  },
  "message": {
    "cancellation_reason_id": "001",
    "order_id": "uNYoVxOWrBHbc/xRYhPHj3ATGpw7ivmY9I0ANF2K8Kg="
  }
}
 
Response:
{
  "context": {
    "domain": "nic2004:60232",
    "country": "IND",
    "city": "std:080",
    "action": "on_cancel",
    "core_version": "1.0.0",
    "bap_id": "stagingapigateway.bizom.in/ondc",
    "bap_uri": "https://stagingapigateway.bizom.in/ondc",
    "bpp_id": "ondc-preprod.api.flipkart.com",
    "bpp_uri": "https://ondc-preprod.api.flipkart.com/",
    "transaction_id": "83bc883d-6a89-47f5-833a-3965948f0923",
    "message_id": "16469c18-b0ca-4a56-b780-270075966c62",
    "timestamp": "2022-08-18T06:07:31.443758Z",
    "ttl": "PT1D"
  },
  "message": {
    "order": {
      "id": "uNYoVxOWrBHbc/xRYhPHj3ATGpw7ivmY9I0ANF2K8Kg=",
      "state": "Cancelled",
      "provider": {
        "id": "flipkart.test",
        "locations": [
          {
            "id": "flipkart.test"
          }
        ]
      },
      "items": [
        {
          "id": "ECONOMY"
        }
      ],
      "billing": {
        "tax_number": "29AAACU1901DUMMY"
      },
      "fulfillments": [
        {
          "id": "98954bf8-6520-470c-a754-cb5cf030900b",
          "tracking": true,
          "tags": {
            "@ondc/org/order_ready_to_ship": "Yes"
          },
          "type": "Prepaid",
          "start": {
            "location": {
              "id": "3",
              "gps": "12.9369208,77.6249452",
              "address": {
                "door": "509",
                "name": "NSTL Chilis",
                "street": "6th Cross Road",
                "locality": "kormangala",
                "city": "Bengaluru",
                "state": "Karnataka",
                "area_code": "560038"
              }
            },
            "contact": {
              "phone": "8888888888",
              "email": "dumy@gmail.com"
            },
            "person": {
              "name": "Ram"
            }
          },
          "end": {
            "location": {
              "gps": "12.981401,77.640981",
              "address": {
                "door": "city",
                "building": "city",
                "street": "city",
                "city": "city",
                "state": "city",
                "area_code": "560038"
              }
            },
            "contact": {
              "phone": "9234567898",
              "email": "dummy@gmail.com"
            },
            "person": {
              "name": "Samarth"
            }
          }
        }
      ],
      "quote": {
        "price": {
          "currency": "INR",
          "value": "24.0"
        },
        "breakup": [
          {
            "price": {
              "currency": "INR",
              "value": "24.0"
            }
          },
          {
            "title": "RTO charges",
            "price": {
              "currency": "",
              "value": ""
            }
          }
        ]
      },
      "payment": {
        "type": "POST-FULFILLMENT"
      },
      "@ondc/org/created_by": "buyer-app",
      "@ondc/org/cancellation": {
        "type": "full",
        "cancelled_by": "seller-app",
        "reasons": {
          "id": "001"
        }
      },
      "@ondc/org/linked_order": {
        "items": [
          {
            "category_id": "Grocery",
            "quantity": {
              "count": "1",
              "measure": {
                "value": "0.48000002",
                "unit": "Kilogram"
              }
            },
            "price": {
              "currency": "INR",
              "value": "215"
            }
          }
        ],
        "provider": {
          "address": {
            "door": "509",
            "name": "NSTL Chilis",
            "street": "6th Cross Road",
            "locality": "kormangala",
            "city": "Bengaluru",
            "state": "Karnataka",
            "area_code": "560038"
          }
        },
        "order": {
          "id": "a48d32dc-d90f-4f1c-a808-0ceb87555dd6",
          "weight": {
            "value": 0.48000001907348633,
            "unit": "Kilogram"
          }
        }
      }
    }
  },
  "error": null
}

