Request:
--------
{
  "context": {
    "transaction_id": "941746f5-164d-492b-989e-276ea8f826bc",
    "country": "IND",
    "bpp_id": "ondc-preprod.api.flipkart.com",
    "city": "std:080",
    "domain": "nic2004:60232",
    "bpp_uri": "https://ondc-preprod.api.flipkart.com/",
    "action": "confirm",
    "message_id": "ce404f9a-b429-420e-979f-63eb1f045d6f",
    "core_version": "1.0.6",
    "bap_uri": "https://stagingapigateway.bizom.in/ondc",
    "bap_id": "stagingapigateway.bizom.in/ondc",
    "timestamp": "2022-08-08T06:31:09.111Z"
  },
  "message": {
    "order": {
      "fulfillments": [
        {
          "start": {
            "contact": {
              "phone": "7984769714",
              "email": "dumy@gmail.com"
            },
            "location": {
              "address": {
                "door": "509, 6th Cross Road, 6th block, Koramangala",
                "city": "Bengaluru",
                "street": "",
                "area_code": "560038",
                "name": "NSTL Chilis",
                "locality": "",
                "state": "Karnataka"
              },
              "gps": "12.9369208,77.6249452"
            }
          },
          "end": {
            "contact": {
              "phone": "7745049011",
              "email": "dummy@gmail.com"
            },
            "location": {
              "address": {
                "door": "ffhjv",
                "city": "ffhjv",
                "street": "ffhjv",
                "area_code": "400034",
                "state": "ffhjv",
                "building": "ffhjv"
              },
              "gps": "12.4535445,77.9283792"
            }
          },
          "id": "fulfillment-1",
          "type": "Prepaid",
          "tracking": false
        }
      ],
      "provider": {
        "id": "flipkart.test"
      },
      "payment": {
        "@ondc/org/collection_amount": "3000"
      },
      "@ondc/org/linked_order": {
        "provider": {
          "address": {
            "door": "509, 6th Cross Road, 6th block, Koramangala",
            "city": "Bengaluru",
            "street": "",
            "area_code": "560038",
            "name": "NSTL Chilis",
            "locality": "",
            "state": "Karnataka"
          },
          "descriptor": {
            "name": "Pooja store"
          }
        },
        "items": [
          {
            "quantity": {
              "measure": {
                "unit": "Kilogram",
                "value": 1
              },
              "count": 1
            },
            "id": "115"
          }
        ],
        "order": {
          "weight": {
            "unit": "Kilogram",
            "value": "1.0"
          },
          "id": 518
        }
      },
      "id": "2FgJXct5SN50luPIOAWMAzELdfIRTjRs+Zqrg6ct82s=",
      "items": [
        {
          "id": "ECONOMY"
        }
      ],
      "billing": {
        "tax_number": "29AAACU1901DUMMY"
      }
    }
  }
}


Response:
---------
{
  "context": {
    "domain": "nic2004:60232",
    "country": "IND",
    "city": "std:080",
    "action": "on_confirm",
    "core_version": "1.0.6",
    "bap_id": "stagingapigateway.bizom.in/ondc",
    "bap_uri": "https://stagingapigateway.bizom.in/ondc",
    "bpp_id": "ondc-preprod.api.flipkart.com",
    "bpp_uri": "https://ondc-preprod.api.flipkart.com/",
    "transaction_id": "941746f5-164d-492b-989e-276ea8f826bc",
    "message_id": "ce404f9a-b429-420e-979f-63eb1f045d6f",
    "timestamp": "2022-08-08T06:31:09.111Z"
  },
  "message": {
    "order": {
      "id": "2FgJXct5SN50luPIOAWMAzELdfIRTjRs+Zqrg6ct82s=",
      "provider": {
        "id": "flipkart.test"
      },
      "items": [
        {
          "id": "ECONOMY"
        }
      ],
      "fulfillments": [
        {
          "type": "Prepaid",	
          "start": {
            "time": {
              "range": {
                "start": "2022-08-08T06:32:10.958839Z",
                "end": "2022-08-09T06:32:10.958858Z"
              }
            }
          },
          "end": {
            "time": {
              "range": {
                "start": "2022-08-09T06:32:10.958871Z",
                "end": "2022-08-11T06:32:10.958876Z"
              }
            }
          }
        }
      ]
    }
  }
}