Request
{
  "context": {
    "transaction_id": "83bc883d-6a89-47f5-833a-3965948f0923",
    "country": "IND",
    "city": "std:080",
    "message_id": "0c369a26-dd40-4fc5-bc9a-33fe95d85d84",
    "ttl": "PT1D",
    "core_version": "1.0.0",
    "bap_id": "stagingapigateway.bizom.in/ondc",
    "domain": "nic2004:60232",
    "action": "init",
    "bap_uri": "https://stagingapigateway.bizom.in/ondc",
    "timestamp": "2022-08-18T06:05:08.049Z"
  },
  "message": {
    "order": {
      "fulfillments": [
        {
          "start": {
            "person": {
              "name": "Ram"
            },
            "contact": {
              "phone": "8888888888",
              "email": "dumy@gmail.com"
            },
            "location": {
              "address": {
                "door": "509",
                "city": "Bengaluru",
                "street": "6th Cross Road",
                "area_code": "560038",
                "name": "NSTL Chilis",
                "locality": "kormangala",
                "state": "Karnataka"
              },
              "id": "3",
              "gps": "12.9369208,77.6249452"
            }
          },
          "end": {
            "contact": {
              "phone": "9234567898",
              "email": "samarth@gmail.com"
            },
            "location": {
              "address": {
                "door": "city",
                "country": "IND",
                "city": "Bhavnagar",
                "street": "Bhavnagar",
                "area_code": "560038",
                "name": "Samarth",
                "locality": null,
                "ward": null,
                "state": "Gujarat",
                "building": "city"
              },
              "gps": "12.9814010000001, 77.6409810000001"
            }
          },
          "id": "83bc883d-6a89-47f5-833a-3965948f0923",
          "type": "Prepaid",
          "tracking": true
        }
      ],
      "provider": {
        "id": "flipkart.test"
      },
      "items": [
        {
          "category_id": "Standard Delivery",
          "id": "ECONOMY"
        }
      ],
      "billing": {
        "address": {
          "door": "city",
          "country": "IND",
          "city": "Bhavnagar",
          "street": "Bhavnagar",
          "area_code": "560038",
          "name": "Samarth",
          "locality": null,
          "ward": null,
          "state": "Gujarat",
          "building": "city"
        },
        "phone": "9234567898",
        "name": "Samarth",
        "email": "samarth@gmail.com"
      }
    }
  }
}



Response:
{
  "context": {
    "domain": "nic2004:60232",
    "country": "IND",
    "city": "std:080",
    "action": "on_init",
    "core_version": "1.0.0",
    "bap_id": "stagingapigateway.bizom.in/ondc",
    "bap_uri": "https://stagingapigateway.bizom.in/ondc",
    "bpp_id": "ondc-preprod.api.flipkart.com",
    "bpp_uri": "https://ondc-preprod.api.flipkart.com/",
    "transaction_id": "83bc883d-6a89-47f5-833a-3965948f0923",
    "message_id": "0c369a26-dd40-4fc5-bc9a-33fe95d85d84",
    "timestamp": "2022-08-18T06:05:08.171717Z",
    "ttl": "PT1D"
  },
  "message": {
    "order": {
      "cod": true,
      "provider": {
        "id": "flipkart.test"
      },
      "items": [
        {
          "id": "ECONOMY"
        }
      ],
      "quote": {
        "price": {
          "currency": "INR",
          "value": "24.0"
        },
        "breakup": [
          {
            "@ondc/org/item_id": "ECONOMY",
            "@ondc/org/title_type": "DELIVERY_CHARGE",
            "price": {
              "currency": "INR",
              "value": "24.0"
            }
          },
          {
            "@ondc/org/title_type": "RTO_CHARGE",
            "title": "RTO charges",
            "price": {
              "currency": "",
              "value": ""
            }
          }
        ]
      }
    }
  }
}


