Request:
--------
{
  "context": {
    "domain": "nic2004:60232",
    "country": "IND",
    "city": "std:080",
    "action": "search",
    "core_version": "1.0.0",
    "bap_id": "biz.test.enstore.com",
    "bap_uri": "https://biz.test.enstore.com/ecc/ondc/logistics-bap",
    "transaction_id": "IBENDAR99-1000-265586-1002-8343-SHYOMA99",
    "message_id": "9dff706d-506f-4bb9-9dfa-1ac484f20dff",
    "timestamp": "2022-08-08T06:31:52Z",
    "key": "",
    "ttl": "PT10S"
  },
  "message": {
    "intent": {
      "category": {
        "id": "Same Day Delivery"
      },
      "payment": {
        "@ondc/org/collection_amount": "1000.0"
      },
      "@ondc/org/payload_details": {
        "weight": {
          "unit": "Kilogram",
          "value": "1"
        },
        "dimensions": {
          "length": {
            "unit": "meter",
            "value": "1"
          },
          "breadth": {
            "unit": "meter",
            "value": "1"
          },
          "height": {
            "unit": "meter",
            "value": "1"
          }
        },
        "category": "Apple Kashmir 1.5 KG",
        "value": {
          "currency": "INR",
          "value": "1000.0"
        }
      },
      "fulfillment": {
        "type": "CoD",
        "contact": {
          "email": "dash@innobits.com",
          "phone": "8151000066"
        },
        "start": {
          "location": {
            "gps": "12.935443559533057, 77.61504255747265",
            "address": {
              "name": "BANASWADI",
              "city": "Bangalore",
              "state": " Karnataka",
              "country": "India",
              "building": "Near Police Commisioner Office",
              "locality": "Near Police Commisioner Office",
              "area_code": "560043"
            }
          },
          "contact": {
            "phone": "8151000066",
            "email": "dgowda604@gmail.com"
          }
        },
        "end": {
          "location": {
            "gps": "12.935664708983653, 77.61420694109857",
            "address": {
              "door": "plan b, Ground Floor 1st Main Road 23",
              "name": "Darshan Sada",
              "locality": "plan b",
              "city": "bangalore",
              "state": "Karnataka",
              "country": "IND",
              "area_code": "560034"
            }
          },
          "contact": {
            "phone": "9353423320",
            "email": "darshangowda604@gmail.com"
          }
        }
      }
    }
  }
}


Response:
---------
{
  "context": {
    "domain": "nic2004:60232",
    "country": "IND",
    "city": "std:080",
    "action": "on_search",
    "core_version": "1.0.6",
    "bap_id": "stagingapigateway.bizom.in/ondc",
    "bap_uri": "https://stagingapigateway.bizom.in/ondc",
    "bpp_id": "ondc-preprod.api.flipkart.com",
    "bpp_uri": "https://ondc-preprod.api.flipkart.com/",
    "transaction_id": "941746f5-164d-492b-989e-276ea8f826bc",
    "message_id": "3bad78df-3fc8-4805-b8e8-fdcd74159436",
    "timestamp": "2022-08-08T06:31:09.111Z"
  },
  "message": {
    "Catalog": {
      "bpp/descriptor": {
        "name": "FK Ekart",
        "short_desc": "FK Ekart",
        "long_desc": "FK Ekart"
      },
      "bpp/providers": [
        {
          "id": "flipkart.test",
          "descriptor": {
            "name": "FK Ekart",
            "short_desc": "FK Ekart",
            "long_desc": "FK Ekart"
          },
          "categories": [
            {
              "time": {
                "duration": "PT1200M"
              },
              "id": "Standard Delivery"
            }
          ],
          "items": [
            {
              "id": "ECONOMY",
              "descriptor": {
                "name": "ECONOMY",
                "short_desc": "Upto 5 working days for Delivery",
                "long_desc": "Upto 5 working days for Delivery"
              },
              "price": {
                "currency": "INR",
                "value": "24.0"
              },
              "matched": false,
              "related": false,
              "recommended": false,
              "category_id": "Standard Delivery"
            },
            {
              "id": "REGULAR",
              "descriptor": {
                "name": "REGULAR",
                "short_desc": "Upto 3 days working for Delivery",
                "long_desc": "Upto 3 days working for Delivery"
              },
              "price": {
                "currency": "INR",
                "value": "24.0"
              },
              "matched": false,
              "related": false,
              "recommended": false,
              "category_id": "Standard Delivery"
            }
          ]
        }
      ]
    }
  }
}
