Request
----------------------------------
{
    "context": {
        "transaction_id": "529ee3d7-7a7f-4ae6-ac4f-039330d8f3c3",
        "country": "IND",
        "city": "std:080",
        "message_id": "ccb2aa60-14af-412c-bebe-677d5e7a1aba",
        "core_version": "1.0.6",
        "bap_id": "stagingapigateway.bizom.in/ondc",
        "domain": "nic2004:60232",
        "action": "status",
        "bap_uri": "https://stagingapigateway.bizom.in/ondc",
        "key": "MCowBQYDK2VuAyEAZEI6HvCthb67jqZsOZkhnmoacUlV2ZNmsr45Rgm6PwA=",
        "timestamp": "2022-08-12T13:29:03.066Z"
    },
    "message": {
        "order_id": "Td6bmth7sex36vP6g/3QXRpNkhkvUau1Usqd6nxYvZs="
    }
}

Reponse
--------------------------------------

{
  "context": {
    "domain": "nic2004:60232",
    "country": "IND",
    "city": "std:080",
    "action": "status",
    "core_version": "1.0.6",
    "bap_id": "stagingapigateway.bizom.in/ondc",
    "bap_uri": "https://stagingapigateway.bizom.in/ondc",
    "transaction_id": "529ee3d7-7a7f-4ae6-ac4f-039330d8f3c3",
    "message_id": "ccb2aa60-14af-412c-bebe-677d5e7a1aba",
    "timestamp": "2022-08-12T13:29:03.066Z",
    "key": "MCowBQYDK2VuAyEAZEI6HvCthb67jqZsOZkhnmoacUlV2ZNmsr45Rgm6PwA="
  },
  "message": {
    "order": {
      "id": "Td6bmth7sex36vP6g/3QXRpNkhkvUau1Usqd6nxYvZs=",
      "state": "Created",
      "provider": {
        "id": "103",
        "locations": [
          {
            "id": "SR-Location"
          }
        ]
      },
      "items": [
        {
          "id": "103",
          "category_id": "Standard Delivery"
        }
      ],
      "billing": {
        "tax_number": "29AAACU1901H1ZK"
      },
      "fulfillments": [
        {
          "id": "a9c27413-8181-4681-a2d2-cf8a5cd4eff8",
          "tracking": false,
          "contact": {
            "phone": "8151000066",
            "email": "dash@innobits.com"
          },
          "type": "CoD",
          "@ondc/org/awb_no": "1227262193237777",
          "start": {
            "location": {
              "gps": "12.935443559533057, 77.61504255747265",
              "address": {
                "name": "BANASWADI",
                "building": "Near Police Commisioner Office",
                "locality": "Near Police Commisioner Office",
                "city": "Bangalore",
                "state": " Karnataka",
                "country": "India",
                "area_code": "560043"
              }
            },
            "instructions": {
              "images": [
                "URL or data string as per spec"
              ],
              "short_desc": "Near Police Commisioner Office",
              "long_desc": "Near Police Commisioner Office"
            },
            "contact": {
              "phone": "8151000066",
              "email": "dgowda604@gmail.com"
            },
            "person": {
              "name": "dgowda604@gmail.com"
            }
          },
          "end": {
            "location": {
              "gps": "12.935664708983653, 77.61420694109857",
              "address": {
                "door": "plan b, Ground Floor 1st Main Road 23",
                "name": "Darshan Sada",
                "locality": "plan b",
                "city": "bangalore",
                "state": "Karnataka",
                "country": "IND",
                "area_code": "560034"
              }
            },
            "instructions": {
              "short_desc": "plan b",
              "long_desc": "plan b"
            },
            "contact": {
              "phone": "9353423320",
              "email": "darshangowda604@gmail.com"
            },
            "person": {
              "name": "Darshan Sada"
            }
          }
        }
      ],
      "quote": {
        "price": {
          "currency": "INR",
          "value": "34"
        },
        "breakup": [
          {
            "price": {
              "currency": "INR",
              "value": "34"
            },
            "at_ondcorgitem_id": "",
            "at_ondcorgtitle_type": "DELIVERY_CHARGE"
          },
          {
            "title": "RTO charges",
            "price": {
              "currency": "",
              "value": ""
            },
            "at_ondcorgtitle_type": "RTO_CHARGE"
          }
        ]
      },
      "payment": {
        "type": "POST-FULFILLMENT"
      },
      "@ondc/org/linked_order": {
        "items": [
          {
            "category_id": "Grocery",
            "quantity": {
              "count": "1",
              "measure": {
                "value": "0.5",
                "unit": "Kilogram"
              }
            },
            "price": {
              "currency": "INR",
              "value": "1000.0"
            }
          }
        ],
        "provider": {
          "address": {
            "name": "BANASWADI",
            "street": "BBMP North, No-2, Outer Ring Road, Ramamurthi Nagar Main Rd",
            "locality": "Banaswadi, Bengaluru, Karnataka 560043",
            "city": "Bangalore",
            "state": "Karnataka",
            "area_code": "560043"
          }
        },
        "order": {
          "id": "a9c27413-8181-4681-a2d2-cf8a5cd4eff8",
          "weight": {
            "value": 0.5,
            "unit": "Kilogram"
          }
        }
      }
    }
  },
  "error": null
}
