Request
---------------------------------------
{
    "context": {
        "transaction_id": "529ee3d7-7a7f-4ae6-ac4f-039330d8f3c3",
        "country": "IND",
        "city": "std:080",
        "message_id": "0bc96264-8050-4ee9-9c1a-d2d1594f32e2",
        "core_version": "1.0.6",
        "bap_id": "stagingapigateway.bizom.in/ondc",
        "domain": "nic2004:60232",
        "action": "track",
        "bap_uri": "https://stagingapigateway.bizom.in/ondc",
        "key": "MCowBQYDK2VuAyEAZEI6HvCthb67jqZsOZkhnmoacUlV2ZNmsr45Rgm6PwA=",
        "timestamp": "2022-08-12T13:23:44.298Z"
    },
    "message": {
        "order_id": "Td6bmth7sex36vP6g/3QXRpNkhkvUau1Usqd6nxYvZs="
    }
}
