Request
{
  "context":
  {
    "domain": "nic2004:60232",
    "country": "IND",
    "city": "std:080",
    "action": "update",
    "core_version": "1.0.0",
     "bap_uri": "https://stagingapigateway.bizom.in/ondc",
     "bap_id": "stagingapigateway.bizom.in/ondc",
     "transaction_id": "83bc883d-6a89-47f5-833a-3965948f0923",
    "message_id": "1652092268191",
    "timestamp": "2022-08-23T16:05:35.373Z",
    "ttl": "PT20S"
  },
  "message":
  {
    "update_target": "fulfillment",
    "order":
    {
      "id": "36yOWvqOlW4apecguNhgPFxmVxl+d+R+eIUryrAo6+U=",
      “state”: “Created”,
      "fulfillments":
      [
        {
          “id”: “83bc883d-6a89-47f5-833a-3965948f0923”,
          "type": "Prepaid",
          "tags":
          {
            "@ondc/org/order_ready_to_ship": "yes"
          }
        }
      ]
    }
  }
}

Response
{
  "context":
  {
    "domain": "nic2004:60232",
    "country": "IND",
    "city": "std:080",
    "action": "on_update",
    "core_version": "1.0.0",
     "bap_uri": "https://stagingapigateway.bizom.in/ondc",
     "bap_id": "stagingapigateway.bizom.in/ondc",
     "bpp_id": "ondc-preprod.api.flipkart.com",
     "bpp_uri": "https://ondc-preprod.api.flipkart.com/",
     "transaction_id": "83bc883d-6a89-47f5-833a-3965948f0923",
    "message_id": "1652092268191",
    "timestamp": "2022-08-23T16:05:55.233Z",
    "ttl": "PT20S"
  },
 "message": {
    "order": {
      "id": "36yOWvqOlW4apecguNhgPFxmVxl+d+R+eIUryrAo6+U=",
      "state": "Created",
      "fulfillments": [
        {
          "id": "83bc883d-6a89-47f5-833a-3965948f0923",
          "type": "Prepaid",
          "start": {
            "time": {
              "range": {
                "start": "2022-08-24T16:15:40.45247Z",
                "end": "2022-08-25T16:05:40.45309Z"
              }
            }
          },
          "end": {
            "time": {
              "range": {
                "start": "2022-08-31T16:05:40.45389Z",
                "end": "2022-09-03T16:05:40.45397Z"
              }
            }
          }
        }
      ]
    }
  }
}

